-281102.211 -125778.211
No Collision
-558675.222 -717369.222
-329234.648 -475846.648
No Collision
-53464.506 81367.494
-3869858.931 -3941933.931
34278.404 -19354.596
-634719.834 -709505.834
56865.174 111157.174
14204.018 -169902.982
No Collision
No Collision
No Collision
No Collision
614597.534 647753.534
No Collision
40007.717 134634.717
No Collision
No Collision
No Collision
No Collision
-213568.766 -188584.766
-22381873.395 -22438804.395
-62828.097 -91158.097
-16480.420 50490.580
6618.039 6562.039
52082.036 62096.036
-36947.391 29990.609
No Collision
623066.249 538848.249
-402045.614 -365952.614
-17040.169 -66110.169
764339.084 789156.084
32954.435 -35502.565
No Collision
No Collision
No Collision
No Collision
No Collision
-46523.149 -128941.149
No Collision
-58859.649 56636.351
No Collision
No Collision
163300.497 221076.497
-25320.230 -96894.230
No Collision
No Collision
No Collision
-59761.680 40196.320
-49226.891 -27300.891
No Collision
-336379.181 -449384.181
No Collision
129644.270 73402.270
103419.404 92024.404
-453263.484 -569114.484
-61182.537 -8647.537
No Collision
-42158.909 -75747.909
No Collision
No Collision
No Collision
-46487.022 -2662.022
68792.440 105265.440
14800.339 -9255.661
-10697.643 -115065.643
No Collision
24754.228 -84487.772
310480.904 119183.904
82608.219 61132.219
No Collision
No Collision
No Collision
-41701.266 -82900.266
406962.961 312178.961
No Collision
No Collision
-20277.838 -146875.838
-196060.149 -149626.149
No Collision
No Collision
64697.668 155215.668
4061.317 -11878.683
-151380.161 -200808.161
No Collision
No Collision
No Collision
No Collision
-191539.765 -105219.765
No Collision
No Collision
-62202.603 -22787.603
No Collision
-248855.459 -75441.459
No Collision
133450.282 231839.282
317473.771 130966.771
No Collision
31144.692 117035.692
No Collision
-63256.380 -63904.380
No Collision
No Collision
No Collision
No Collision
No Collision
No Collision
-58553.782 -81153.782
-303206.395 -246444.395
No Collision
-95231.442 -101602.442
No Collision
-195008.821 -340896.821
-18754.749 -14003.749
No Collision
No Collision
No Collision
-158201.420 -56594.420
No Collision
270708.203 139323.203
No Collision
87553.498 -32251.502
-2464.772 -21523.772
No Collision
No Collision
No Collision
74157.466 61169.466
-222467.763 -113646.763
No Collision
77891.195 -4976.805
No Collision
No Collision
24342.244 -20929.756
No Collision
No Collision
412044.576 373608.576
No Collision
No Collision
-72125.129 5401.871
No Collision
3960.656 117496.656
44792.221 15116.221
No Collision
102182.379 80351.379
551826.263 455135.263
-107894.338 -84140.338
-1006107.875 -941057.875
-18450928.775 -18510654.775
No Collision
147728.699 10394.699
No Collision
No Collision
-22961.026 -94175.026
No Collision
No Collision
31781.199 78530.199
No Collision
No Collision
No Collision
No Collision
610.948 148903.948
No Collision
-83647.926 -224190.926
No Collision
-11349.248 -28004.248
No Collision
No Collision
-21984.649 27284.351
58467.632 82303.632
No Collision
-99121.453 44426.547
No Collision
No Collision
No Collision
No Collision
-128656.961 -192472.961
No Collision
-11118.639 2907.361
No Collision
-73220.978 -35156.978
No Collision
-250901.506 -398578.506
No Collision
No Collision
No Collision
55612.059 39424.059
-23593.788 78397.212
No Collision
No Collision
No Collision
-83871.855 -88375.855
No Collision
No Collision
-18565.383 48050.617
1743.852 -76598.148
643762.967 512986.967
No Collision
No Collision
No Collision
-304641.791 -276987.791
-205703.822 -56274.822
No Collision
75174.346 62887.346
144669.439 131885.439
No Collision
87404.260 92685.260
No Collision
-14467.795 -25448.795
-77591.331 96236.669
142010.027 16507.027
1151440.123 1204262.123
98403.492 18623.492
No Collision
No Collision
No Collision
582121.035 773710.035
No Collision
No Collision
-240554.980 -136853.980
-2045.910 -109892.910
No Collision
No Collision
-477627.069 -573544.069
No Collision
61523.077 69796.077
-99228.617 -52280.617
No Collision
No Collision
371684.743 246437.743
No Collision
533067.215 573444.215
86557.271 64589.271
136051.979 7779.979
-585422.666 -662015.666
-38703.062 -80014.062
-69279.111 -23777.111
91429.893 90876.893
11853.924 -27042.076
No Collision
-1150972.999 -1254634.999
-637997.507 -602605.507
No Collision
48143.830 58261.830
129756.954 41883.954
No Collision
No Collision
No Collision
No Collision
-122758.694 -35084.694
No Collision
-50220.769 -53864.769
-540061.865 -502913.865
46837.184 -117647.816
No Collision
84971.485 15067.485
-96449.631 -124357.631
-24573.729 18538.271
-130230.610 -190389.610
No Collision
No Collision
No Collision
No Collision
No Collision
No Collision
-264828.399 -117579.399
No Collision
453175.453 344244.453
No Collision
No Collision
No Collision
No Collision
No Collision
-165956.985 -155239.985
67483.091 79026.091
-185037.640 -7423.640
No Collision
138854.294 133046.294
-19095.591 64999.409
No Collision
-164430.244 -94232.244
142327.895 47284.895
No Collision
-40921.509 -52432.509
No Collision
No Collision
-36532.516 -88390.516
400086.955 379283.955
No Collision
169260.857 286514.857
No Collision
158447.288 111697.288
-4853607.631 -4887347.631
No Collision
-59257.647 -28361.647
-110361.684 -29749.684
-5987.030 -47615.030
-17723.370 -38938.370
No Collision
No Collision
No Collision
No Collision
141329.492 317010.492
No Collision
No Collision
No Collision
-201507.431 -164242.431
No Collision
-29261.879 -2740.879
-719091.381 -565661.381
33014.979 29631.979
No Collision
No Collision
No Collision
No Collision
No Collision
41725.425 28370.425
-51012.728 12447.272
-65807.225 -37881.225
No Collision
273.892 69761.892
No Collision
No Collision
No Collision
19504.683 -74771.317
No Collision
17167.087 1832.087
-62382.950 4407.050
-26719.345 -89814.345
No Collision
No Collision
175456.139 152090.139
-119662.063 10686.937
24501.256 129225.256
-72354.875 -22926.875
No Collision
105730.282 73677.282
-63816.081 -60202.081
298496.699 191252.699
No Collision
46592.651 140380.651
145031.095 186306.095
-77204.195 -54797.195
134400.638 23079.638
No Collision
2909730.977 3005515.977
1278771.897 1188067.897
No Collision
No Collision
532495.940 429216.940
-777055.750 -701948.750
No Collision
-45983.302 -104894.302
-7766.083 31115.917
No Collision
No Collision
No Collision
-3738988.753 -3582926.753
No Collision
44361.464 -5224.536
No Collision
14706.002 -128944.998
No Collision
-30241.156 -21622.156
213998.753 66977.753
No Collision
No Collision
-65068.927 17691.073
No Collision
No Collision
No Collision
51024.981 126166.981
No Collision
No Collision
No Collision
No Collision
151069.086 104795.086
43622.576 3003.576
83831.501 -87434.499
No Collision
No Collision
No Collision
-45927.451 98050.549
No Collision
No Collision
-116618.792 -92796.792
No Collision
No Collision
No Collision
-299823.788 -217342.788
41214.095 13969.095
No Collision
No Collision
No Collision
No Collision
34885.941 -18666.059
378124.000 404623.000
No Collision
-3264352.374 -3380954.374
28988.549 63141.549
123928.760 47459.760
-135386.748 -93140.748
48814.140 59713.140
No Collision
-32849.461 -67750.461
No Collision
No Collision
-266206.896 -390132.896
98933.529 46082.529
No Collision
No Collision
No Collision
-1227508.944 -1056787.944
No Collision
No Collision
No Collision
No Collision
-1114736.812 -963913.812
-69516.062 -23303.062
No Collision
No Collision
No Collision
397430.740 560644.740
No Collision
68035.320 32115.320
11885.968 -3900.032
33556.777 40131.777
-222489.404 -127910.404
-13953.646 -6961.646
No Collision
14694.936 87220.936
229694.645 179707.645
No Collision
No Collision
No Collision
No Collision
No Collision
No Collision
-49470.865 26919.135
222025.226 166996.226
-13839.308 45145.692
No Collision
68720.899 -76487.101
-830725.001 -961803.001
No Collision
38681.615 24797.615
25295.706 -24780.294
No Collision
No Collision
No Collision
-31986.421 75639.579
No Collision
-1959773.220 -1831449.220
No Collision
-39817.716 -95695.716
No Collision
No Collision
100420.292 202882.292
-93642.630 -112313.630
No Collision
-14301.126 -122384.126
No Collision
144904.662 -29625.338
No Collision
280582.585 377579.585
No Collision
-441.686 -44526.686
No Collision
14673.908 -6828.092
111973.695 164484.695
No Collision
No Collision
1977205.047 1857649.047
No Collision
No Collision
No Collision
No Collision
-197567.763 -157444.763
No Collision
No Collision
122747.615 62462.615
No Collision
No Collision
No Collision
19490.621 96647.621
13438.777 10604.777
-224965.422 -94613.422
-65487.587 -75150.587
No Collision
20239.235 69339.235
No Collision
No Collision
-494161.962 -596077.962
No Collision
No Collision
-617465.801 -525407.801
No Collision
91743.225 45060.225
-34522.298 -102964.298
13485.559 -77632.441
635309.053 806164.053
-149126.306 -128288.306
No Collision
4829.313 -39139.687
No Collision
No Collision
8266.742 98349.742
No Collision
No Collision
-158486.485 40357.515
No Collision
779762.436 691480.436
No Collision
-514.973 -94265.973
-48407.028 -100294.028
No Collision
No Collision
No Collision
No Collision
-11745.545 61247.455
-264810.503 -365040.503
49626.689 29431.689
-112304.941 -208321.941
-99520.292 -77152.292
26647.538 -811.462
No Collision
No Collision
No Collision
-237160.367 -259085.367
No Collision
-88235.602 -98127.602
No Collision
-84944.774 -79426.774
-81811.165 34140.835
-21546.069 -14909.069
234037.161 205657.161
No Collision
-333152.364 -227037.364
No Collision
390242.655 368441.655
No Collision
-28939.891 40136.109
No Collision
-274352.944 -181861.944
4703.524 -55535.476
-45409.068 -52753.068
-23201.635 -1296.635
No Collision
No Collision
-44740.725 -24885.725
-79060.280 -159388.280
No Collision
No Collision
-83269.464 -86481.464
No Collision
77426.909 46904.909
1009893.478 960680.478
No Collision
No Collision
548731.880 599611.880
-39175.271 -11267.271
No Collision
43849.420 -39766.580
No Collision
No Collision
No Collision
No Collision
-136764.185 -195760.185
-248919.300 -321427.300
No Collision
-265691.194 -128685.194
65712.163 124061.163
1748003.175 1694877.175
45024.588 90103.588
No Collision
No Collision
No Collision
No Collision
151463.036 84570.036
713.726 85463.726
No Collision
No Collision
-1399434.565 -1296126.565
5925273.269 6023066.269
No Collision
12419.667 83497.667
-695238.822 -539735.822
-188963.534 -63060.534
181607.883 133086.883
-678994.742 -837530.742
-254466.067 -273702.067
No Collision
No Collision
51597.763 17418.763
-76710.448 -78181.448
10786.653 99450.653
37069.798 13715.798
No Collision
No Collision
-32094.486 -61095.486
-484406.731 -441162.731
36255.423 -56656.577
No Collision
62088.378 26008.378
-90084.510 57493.490
No Collision
150922.361 37226.361
-39679.793 45005.207
No Collision
No Collision
-7218.255 23514.745
No Collision
-179623.282 -154384.282
No Collision
No Collision
94239.684 -12617.316
No Collision
No Collision
No Collision
No Collision
No Collision
No Collision
No Collision
-99360.235 -22937.235
No Collision
No Collision
6861.242 111067.242
No Collision
No Collision
-753864.815 -660509.815
96533.089 127053.089
No Collision
No Collision
No Collision
-47466.766 -105227.766
253761.749 306790.749
No Collision
-60681.451 14129.549
No Collision
444252.440 417600.440
No Collision
No Collision
329950.858 197192.858
No Collision
No Collision
534390.058 389094.058
44540.216 -109099.784
141115.117 33403.117
-111015.551 -118919.551
No Collision
-55682.313 -91491.313
No Collision
96178.166 112539.166
No Collision
85563.933 19962.933
No Collision
-47504.037 -104442.037
21762.882 20077.882
No Collision
No Collision
2170083.327 2267082.327
33515.967 -12940.033
No Collision
No Collision
-59376.696 -77738.696
-104728.524 -54713.524
No Collision
20245.015 148067.015
No Collision
-1798.775 -7451.775
No Collision
No Collision
19757.345 120687.345
No Collision
-351019.356 -463111.356
No Collision
96713.474 -99903.526
44656.866 62423.866
No Collision
-199662.980 -161331.980
-232680.485 -330618.485
No Collision
-83201.451 -87121.451
No Collision
No Collision
179388.045 102704.045
1915.422 -109026.578
No Collision
No Collision
108906.237 156817.237
54419.433 -97957.567
-70919.759 -84672.759
38477.220 -3188.780
-115853.270 -95603.270
3533971.683 3696237.683
-23440.339 -176465.339
No Collision
-1068890.699 -1012970.699
-314851.113 -411806.113
No Collision
No Collision
No Collision
No Collision
No Collision
No Collision
No Collision
61521.088 88543.088
377843.623 397218.623
No Collision
No Collision
26280.737 99819.737
No Collision
-76730.007 -117015.007
-137114.697 -238444.697
500495.994 627421.994
No Collision
No Collision
-1039216.280 -934319.280
No Collision
No Collision
No Collision
-51152.353 -75806.353
No Collision
-31762.084 -20731.084
No Collision
38230.255 18641.255
-103247.208 -3037.208
No Collision
No Collision
No Collision
24313.797 -27543.203
-980093.306 -1083503.306
-89884.008 -112271.008
No Collision
No Collision
-92468.109 -16982.109
No Collision
No Collision
No Collision
No Collision
71652.414 61850.414
4148756.703 4026280.703
No Collision
No Collision
-291994.048 -210984.048
No Collision
No Collision
No Collision
-33813.698 104803.302
No Collision
No Collision
No Collision
-931937.799 -947243.799
No Collision
6775.103 113542.103
-55488.833 -56296.833
-4482040.792 -4560480.792
37444.782 -53685.218
No Collision
No Collision
No Collision
-34648.298 -84370.298
No Collision
No Collision
-58849.140 -19693.140
-59146.098 52070.902
43927.210 -20850.790
68941.900 66073.900
61229.424 163901.424
-169716.854 -24402.854
No Collision
82726.424 230.424
No Collision
No Collision
827674.165 672314.165
-32330.373 -56114.373
No Collision
No Collision
No Collision
No Collision
12244.429 8798.429
26705.585 -133297.415
No Collision
21440.161 -17308.839
18386.137 33937.137
No Collision
99948.024 75206.024
No Collision
No Collision
-48092.161 96990.839
-44614.541 -29832.541
-36776.189 -120121.189
No Collision
57159.717 84599.717
No Collision
118509.318 -30082.682
-76270.172 -108971.172
-261606.126 -116083.126
75142.813 57980.813
No Collision
-341078.554 -425788.554
-22430.200 -36923.200
-38665.079 -105984.079
No Collision
No Collision
-64257.668 -84538.668
-42493.220 -91705.220
No Collision
66278.979 -18291.021
No Collision
-5673074.297 -5728294.297
No Collision
39602.790 130397.790
No Collision
No Collision
-1436332.850 -1608724.850
No Collision
-45201.335 18747.665
-70723.208 -80119.208
No Collision
-30557.741 43210.259
No Collision
No Collision
No Collision
No Collision
-22612.758 63446.242
No Collision
38916.129 187082.129
707048.853 870796.853
-77432.152 -17872.152
-120442.514 -89537.514
No Collision
No Collision
No Collision
-49519.900 72204.100
No Collision
-150905.419 -42961.419
-27511.277 -174744.277
No Collision
983438.224 887804.224
No Collision
No Collision
No Collision
No Collision
208060.894 152457.894
No Collision
No Collision
No Collision
No Collision
No Collision
No Collision
No Collision
-51916.314 -5062.314
-112798.647 -41070.647
No Collision
-264001.194 -182129.194
-608876.699 -482688.699
39360.668 -64491.332
-18520.149 -77203.149
71652.969 42178.969
-33480.742 25830.258
No Collision
-72855.492 -72462.492
No Collision
No Collision
No Collision
42332.911 5579.911
-73832.540 -108189.540
No Collision
-116548.310 -83506.310
130691.818 -10260.182
1711860.067 1631380.067
54477.388 16317.388
277047.925 249133.925
1116736.098 991223.098
No Collision
No Collision
-26631.804 28296.196
88930.597 218818.597
No Collision
No Collision
-3369.313 33093.687
1251516.677 1398309.677
No Collision
-55730.828 72701.172
-1058028.403 -1001007.403
-125938.871 -203453.871
44820.192 -63837.808
-17452.095 32512.905
No Collision
No Collision
-294929.049 -257520.049
116389.001 22938.001
-4249211.096 -4149153.096
-3580.972 -3841.972
30738.049 25801.049
1123174.534 1051842.534
60268.702 -19130.298
No Collision
No Collision
No Collision
No Collision
2490.449 29206.449
-79701.959 -116514.959
No Collision
-70564.532 37174.468
9709.301 -45271.699
5792278.907 5607511.907
-243370.854 -159114.854
No Collision
No Collision
151084.285 121940.285
No Collision
140877.973 134206.973
48861.281 95614.281
-11057.278 -6532.278
No Collision
-30364.803 -100192.803
108471.180 62855.180
No Collision
172353.423 93651.423
62638.262 89528.262
38204.565 50223.565
-110693.908 -202477.908
No Collision
143115.242 57049.242
No Collision
-448992.230 -374930.230
No Collision
No Collision
No Collision
No Collision
No Collision
No Collision
No Collision
1179697.199 1257449.199
-957158.375 -1007030.375
No Collision
366096.791 273906.791
No Collision
-95963.989 -49670.989
631609.819 774435.819
-59181.662 -46515.662
No Collision
No Collision
-101260.427 -46075.427
No Collision
-315834.198 -254382.198
2177536.098 2339291.098
-19919.543 61601.457
128927.921 10552.921
-52882.239 -72084.239
No Collision
908628.192 1035345.192
38077.159 -97276.841
-28412.621 -89372.621
No Collision
259594.251 109305.251
No Collision
No Collision
-201688.417 -172278.417
94361.734 43952.734
-362318.848 -269092.848
No Collision
No Collision
No Collision
-597214.047 -710508.047
No Collision
No Collision
1966369.319 1912885.319
No Collision
No Collision
337833.292 490506.292
No Collision
No Collision
No Collision
No Collision
No Collision
280409.901 369849.901
No Collision
No Collision
-6517.830 -11624.830
-61779.920 -67804.920
No Collision
-6856.561 30727.439
No Collision
-273214.618 -200314.618
-454875.851 -326910.851
No Collision
-39468.194 -27697.194
109259.168 94658.168
318577.513 282122.513
No Collision
No Collision
No Collision
No Collision
No Collision
125182.379 -12405.621
No Collision
40254.706 -54326.294
105611.386 31453.386
69014.992 55367.992
No Collision
No Collision
89376.639 131062.639
32895.745 15926.745
No Collision
No Collision
-37058.382 -111758.382
-46936.185 -51079.185
357644.444 325560.444
No Collision
75102.949 100465.949
No Collision
No Collision
No Collision
No Collision
759524.872 881208.872
-39382.097 -68348.097
No Collision
146924.337 13824.337
-156858.558 -219849.558
No Collision
No Collision
-86481.450 -19098.450
-37452.660 -120526.660
No Collision
-250909.801 -194403.801
-19975.037 -109456.037
-62873.832 -60720.832
152420.820 161327.820
No Collision
No Collision
No Collision
-46086.675 -32536.675
No Collision
No Collision
162783.730 203783.730
No Collision
190329.875 63956.875
No Collision
-14122.601 -171312.601
5942784.315 5853002.315
-157926.959 -110439.959
No Collision
-13700.283 50542.717
-327182.929 -172289.929
-278815.206 -352580.206
No Collision
-67886.200 -119230.200
-28183.865 -102366.865
No Collision
-8782.783 54553.217
No Collision
-543907.960 -393927.960
-12835.044 14443.956
No Collision
40640.413 -105661.587
39702.307 -73885.693
No Collision
No Collision
No Collision
No Collision
-326678.757 -210027.757
31911.788 -24236.212
-10468.242 133464.758
-73203.303 -82660.303
25105.756 -85462.244
-103162.302 26494.698
No Collision
No Collision
-39178.277 -61498.277
-3716163.842 -3597308.842
346967.571 397484.571
No Collision
No Collision
-53028.556 26405.444
No Collision
No Collision
35611.617 33892.617
342014.678 257841.678
No Collision
No Collision
-22382.008 -20617.008
-78189.013 -168975.013
No Collision
No Collision
No Collision
No Collision
No Collision
5956.867 52245.867
1774.998 77478.998
287087.485 369591.485
No Collision
290420.390 130674.390
No Collision
No Collision
No Collision
63656.045 46240.045
No Collision
-311875.083 -153736.083
No Collision
-2695.295 -92944.295
No Collision
No Collision
218662.170 272645.170
No Collision
-22516.758 -31150.758
-38889.787 -119178.787
569608.528 407291.528
No Collision
-83267.341 -73810.341
No Collision
-274848.244 -146835.244
67996.413 12738.413
No Collision
No Collision
No Collision
-138598.783 -173907.783
546044.967 610522.967
No Collision
113353.441 47456.441
17635.027 -59333.973
No Collision
No Collision
No Collision
No Collision
-133210.646 -116645.646
No Collision
-13928.891 131719.109
-31737.275 -80536.275
No Collision
No Collision
No Collision
-23721.816 26918.184
122392.780 -5635.220
No Collision
56776.846 46536.846
4319.690 -83049.310
No Collision
118933.912 199245.912
-186741.857 -25948.857
-202150.057 -321718.057
No Collision
No Collision
173909.761 121070.761
No Collision
No Collision
No Collision
No Collision
-402721.493 -527374.493
No Collision
No Collision
-213511.945 -79328.945
8661.850 -70624.150
-164326.267 -47804.267
No Collision
No Collision
No Collision
-43741.036 52728.964
No Collision
7729.074 -72975.926
78566.718 75171.718
90796.381 35558.381
-89303.252 -178694.252
No Collision
-104754.093 -134687.093
-1914692.566 -1813980.566
No Collision
153457.764 27871.764
No Collision
No Collision
No Collision
12909.644 -119428.356
22263.843 109869.843
No Collision
No Collision
-98925.479 -77933.479
No Collision
No Collision
-29137.183 -7718.183
No Collision
4752.102 43380.102
669.980 56881.980
No Collision
No Collision
No Collision
151624.979 109852.979
-47657.092 -8745.092
No Collision
-58347.812 -104392.812
No Collision
-219580.174 -192990.174
No Collision
-395787.225 -427683.225
18776.973 112919.973
No Collision
No Collision
-168640.186 -157350.186
-87100.231 -65132.231
No Collision
246801.036 365510.036
-27736.223 -31537.223
128198.393 -32653.607
No Collision
-420684.303 -258448.303
No Collision
50879.273 -10727.727
-59251.511 -77955.511
No Collision
292328.936 213576.936
No Collision
No Collision
146266.111 17381.111
-380639.036 -432895.036
No Collision
131700.225 69185.225
No Collision
No Collision
111225.007 88922.007
No Collision
43208.391 29904.391
-51196.950 -26144.950
169413.319 111147.319
No Collision
No Collision
-8509.780 -15071.780
111187.731 216017.731
No Collision
-6609410.290 -6639770.290
No Collision
No Collision
No Collision
-96351.860 25444.140
No Collision
No Collision
No Collision
482348.126 447555.126
74953.630 48862.630
No Collision
No Collision
140980.349 -51596.651
No Collision
No Collision
No Collision
-32087.478 10718.522
No Collision
81583.829 63702.829
No Collision
No Collision
-1621362.542 -1760276.542
-559155.628 -439296.628
-22738.818 -48177.818
-67484.810 -72860.810
No Collision
-74139.779 -62988.779
23663.169 18195.169
55787.421 37166.421
No Collision
No Collision
No Collision
-8633.169 -71229.169
54652.969 12331.969
155310.369 83395.369
91524.606 45708.606
-4018803.791 -4086102.791
-112635.455 -183257.455
-143812.163 -88246.163
No Collision
No Collision
No Collision
No Collision
-72164.813 -151018.813
84852.046 79410.046
No Collision
No Collision
No Collision
No Collision
1018.619 -18436.381
-79619.743 -63070.743
19131.078 -46179.922
-162056.794 -226374.794
No Collision
No Collision
29989.713 42058.713
794877.822 718447.822
No Collision
-7874.852 -96506.852
-163481.809 -251941.809
124010.004 104426.004
No Collision
No Collision
No Collision
No Collision
No Collision
-142309.842 -68793.842
No Collision
No Collision
No Collision
-696527.785 -644720.785
-1204.275 9176.725
80839.199 68088.199
No Collision
No Collision
No Collision
117960.515 50239.515
19104.288 -19428.712
39948.493 36724.493
-7379.422 -25461.422
117890.775 7156.775
No Collision
No Collision
2856.029 24518.029
-116296.313 -186495.313
No Collision
No Collision
-551559.447 -531129.447
No Collision
No Collision
1369.625 58103.625
-69942.598 -25308.598
No Collision
No Collision
No Collision
79991.286 -38789.714
No Collision
No Collision
-1103432.006 -934620.006
No Collision
No Collision
No Collision
No Collision
No Collision
108255.201 224590.201
No Collision
No Collision
36875.098 -101727.902
No Collision
No Collision
-107096.064 -1474.064
No Collision
-843829.136 -879232.136
-46128.650 -1608.650
No Collision
41653.543 -40979.457
No Collision
385397.730 419863.730
-119057.662 -156009.662
65749.461 71847.461
-145426.758 -37545.758
55066.460 -4541.540
No Collision
-38722.610 -136108.610
-5806.647 53042.353
No Collision
-71132.651 -50838.651
No Collision
-106147.905 -87696.905
No Collision
No Collision
60159.152 143512.152
137901.585 44498.585
12479.478 31914.478
No Collision
5981.662 -5267.338
-45600.101 24446.899
No Collision
48798.243 58555.243
-70233.892 -92610.892
59585.284 31097.284
No Collision
-47554.516 -12407.516
177010.324 211534.324
No Collision
No Collision
-26904.851 -79554.851
No Collision
-149766.349 -191365.349
-6692822.159 -6754055.159
No Collision
No Collision
No Collision
No Collision
-2186757.393 -2061033.393
No Collision
58092.945 75829.945
26446.034 59818.034
-3138997.180 -3184285.180
-1744180.663 -1649360.663
No Collision
-203598.707 -310286.707
No Collision
113831.273 57005.273
No Collision
No Collision
-52052.458 20779.542
No Collision
No Collision
-7823.887 128461.113
81459.024 136207.024
No Collision
No Collision
No Collision
No Collision
230867.192 71314.192
68393.047 202290.047
No Collision
No Collision
79563.092 83318.092
No Collision
No Collision
No Collision
57179.304 -55532.696
No Collision
-150002.731 -62952.731
No Collision
8907.101 -46056.899
152543.409 120277.409
-134831.630 24882.370
-36507.091 -46944.091
872586.424 694009.424
-12711.041 79765.959
-21898.763 59101.237
No Collision
No Collision
-54774.276 -75946.276
-28585.415 -85586.415
No Collision
No Collision
No Collision
No Collision
No Collision
1593202.605 1682308.605
-54997.342 -85235.342
No Collision
No Collision
-148000.738 -92376.738
21161.713 85474.713
133874.633 35121.633
No Collision
36628.975 2329.975
No Collision
-69739.440 -42749.440
No Collision
-42160.459 -106720.459
No Collision
No Collision
-62007.254 -35561.254
786443.503 671126.503
-76213.264 -59764.264
66013.819 100693.819
183976.236 118773.236
No Collision
-155432.163 18784.837
No Collision
-15511.716 47617.284
-96430.189 38840.811
359308.308 495307.308
No Collision
43281.005 12960.005
17481.591 73969.591
129737.015 -7231.985
No Collision
No Collision
No Collision
217460.124 282897.124
-117732.687 -246027.687
-48268.783 22891.217
No Collision
-24414.009 24309.991
87757.462 98945.462
No Collision
8376.826 -31719.174
8295.783 42235.783
-10645602.781 -10517016.781
-316631.085 -387967.085
56917.328 100283.328
59868.882 130392.882
-392566.456 -396238.456
1322.086 86162.086
No Collision
868856.388 894749.388
-65921.543 -45748.543
-10938.603 -3632.603
No Collision
No Collision
No Collision
No Collision
-77031.934 44914.066
41.951 11472.951
19999.062 -22021.938
No Collision
No Collision
No Collision
-96773.163 -251422.163
-36050.993 -38859.993
359590.445 446918.445
-276405.966 -456797.966
-86984.250 -62967.250
48073.368 -69831.632
No Collision
No Collision
No Collision
60774.256 87660.256
-91770.288 -94924.288
No Collision
No Collision
No Collision
4279.914 -124054.086
No Collision
No Collision
No Collision
No Collision
-130006.458 -146156.458
-50486.116 -42539.116
-73790.457 -22881.457
20683.399 -1378.601
21549.836 117040.836
50834.060 72153.060
No Collision
No Collision
No Collision
No Collision
40284.526 -15630.474
No Collision
-740092.041 -845364.041
No Collision
No Collision
-13597.136 -71808.136
11616.828 -83299.172
169235.118 126905.118
No Collision
446290.762 551513.762
No Collision
-61207.619 -75345.619
No Collision
No Collision
No Collision
No Collision
No Collision
No Collision
No Collision
No Collision
81093.885 -41070.115
460980.662 298013.662
-1533558.586 -1591192.586
No Collision
No Collision
No Collision
3406.833 57529.833
No Collision
76025.981 20355.981
No Collision
-24050.391 -36199.391
No Collision
62558.105 -820.895
-56889.057 56989.943
No Collision
1788.617 -11138.383
-44734.616 -20924.616
-36709.276 -26118.276
No Collision
No Collision
No Collision
No Collision
18780.902 -5274.098
No Collision
8542.020 30614.020
No Collision
No Collision
No Collision
-271453.996 -133506.996
No Collision
No Collision
No Collision
-101601.646 -2975.646
90085.816 -95356.184
No Collision
No Collision
-21502.173 -63160.173
126420.805 236637.805
156215.892 295281.892
No Collision
-348365.894 -458897.894
No Collision
No Collision
No Collision
No Collision
No Collision
71140.240 113802.240
No Collision
-424204.807 -462303.807
No Collision
No Collision
83940.030 79180.030
No Collision
-108655.983 -10131.983
No Collision
No Collision
146982.370 111589.370
No Collision
No Collision
-59298.888 -187660.888
No Collision
-4485693.082 -4505970.082
No Collision
-66739.186 38828.814
13370.732 -62984.268
-394606.415 -472806.415
No Collision
No Collision
No Collision
No Collision
108531.005 -1490.995
No Collision
No Collision
No Collision
No Collision
-4166158.553 -4090247.553
58946.628 -65402.372
No Collision
No Collision
No Collision
597802.177 497591.177
No Collision
No Collision
No Collision
No Collision
41444.831 -11853.169
No Collision
No Collision
No Collision
24093.529 -4656.471
No Collision
No Collision
No Collision
-3555.139 -114435.139
No Collision
-45996.391 -40949.391
-26688.895 32641.105
No Collision
12275.825 42763.825
No Collision
No Collision
No Collision
-15322.000 -37688.000
No Collision
2562.246 -9616.754
No Collision
-46014.353 15431.647
No Collision
289659.992 148957.992
71317.534 26824.534
No Collision
169816.547 242173.547
-372034.174 -311165.174
No Collision
-44456.935 -54729.935
-200616.969 -229655.969
No Collision
-44784.040 -43763.040
-60931.313 32082.687
-62294.349 -229294.349
No Collision
-166548.203 -78259.203
89591.711 18619.711
No Collision
No Collision
No Collision
No Collision
No Collision
No Collision
No Collision
180878.206 168973.206
35247.605 -14716.395
47031.800 50613.800
243474.128 369461.128
No Collision
No Collision
65284.481 -44629.519
-189955.460 -300670.460
No Collision
83206.730 79984.730
No Collision
No Collision
21639.390 26146.390
No Collision
No Collision
No Collision
-35330.196 25948.804
82958.831 33712.831
-35961.535 -167146.535
No Collision
-471804.910 -515289.910
No Collision
No Collision
39307.544 43141.544
No Collision
No Collision
No Collision
116317.737 181868.737
30957.905 54009.905
No Collision
No Collision
105311.562 126260.562
-130951.406 8336.594
No Collision
-20401.456 71441.544
No Collision
No Collision
175310.030 96863.030
96804.709 57143.709
1082214.836 1013578.836
No Collision
-135029.072 -13499.072
-32951.798 -50074.798
No Collision
No Collision
No Collision
-4476.141 64951.859
No Collision
No Collision
3279.998 -7407.002
34428.591 57748.591
1135610.479 1020432.479
-60729.749 -85973.749
79955.711 -62833.289
No Collision
No Collision
No Collision
No Collision
No Collision
No Collision
-65759.153 -43422.153
-55530.279 -67745.279
No Collision
-93147.784 60501.216
-49408.901 -96589.901
No Collision
374315.352 350536.352
No Collision
-1932260.984 -1850907.984
No Collision
-174373.822 -263731.822
-85331.938 -120579.938
63571.101 120609.101
94585.876 58951.876
-12075.131 -43283.131
148606.079 68597.079
No Collision
No Collision
No Collision
1811728.629 1751887.629
-93679.103 -46100.103
-192591.402 -18414.402
-323525.456 -358881.456
30589.428 103981.428
No Collision
No Collision
No Collision
No Collision
No Collision
-30172.391 -35269.391
No Collision
-59045.235 -80423.235
No Collision
-636305.839 -497995.839
-346798.667 -254211.667
No Collision
No Collision
63260.036 57204.036
63214.332 117470.332
No Collision
-75482.109 6561.891
No Collision
-107729.026 -26930.026
112864.900 43373.900
-15582.183 -58597.183
44700.676 -121804.324
No Collision
No Collision
1145554.504 1183950.504
No Collision
51888.303 53318.303
No Collision
96262.838 78614.838
No Collision
No Collision
138343.694 125629.694
No Collision
-31508.690 3762.310
-1806354.040 -1928453.040
No Collision
No Collision
-31494.430 40707.570
23641.820 67160.820
-377199.388 -468272.388
-137628.006 -92647.006
No Collision
No Collision
No Collision
518741.914 397941.914
No Collision
No Collision
-48400.120 -72835.120
No Collision
55045.652 86694.652
84937.862 20745.862
52542.374 -33563.626
No Collision
-64483.229 -97706.229
-53052.541 -102048.541
250003.933 96719.933
-80716.691 35495.309
-61663.720 -6754.720
No Collision
-127305.404 -95909.404
No Collision
-480061.333 -303122.333
-53056.849 -54595.849
No Collision
217065.791 262655.791
No Collision
88242.896 62285.896
No Collision
228895.736 251756.736
No Collision
-2416.692 -41192.692
No Collision
772780.055 694603.055
No Collision
27811.690 117407.690
No Collision
No Collision
-1983923.038 -1841190.038
611593.504 675563.504
146787.485 165625.485
No Collision
-29099.496 -35731.496
No Collision
No Collision
No Collision
No Collision
5876.030 42922.030
No Collision
179694.919 236564.919
-81584.098 -155646.098
No Collision
No Collision
No Collision
No Collision
30001.653 4090.653
6463.864 137276.864
-9364.197 -25655.197
24033.512 73825.512
192430.810 109930.810
249176.110 278179.110
-33303.755 -187290.755
No Collision
-80151.871 -88872.871
-22898.062 -12705.062
No Collision
No Collision
No Collision
No Collision
No Collision
79754.809 88411.809
-26813.478 24926.522
2806501.047 2920903.047
No Collision
135615.538 83782.538
-5894.541 -35774.541
No Collision
No Collision
-169641.067 -43905.067
53114.506 48208.506
No Collision
No Collision
No Collision
No Collision
82476.859 -80195.141
No Collision
No Collision
No Collision
No Collision
-57237.783 -66967.783
-29997.359 -82158.359
No Collision
-152523.641 -256580.641
No Collision
No Collision
-3459224.257 -3553026.257
No Collision
No Collision
No Collision
-329532.722 -312980.722
No Collision
-78400.357 -177440.357
No Collision
No Collision
-24751.415 17039.585
110449.000 -46468.000
No Collision
-166420.021 -226343.021
No Collision
127285.503 297575.503
-69002.408 54228.592
-14565.987 -45909.987
-89773.156 -21365.156
-308277.398 -236243.398
No Collision
67109.244 68085.244
No Collision
No Collision
No Collision
-26411.175 -25470.175
No Collision
-5150.273 -72133.273
No Collision
-11262.935 23637.065
No Collision
303.513 48140.513
No Collision
No Collision
-50463.322 -52944.322
39712.006 -47464.994
No Collision
No Collision
-11023.171 -14369.171
-100315.525 -6672.525
329255.663 283412.663
No Collision
128341.394 -859.606
-203706.254 -177162.254
82431.198 13995.198
No Collision
No Collision
-520349.803 -545585.803
-1074980.574 -1126731.574
-112313.533 -82550.533
No Collision
No Collision
-234145.374 -272910.374
No Collision
22480.842 59004.842
1581551.828 1751757.828
No Collision
No Collision
5695246.591 5778185.591
-212962.005 -298964.005
No Collision
-111562.207 -71869.207
No Collision
No Collision
No Collision
-104498.477 -75799.477
No Collision
-72036.612 -90898.612
120907.182 11249.182
3035.604 79949.604
3719.183 -26890.817
71367.695 79402.695
No Collision
-1864641.169 -1802121.169
-20087.787 -48268.787
No Collision
No Collision
-17668.008 -12060.008
2328065.971 2449222.971
-37671.566 -9200.566
No Collision
No Collision
198863.081 130287.081
-21160.508 13611.492
-167026.810 -316006.810
9783.021 -109264.979
No Collision
10160.516 9661.516
No Collision
No Collision
6939.189 75084.189
No Collision
-53195.444 -63358.444
No Collision
No Collision
No Collision
No Collision
No Collision
11619.393 6624.393
No Collision
No Collision
-199118.031 -55584.031
12976.633 56962.633
No Collision
-432334.155 -302601.155
-191937.677 -164892.677
No Collision
12736.446 -364.554
No Collision
205510.149 165227.149
-72862.290 -44213.290
No Collision
-384450.693 -341904.693
157411.005 91581.005
No Collision
33104.663 180796.663
8453.905 32375.905
No Collision
No Collision
No Collision
No Collision
No Collision
21077.556 2573.556
No Collision
-8219.333 -84479.333
-29587.685 1349.315
24730.490 113785.490
5933605.931 5886939.931
No Collision
No Collision
No Collision
-45403.690 -164032.690
164990.103 -29438.897
-18862.250 -76287.250
No Collision
41247.759 -126462.241
No Collision
-90186.291 -108380.291
No Collision
No Collision
No Collision
No Collision
No Collision
5297.380 -71722.620
-164055.661 -89297.661
No Collision
No Collision
-29267.819 42734.181
No Collision
No Collision
610589.329 471072.329
No Collision
48640.209 27748.209
No Collision
No Collision
-99054.163 -37165.163
No Collision
No Collision
No Collision
165053.006 168650.006
-2747.865 -26456.865
No Collision
No Collision
No Collision
No Collision
167947.078 330072.078
No Collision
18066.442 45294.442
No Collision
No Collision
-102902.062 36751.938
No Collision
-95019.994 13013.006
No Collision
No Collision
-679080.502 -659726.502
35218.363 -45685.637
59882.024 -53810.976
No Collision
115462.755 25744.755
-93191.523 -155825.523
No Collision
No Collision
103844.213 17881.213
No Collision
-625766.789 -598135.789
No Collision
83282.898 35221.898
No Collision
No Collision
-29576.394 -16416.394
135137.993 40098.993
No Collision
51023.702 28829.702
No Collision
No Collision
No Collision
352826.068 172021.068
103738.789 173238.789
No Collision
No Collision
-97781.375 -64664.375
No Collision
71031.120 75283.120
1573276.515 1458854.515
No Collision
No Collision
-30343.008 10826.992
1047755.900 962964.900
-200713.576 -168152.576
No Collision
-69245.004 -25092.004
143499.060 39059.060
17764.252 -19798.748
-174476.304 -137111.304
-26239.140 -82088.140
No Collision
No Collision
No Collision
-60608.555 -47172.555
No Collision
7127145.967 7113956.967
-435715.574 -455430.574
1932026.796 2002318.796
-5780.422 26666.578
No Collision
No Collision
No Collision
-91741.083 -71729.083
197776.189 131172.189
-163665.791 -74079.791
-102660.088 -77965.088
No Collision
No Collision
No Collision
No Collision
-72954.260 -114270.260
467715.270 580656.270
79233.650 1730.650
39609.765 100177.765
No Collision
No Collision
No Collision
103478.799 139272.799
28035.257 -22579.743
-62189.979 -65821.979
267776.116 126354.116
91119.448 69299.448
No Collision
No Collision
36499.744 -105825.256
No Collision
307509.505 360900.505
183072.301 149851.301
No Collision
No Collision
No Collision
No Collision
-15995.316 -125715.316
-268705.852 -253753.852
No Collision
No Collision
33867.863 -3801.137
-52201.165 -72559.165
No Collision
No Collision
No Collision
No Collision
No Collision
No Collision
-2397924.948 -2362961.948
No Collision
No Collision
No Collision
No Collision
No Collision
277340.306 312759.306
No Collision
-29571.280 -118420.280
No Collision
-109319.367 -61289.367
No Collision
97717.697 83338.697
No Collision
No Collision
No Collision
No Collision
No Collision
35258.195 -67982.805
2149796.159 2107481.159
No Collision
23112.049 84536.049
-234506.417 -365773.417
-87756.374 -28168.374
No Collision
-31371.627 -27643.627
No Collision
No Collision
No Collision
37846.840 45672.840
No Collision
-68272.858 -89713.858
152285.604 103166.604
No Collision
No Collision
No Collision
-20829.741 -36079.741
No Collision
380848.360 396960.360
3841.911 71304.911
No Collision
-3994502.895 -4156978.895
No Collision
4567.870 -36715.130
28670.751 32915.751
No Collision
299432.192 221992.192
402793.903 533186.903
35144.998 -50469.002
No Collision
-19544.925 -29627.925
-82809.050 -48850.050
No Collision
No Collision
No Collision
91446.543 30189.543
No Collision
No Collision
81945.657 260381.657
No Collision
-50756.793 -26233.793
-53790.570 33170.430
No Collision
No Collision
-187638.894 -321455.894
No Collision
-97368.865 -116784.865
-153897.829 -185383.829
No Collision
10930.686 44508.686
No Collision
No Collision
36228.447 -24156.553
No Collision
147483.990 17763.990
No Collision
No Collision
No Collision
No Collision
No Collision
No Collision
-81470.174 -50150.174
No Collision
-256490.444 -399296.444
No Collision
No Collision
No Collision
-88282.017 -132088.017
No Collision
No Collision
33878.894 119850.894
No Collision
No Collision
No Collision
No Collision
No Collision
No Collision
18639.825 -15660.175
72901.805 56750.805
120483.859 1620.859
No Collision
-116893.807 -147370.807
138225.883 197944.883
No Collision
-77272.733 -62339.733
-112364.721 -41603.721
9926.600 16537.600
-178208.111 -25604.111
-21713.888 -76983.888
No Collision
No Collision
490046.182 609873.182
No Collision
-782565.491 -674362.491
-79181.377 -56170.377
-6966.682 -3582.682
61818.410 -63010.590
No Collision
No Collision
-579835.098 -690218.098
-39380.628 -1350.628
No Collision
194201.189 130442.189
-16593.561 53956.439
15887.445 -24549.555
No Collision
No Collision
-3525942.792 -3433725.792
-523161.393 -483788.393
106612.884 -73433.116
25804.063 -77608.937
No Collision
No Collision
No Collision
93623.921 65518.921
No Collision
338592.289 227664.289
-89224.481 -83594.481
-50919.946 -64307.946
2292757.155 2207078.155
-155628.195 -135883.195
No Collision
107106.701 70566.701
-5553849.209 -5460306.209
-109578.565 3107.435
No Collision
No Collision
-223302.896 -112715.896
30687.162 78005.162
226156.250 161509.250
-16179.609 -17557.609
-9949.247 21247.753
No Collision
32100.383 40169.383
204918.533 122781.533
104959.396 38231.396
No Collision
No Collision
-196863.072 -174911.072
No Collision
No Collision
-1407208.256 -1544640.256
-31677.712 -126708.712
379398.566 316826.566
No Collision
No Collision
-13119.875 -103450.875
No Collision
-55584.667 26680.333
No Collision
-75715.136 -179520.136
130270.863 71477.863
-45162.337 -3044.337
No Collision
No Collision
-52013.603 -194043.603
No Collision
No Collision
-1049600.409 -1121916.409
No Collision
29673.436 -37746.564
No Collision
No Collision
51543.505 -67938.495
-12162.811 68082.189
1622323.154 1714658.154
No Collision
No Collision
No Collision
No Collision
-65264.309 76704.691
No Collision
40282.024 41013.024
No Collision
204704.397 88765.397
-20085.192 103345.808
-10217.712 -3685.712
119789.472 24689.472
No Collision
95661.973 -1196.027
151331.483 -1583.517
No Collision
37260.729 78115.729
310731.178 374365.178
-107576.876 -192107.876
95760.538 -49562.462
18249.980 12559.980
117390.711 26376.711
-11517.825 -9540.825
No Collision
No Collision
No Collision
No Collision
-321413.339 -475777.339
No Collision
67813.294 -121537.706
-166635.909 -84751.909
-66753.641 12436.359
No Collision
-80593.815 -53523.815
-79701.072 -82000.072
No Collision
51526.565 108356.565
5349836.177 5269880.177
-669180.828 -574376.828
-78015.205 -20275.205
-29299.630 42190.370
-70260.533 -78332.533
No Collision
No Collision
No Collision
117110.503 -35815.497
-6926.630 -125296.630
-40526.085 -115316.085
4194.579 24032.579
No Collision
No Collision
No Collision
No Collision
No Collision
No Collision
No Collision
No Collision
-20161.802 -31675.802
No Collision
No Collision
No Collision
83207.731 -2814.269
No Collision
No Collision
No Collision
-43643.490 -74107.490
-2125243.159 -2041132.159
No Collision
-274807.574 -211438.574
64924.858 33709.858
244628.098 423066.098
No Collision
-29497.379 -78767.379
55823.504 77033.504
No Collision
-3247699.748 -3297255.748
No Collision
36961.629 5916.629
-10719.728 75001.272
1298598.991 1468799.991
-96474.060 -13598.060
-81084.997 -157767.997
76040.204 48816.204
-50579.459 -56379.459
No Collision
No Collision
No Collision
-895.744 64880.256
No Collision
No Collision
117689.760 57820.760
No Collision
-52102.967 31456.033
No Collision
No Collision
-132605.432 -100991.432
No Collision
No Collision
No Collision
No Collision
-51822.383 -57967.383
No Collision
No Collision
No Collision
2004698.930 2107207.930
-167979.058 -54717.058
No Collision
13169.145 43422.145
No Collision
-1873343.584 -1795023.584
-71153.891 -9744.891
No Collision
-15629459.004 -15781066.004
No Collision
No Collision
28222.074 139.074
No Collision
No Collision
No Collision
No Collision
-46001.091 -61.091
-114573.886 -90907.886
72140.278 72161.278
No Collision
-73464.282 -92430.282
No Collision
No Collision
148952.910 108341.910
No Collision
25629.504 37067.504
93640.623 175240.623
No Collision
No Collision
149188.535 187222.535
No Collision
-26889.130 37674.870
No Collision
No Collision
No Collision
-15996.138 29415.862
80806.079 66629.079
No Collision
3067481.919 2964498.919
No Collision
No Collision
6128.654 -45858.346
-43659.624 3934.376
17035.527 17628.527
-26972.057 -6386.057
21437.495 -73662.505
15405.253 12307.253
-12868.793 -52549.793
-39911.961 -12827.961
615514.433 712192.433
No Collision
120194.211 105746.211
No Collision
No Collision
63034.099 23282.099
No Collision
No Collision
-167696.492 -139004.492
60255.979 72746.979
-80914.247 -51411.247
No Collision
53790.103 56106.103
No Collision
No Collision
No Collision
No Collision
No Collision
No Collision
No Collision
No Collision
No Collision
No Collision
No Collision
83781.979 35261.979
No Collision
No Collision
No Collision
No Collision
146771.584 92324.584
76618.620 44723.620
No Collision
No Collision
No Collision
No Collision
No Collision
No Collision
No Collision
-43.623 -89818.623
-290869.316 -273261.316
No Collision
No Collision
No Collision
38636.351 23968.351
-83848.015 -78803.015
No Collision
31826.296 96739.296
No Collision
38976.818 -22241.182
54916.600 79357.600
45909.558 -105021.442
No Collision
-117542.790 -25812.790
No Collision
No Collision
-85992.221 -174188.221
No Collision
40629.925 56937.925
-355890.086 -276270.086
No Collision
115974.573 23339.573
No Collision
No Collision
No Collision
No Collision
37883.813 43223.813
-207993.680 -43313.680
No Collision
No Collision
-52721.369 -81632.369
No Collision
No Collision
-50230.009 -7596.009
-107772.549 -79630.549
No Collision
484973.519 501008.519
No Collision
No Collision
84004.867 90507.867
30822.886 40720.886
-5298.417 24096.583
No Collision
No Collision
784924.503 835509.503
No Collision
-414283.730 -497995.730
No Collision
No Collision
-117993.246 48687.754
No Collision
No Collision
-51880.087 6721.913
No Collision
52257.216 9464.216
56495.806 -16290.194
98258.340 -7086.660
No Collision
No Collision
-145685.104 -29356.104
31664.670 19380.670
No Collision
37873.581 -13317.419
298838.409 266300.409
174125.657 68638.657
-35114.758 17567.242
No Collision
155506.830 208452.830
-10074.529 57620.471
610220.024 528107.024
-91607.430 -139675.430
-42071.943 -44609.943
-11230.893 -71244.893
-62322.781 -48153.781
No Collision
-11916.220 74928.780
162001.301 94273.301
No Collision
-100026.917 -99830.917
-11454.297 -10330.297
76418.708 97960.708
No Collision
20271.773 25919.773
No Collision
-42253.719 -1389.719
48701.496 -691.504
59394.728 72865.728
45754.186 37373.186
No Collision
-18220.280 97160.720
No Collision
152510.004 -12200.996
-271425.504 -395932.504
223777.055 315109.055
87320.442 101056.442
No Collision
No Collision
178003.305 230679.305
No Collision
No Collision
No Collision
No Collision
No Collision
No Collision
-15803.347 40606.653
No Collision
No Collision
671209.149 513271.149
-2627652.405 -2531167.405
No Collision
No Collision
No Collision
No Collision
No Collision
No Collision
No Collision
No Collision
-48706.109 -94730.109
No Collision
No Collision
76870.524 -41758.476
-958488.052 -1026497.052
No Collision
No Collision
-24686.819 -19707.819
No Collision
-54557.775 -100790.775
-104367.294 -69925.294
No Collision
16159.185 -31005.815
No Collision
-147632.888 -115822.888
No Collision
No Collision
-58004.964 -75576.964
No Collision
-25563.351 23394.649
98591.678 -11006.322
No Collision
No Collision
No Collision
No Collision
-163485.458 -113108.458
-103084.959 37163.041
10819.299 -60414.701
-117598.176 -223554.176
160493.264 12418.264
No Collision
8807.721 -83834.279
-113298.351 -81381.351
No Collision
No Collision
No Collision
No Collision
No Collision
237143.278 94942.278
-318633.667 -272636.667
-78596.426 75511.574
12319.821 -12839.179
-122773.528 -156253.528
No Collision
-36016.297 -52784.297
No Collision
338792.055 190320.055
-14350.354 91303.646
No Collision
No Collision
-52588.177 -56064.177
442669.675 528598.675
-14988.490 18115.510
No Collision
14857.580 -51164.420
-23366.180 -93582.180
No Collision
62482.406 20708.406
50532.334 41598.334
414617.224 389014.224
No Collision
-70888.197 -7224.197
No Collision
331931.956 224032.956
No Collision
-251583.058 -197877.058
-52690.206 -51361.206
-177719.891 -163654.891
-86721.372 -40964.372
71223.364 -14333.636
No Collision
28413.997 74442.997
68387.764 79323.764
No Collision
No Collision
No Collision
-82307.921 -114857.921
No Collision
85284.160 44465.160
70746.917 187588.917
209926.889 303204.889
1034.980 -70120.020
-233848.870 -42593.870
-149927.074 43183.926
No Collision
No Collision
72314.360 152852.360
38295.304 2068.304
-35998765.667 -35992703.667
55444.103 -17026.897
No Collision
258773.615 90777.615
96463.410 -45989.590
No Collision
No Collision
-20694.401 -34703.401
No Collision
-202906.654 -263643.654
-741564.723 -663318.723
179228.160 272580.160
No Collision
13621.397 -97177.603
127115.234 98043.234
-2077550.841 -2154437.841
No Collision
No Collision
159194.092 206575.092
5300.793 -77131.207
43926.172 7285.172
-63523.845 -80446.845
-423067.333 -362438.333
-61077.771 -23999.771
125573.467 141393.467
96637.501 175333.501
-84947.661 -84944.661
No Collision
-29513.789 -9582.789
No Collision
No Collision
No Collision
14237.826 -50137.174
-247762.454 -137287.454
99284.581 138090.581
No Collision
No Collision
No Collision
No Collision
59786.732 52668.732
71231.729 103533.729
86962.927 142350.927
249321.620 117465.620
176440.611 82358.611
No Collision
No Collision
No Collision
No Collision
-299499.878 -429463.878
15088.835 -82463.165
276929.311 175224.311
No Collision
No Collision
29679.080 74750.080
12542.897 -141438.103
-97865.122 -135716.122
110336.240 63498.240
35532.328 99729.328
No Collision
No Collision
51271.500 10333.500
-35416.183 42.817
-22426.892 89367.108
No Collision
No Collision
No Collision
-124046.972 -268960.972
No Collision
-1042431.759 -945414.759
24706.066 142002.066
No Collision
74919.313 124839.313
-72542.822 -68883.822
No Collision
No Collision
-43281.095 -60359.095
No Collision
98275.915 106659.915
No Collision
No Collision
-22060.259 46355.741
58038.541 -72992.459
-42595.002 47771.998
61599.211 162723.211
No Collision
No Collision
3006327.743 2942714.743
99444.806 98681.806
No Collision
-71002.731 36727.269
-7075.837 53748.163
No Collision
No Collision
No Collision
No Collision
-180238.951 -227945.951
No Collision
22183.629 2628.629
No Collision
No Collision
208032.236 302105.236
No Collision
No Collision
-92776.935 -83712.935
-51770.534 36563.466
73741.883 79962.883
12394.681 36547.681
No Collision
No Collision
No Collision
No Collision
77799.518 54230.518
-116746.057 -7309.057
-264638.854 -223039.854
2206.549 89049.549
No Collision
No Collision
318057.426 271965.426
-185614.197 -93126.197
No Collision
44097.283 -56528.717
No Collision
No Collision
-60720.028 -90968.028
-19530.717 11541.283
622911.544 535102.544
No Collision
No Collision
-69589.077 -27674.077
24639.779 -84538.221
223570.553 67998.553
495262.295 380528.295
No Collision
-381962.199 -508597.199
29672.835 158134.835
-323104.648 -421981.648
No Collision
No Collision
No Collision
-8983411.738 -9091604.738
-186785.778 -198370.778
222200.360 308817.360
No Collision
-13339.636 22989.364
No Collision
143064.906 46512.906
96086.714 99649.714
No Collision
-954339.666 -1110141.666
6117495.630 6143195.630
99162.995 124366.995
38818.713 114684.713
No Collision
-9524.561 45328.439
-40181.800 26104.200
No Collision
43517.989 44977.989
35980.784 -27443.216
No Collision
-110221.892 -45138.892
4806155.664 4774198.664
91969.101 30481.101
2266142.222 2460712.222
No Collision
No Collision
6383.868 -28699.132
No Collision
No Collision
302065.181 214957.181
-1455653.375 -1375061.375
23046.416 2829.416
50503.824 136013.824
-2670909.345 -2580055.345
No Collision
No Collision
No Collision
No Collision
44879.737 -3739.263
No Collision
-511447.619 -450612.619
No Collision
263848.473 355885.473
No Collision
27828.681 14288.681
No Collision
23336.845 -53761.155
No Collision
No Collision
9786.861 115406.861
No Collision
No Collision
370254.863 210432.863
176582.664 294703.664
No Collision
-12024278.183 -12099498.183
403985.353 502974.353
35518.647 46935.647
-49813.758 -112773.758
No Collision
No Collision
No Collision
No Collision
328384.536 289413.536
-75685.950 -24106.950
No Collision
No Collision
No Collision
No Collision
No Collision
568384.975 495026.975
38039.371 10384.371
358.937 -56055.063
No Collision
No Collision
No Collision
No Collision
No Collision
No Collision
No Collision
No Collision
No Collision
No Collision
No Collision
-100612.241 -158041.241
42734.719 3250.719
No Collision
201841.136 154014.136
-53405.300 56551.700
No Collision
No Collision
No Collision
-87015.741 -57153.741
No Collision
55829518.619 55902385.619
15806.309 -66497.691
No Collision
No Collision
-413523.417 -486847.417
No Collision
No Collision
No Collision
37771.552 -7879.448
No Collision
No Collision
No Collision
No Collision
-231455.185 -165814.185
14438232.198 14523497.198
No Collision
No Collision
No Collision
No Collision
No Collision
No Collision
-58136.777 -81081.777
447462.644 318117.644
