No Collision
-62347.666 -47301.666
-62604.478 -26681.478
-49662.305 -48521.305
No Collision
No Collision
907560.275 846319.275
No Collision
No Collision
334599.848 268105.848
634168.382 495548.382
-25521.360 -109925.360
97122.817 11834.817
No Collision
236860.966 54768.966
No Collision
-39250.218 75929.782
No Collision
No Collision
-573819.068 -532265.068
80682.431 -40984.569
-27492.346 -155209.346
-174872.127 -103054.127
-51719.823 10623.177
28271.608 55408.608
-955880.775 -1043389.775
No Collision
No Collision
No Collision
-350584.226 -329602.226
No Collision
-39195.062 -22313.062
-41597.918 -116040.918
2159.588 -71155.412
No Collision
107964.376 38716.376
No Collision
No Collision
-59090.968 -3451.968
No Collision
-93922.201 91915.799
153469.430 6474.430
No Collision
No Collision
1584827.079 1604751.079
18920.841 -81760.159
No Collision
-33700.849 -65311.849
No Collision
-70205.419 -62376.419
No Collision
No Collision
-13313523.258 -13420152.258
5561.956 -40620.044
635989.675 506270.675
No Collision
-84499.543 -122341.543
No Collision
138014.772 122897.772
No Collision
325204.114 369082.114
No Collision
-46941.469 41564.531
-364381.588 -186004.588
77837.919 107668.919
No Collision
No Collision
No Collision
No Collision
No Collision
No Collision
-96137.367 -834.367
-25975.896 -19640.896
201557.153 154567.153
No Collision
175878.499 270469.499
26072.156 123417.156
243661.119 189022.119
No Collision
5844.748 -14610.252
No Collision
No Collision
-962835.594 -868790.594
7639.410 -3074.590
83752.177 147515.177
No Collision
-80125.859 -4328.859
No Collision
20579.290 23604.290
No Collision
No Collision
No Collision
No Collision
8160.716 1004.716
41944.560 -78290.440
No Collision
-2464.133 -32725.133
31198.854 53231.854
No Collision
No Collision
-31346.795 -107446.795
No Collision
-64348.435 -64867.435
14849.953 -30337.047
29222.453 75320.453
-434.045 110842.955
No Collision
-32316.377 -86835.377
-79848.638 70216.362
233950.473 133927.473
2401981.556 2249856.556
No Collision
No Collision
No Collision
No Collision
225259.765 336927.765
No Collision
No Collision
-1355702.770 -1412847.770
No Collision
-4577.338 129350.662
-24999.184 113426.816
No Collision
No Collision
-47969.776 30149.224
No Collision
-282141.519 -409036.519
-666421.552 -523454.552
No Collision
No Collision
No Collision
No Collision
-406567.772 -346784.772
-10007.380 -6275.380
28092.006 21564.006
555160.970 623852.970
262365.585 134637.585
52681.190 -70314.810
No Collision
No Collision
1394359.606 1451908.606
No Collision
240327.295 130782.295
58508.143 105122.143
No Collision
No Collision
-4467671.787 -4363390.787
65824.113 34294.113
-18296.541 61554.459
No Collision
No Collision
-11723.395 -15289.395
No Collision
-348316.471 -278788.471
No Collision
-25979.113 117194.887
No Collision
No Collision
68952.756 -29936.244
No Collision
No Collision
No Collision
157505.235 112865.235
No Collision
-60382.249 -125871.249
-534187.119 -554504.119
No Collision
No Collision
-97730.983 -96100.983
-36065.350 5648.650
No Collision
No Collision
-108349.046 29047.954
142784.624 129208.624
2182.344 9927.344
No Collision
No Collision
-65921.510 39987.490
No Collision
No Collision
-36341.383 -39002.383
859986.707 889685.707
No Collision
6712583.751 6592693.751
-152293.251 -210001.251
No Collision
-128961.821 -134941.821
-51034.405 3389.595
-49156.717 -5679.717
No Collision
No Collision
No Collision
173605.532 73779.532
No Collision
748841.135 694835.135
No Collision
194880.322 239063.322
-99995.996 -65700.996
-26634.557 25342.443
No Collision
1187780.655 1249618.655
3546.608 48640.608
-31222.258 6503.742
No Collision
No Collision
-28873.509 -67132.509
-361874.299 -476546.299
-80292.367 -8245.367
-71671.461 -99586.461
-208187.241 -325658.241
-22088.482 -78468.482
No Collision
No Collision
1059902.057 1159259.057
28305.025 -66053.975
110958.605 -65017.395
No Collision
No Collision
No Collision
-22773.607 -84789.607
-120526.785 46787.215
-121782.466 -153944.466
No Collision
-45978.711 2.289
16156.407 23522.407
No Collision
No Collision
-40615.545 -27240.545
-447980.362 -409311.362
No Collision
No Collision
-24898.067 -1770.067
-42675.314 -144123.314
No Collision
No Collision
No Collision
13944.943 102453.943
-73475.633 -26441.633
No Collision
-38216.877 -75943.877
No Collision
-44731.523 532.477
No Collision
No Collision
-2218.708 36663.292
No Collision
No Collision
No Collision
No Collision
No Collision
94763.259 37859.259
No Collision
60712.095 84387.095
52070.792 86813.792
24110.607 39503.607
No Collision
No Collision
No Collision
454988.426 462281.426
-245232.679 -129040.679
No Collision
No Collision
No Collision
-529184.917 -428637.917
No Collision
-990320.041 -964264.041
No Collision
21983.929 73298.929
120494.777 36579.777
14486.342 38923.342
21377.043 -96821.957
-27434.809 -41579.809
No Collision
-786.156 -157370.156
302290.362 262130.362
No Collision
-556840.088 -605024.088
-72408.450 -99144.450
-59999.473 66342.527
No Collision
No Collision
No Collision
No Collision
25069.937 39485.937
175913.739 -19315.261
No Collision
No Collision
112816.684 91340.684
174800.565 116218.565
100290.791 64875.791
No Collision
-120392.712 -102171.712
No Collision
-52785.655 -47053.655
No Collision
228656.761 273629.761
No Collision
No Collision
19730.597 6917.597
-55430.849 27590.151
79355.417 80166.417
17926565.440 17991225.440
-52384.048 98827.952
-48704.427 -120899.427
-6758361.694 -6906446.694
53744.408 -132777.592
5697834.522 5556802.522
No Collision
-20255.123 -36191.123
No Collision
No Collision
-234525.260 -112777.260
-21002.982 -16462.982
49865.902 90786.902
No Collision
No Collision
No Collision
16199.426 1783.426
135480.223 77355.223
No Collision
35295.487 36921.487
-260877.543 -382110.543
99111.272 -41695.728
87517.220 75276.220
No Collision
-32551.856 21593.144
No Collision
No Collision
-54455.639 -1376.639
No Collision
No Collision
No Collision
No Collision
-62639.935 -38712.935
-252693.695 -111511.695
No Collision
-37089.001 -71316.001
-28962.002 5129.998
No Collision
No Collision
47016.448 56908.448
No Collision
No Collision
6506.549 -15380.451
-9396.468 -11439.468
-38231.106 50567.894
No Collision
-85637.764 29359.236
-12931.559 43681.441
No Collision
No Collision
-46572.688 -68002.688
70866.858 193161.858
-17166.057 -65455.057
No Collision
No Collision
No Collision
124071.295 70797.295
-2288627.704 -2172055.704
No Collision
-118059.316 39107.684
-42854.635 41569.365
No Collision
No Collision
44514.795 -117013.205
-38701.946 84025.054
No Collision
No Collision
71361.074 24045.074
-730053.655 -826554.655
-23800.428 35899.572
130338.163 36506.163
8021.702 91814.702
-565021.236 -651208.236
31871.325 -70090.675
478229.181 394249.181
-393166.115 -471225.115
424227.191 333071.191
No Collision
No Collision
-1502689.205 -1532709.205
63053.786 -73575.214
No Collision
No Collision
20962.136 55483.136
-3610.951 -25475.951
-13032.162 -84568.162
96186.883 6311.883
No Collision
No Collision
121648.770 77751.770
-40712.935 -36761.935
No Collision
No Collision
1499928.200 1474936.200
-899053.450 -1001962.450
No Collision
-11490.493 -6189.493
-101250.889 -118319.889
No Collision
8921.983 83380.983
No Collision
No Collision
No Collision
66278.232 102980.232
No Collision
50374.492 38236.492
35633.504 67534.504
-225291.126 -122109.126
No Collision
No Collision
No Collision
6123.451 35662.451
52009.077 69565.077
10344.988 47350.988
No Collision
No Collision
-62640.940 -88108.940
No Collision
No Collision
-65563.922 36278.078
No Collision
No Collision
-276718.811 -285532.811
No Collision
No Collision
3725077.350 3844707.350
No Collision
-60764.398 -80233.398
123587.460 178928.460
No Collision
No Collision
44820.486 39298.486
No Collision
96304.710 146745.710
-1290.392 -4641.392
No Collision
-83851.552 -88040.552
No Collision
No Collision
No Collision
No Collision
791963.118 923308.118
-14356.956 32784.044
No Collision
23046.742 -89352.258
No Collision
No Collision
54780.712 -20093.288
No Collision
631650.932 696746.932
No Collision
No Collision
8424.381 -107785.619
No Collision
No Collision
153394.388 168125.388
No Collision
No Collision
-109706.355 -46104.355
53063.675 202995.675
No Collision
-98983.413 -129510.413
96225.273 68877.273
-35225.922 43018.078
No Collision
-296690.722 -215958.722
No Collision
154937.528 132796.528
No Collision
No Collision
No Collision
No Collision
No Collision
No Collision
-11347.287 18046.713
302321.064 173794.064
120009.501 9010.501
80694.947 12330.947
334478.784 245361.784
No Collision
9048.850 99000.850
-7346.810 71352.190
2624.700 37614.700
-40435.814 -193959.814
No Collision
137828.916 188366.916
-42683.826 9668.174
274586.665 165342.665
No Collision
No Collision
No Collision
-15331803.627 -15269899.627
No Collision
-274191.310 -425378.310
No Collision
-42509.949 -22078.949
No Collision
-127947.382 -54792.382
No Collision
No Collision
No Collision
No Collision
No Collision
No Collision
No Collision
29623.216 -106410.784
No Collision
No Collision
No Collision
65680.106 -36078.894
6053.248 8651.248
-56689.735 2214.265
-12017.246 -5319.246
No Collision
No Collision
1517829.968 1373321.968
No Collision
36010.468 13653.468
85884.891 123651.891
110966.518 97061.518
No Collision
234961.065 169153.065
No Collision
No Collision
131317.587 157065.587
No Collision
No Collision
No Collision
No Collision
40461.349 27158.349
No Collision
-261938.548 -287349.548
No Collision
No Collision
No Collision
No Collision
No Collision
36590.845 22283.845
No Collision
324066.191 387724.191
No Collision
-21503.941 64645.059
-26387.420 116442.580
No Collision
-131718.278 -221089.278
No Collision
2321287.616 2365067.616
-809554.928 -861223.928
No Collision
-49719.677 41800.323
No Collision
634940.635 680440.635
No Collision
No Collision
No Collision
587238.418 455806.418
No Collision
6124.280 -45532.720
-74937.038 -197499.038
10597527.827 10417220.827
No Collision
No Collision
No Collision
11988.182 -59159.818
No Collision
44769.449 84429.449
-260654.580 -150495.580
No Collision
No Collision
No Collision
No Collision
No Collision
-380751.032 -483777.032
No Collision
2493.861 -78434.139
19649.359 14815.359
223128.097 145855.097
No Collision
No Collision
No Collision
No Collision
87931.985 91045.985
No Collision
No Collision
No Collision
-30595.845 -1039.845
No Collision
No Collision
No Collision
No Collision
No Collision
No Collision
-250767.164 -120796.164
-166322.996 -205019.996
No Collision
-1043010.029 -917744.029
-68014.565 44318.435
No Collision
No Collision
1251579.680 1119330.680
No Collision
No Collision
58860.396 78337.396
No Collision
No Collision
33176.687 82573.687
-50473.921 61037.079
-53618.769 -8814.769
-105086.634 19379.366
No Collision
No Collision
-175798.702 -313380.702
No Collision
No Collision
No Collision
No Collision
-55471.349 -13622.349
No Collision
No Collision
45563.369 -7233.631
No Collision
No Collision
69617.622 59657.622
129348.110 193467.110
214059.436 334603.436
-49318.077 -63783.077
1000603.605 907803.605
No Collision
No Collision
No Collision
-78189.236 -92917.236
-34084.305 -26088.305
No Collision
No Collision
-95053.194 -98611.194
No Collision
No Collision
No Collision
-5792.359 10016.641
No Collision
-274340.934 -193738.934
9979.493 -37869.507
No Collision
No Collision
No Collision
-50211.062 110062.938
No Collision
No Collision
19931.566 -25025.434
No Collision
-87196.480 -17476.480
No Collision
-77374.796 -54053.796
No Collision
-925314.322 -852851.322
83618.925 85900.925
No Collision
No Collision
-104550.226 -159330.226
11938.884 162160.884
No Collision
-4004127.292 -3912302.292
103347.890 66997.890
-18026.772 -15734.772
41140.717 -52084.283
198175.110 141648.110
No Collision
-104113.849 -137118.849
No Collision
No Collision
No Collision
118316.843 256283.843
-89703.885 -80663.885
17509.290 21035.290
-45422.901 -71024.901
No Collision
-50478.623 6362.377
No Collision
24378.945 73395.945
-123660.028 -276701.028
-149310.899 -97818.899
-275410.590 -370090.590
No Collision
69978.720 94384.720
No Collision
No Collision
No Collision
176342.863 105883.863
24709.258 -34714.742
No Collision
No Collision
No Collision
-1100108.082 -1156623.082
No Collision
No Collision
No Collision
No Collision
18194.140 10915.140
-216.841 126672.159
-21386.241 4633.759
89786.165 57065.165
76559.404 19351.404
-2219516.285 -2279744.285
No Collision
296364.312 151888.312
-40450.680 19278.320
-9871.114 -36901.114
No Collision
No Collision
6935.253 47136.253
No Collision
No Collision
17564.272 117864.272
185068.260 29664.260
No Collision
No Collision
87574.385 23064.385
No Collision
No Collision
No Collision
No Collision
No Collision
No Collision
No Collision
-9843.465 -20640.465
-324833.931 -164214.931
No Collision
No Collision
No Collision
No Collision
-9408.536 -20908.536
No Collision
No Collision
-46902.063 18598.937
No Collision
No Collision
-86530.146 -81757.146
-243090.126 -317248.126
No Collision
No Collision
-142868.412 -125895.412
114987.169 -10677.831
-251242.388 -184146.388
No Collision
No Collision
No Collision
No Collision
-235761.573 -210828.573
-43955.636 -55752.636
147512.023 50732.023
No Collision
No Collision
2261207.761 2160455.761
-5237.416 -82734.416
No Collision
No Collision
1052377.234 1196933.234
No Collision
19750.720 34057.720
88459.216 87924.216
-143140.115 -126110.115
7270.624 94614.624
No Collision
No Collision
324481.427 129261.427
No Collision
No Collision
578343.458 491848.458
No Collision
-30845.120 -54639.120
No Collision
No Collision
No Collision
No Collision
71478.915 71821.915
No Collision
-795261.084 -717790.084
No Collision
-9541.905 86969.095
-75868.833 -207103.833
No Collision
166141.703 154735.703
No Collision
No Collision
No Collision
-236735.137 -262024.137
No Collision
No Collision
No Collision
No Collision
No Collision
-30080.643 85743.357
No Collision
16784.471 82656.471
No Collision
No Collision
No Collision
No Collision
-50201.469 -13452.469
No Collision
173669.279 260235.279
-4484.223 113246.777
18662.767 60606.767
106638.945 -15484.055
-37892.292 -18959.292
No Collision
No Collision
-81040.228 -19949.228
No Collision
147139.905 53374.905
No Collision
-126353.097 -18708.097
27184.075 55921.075
No Collision
-34462.476 -49342.476
-2386257.872 -2307477.872
195149.366 287826.366
-49457.142 28377.858
No Collision
100298.449 50128.449
58017.600 73727.600
-2186.172 33915.828
No Collision
No Collision
No Collision
-7452544.735 -7477742.735
No Collision
No Collision
547155.364 656843.364
2510689.898 2458113.898
44733.966 -51154.034
9272.399 48063.399
No Collision
No Collision
No Collision
No Collision
-99144.697 -86.697
No Collision
-3942.041 -147454.041
No Collision
-461614.792 -599458.792
No Collision
No Collision
397817.974 302833.974
275772.890 150258.890
-7224.754 -7429.754
2149084.838 2240234.838
No Collision
339871.560 353685.560
No Collision
No Collision
No Collision
813628.928 794135.928
No Collision
-11764.734 -34150.734
-67815.551 -13592.551
88518.476 129953.476
-35170.772 -73723.772
No Collision
No Collision
141188.092 386.092
-67953.385 -82929.385
No Collision
No Collision
No Collision
-91603733.455 -91680076.455
-10513.940 18294.060
No Collision
No Collision
-43199.843 -29392.843
22962.204 130433.204
76245.157 194043.157
No Collision
No Collision
No Collision
-238528.638 -166937.638
No Collision
-63934.701 60144.299
No Collision
751299.355 808755.355
No Collision
186197.980 94519.980
No Collision
No Collision
No Collision
No Collision
No Collision
No Collision
72718.846 32410.846
47199.067 5461.067
No Collision
-929.155 -49600.155
No Collision
No Collision
No Collision
-1053170.528 -1149578.528
145185.275 13273.275
No Collision
No Collision
No Collision
No Collision
No Collision
No Collision
No Collision
No Collision
248387.938 371439.938
No Collision
-40213.028 51185.972
63106.846 62271.846
No Collision
No Collision
-74950.421 -12114.421
No Collision
No Collision
No Collision
88713.283 92487.283
433970.947 376179.947
178679.584 27030.584
-17800.456 -379.456
No Collision
-64470.465 -42734.465
No Collision
25503.527 150820.527
-1374282.748 -1257366.748
-468060.903 -323530.903
No Collision
47322.662 3150.662
-82701.772 -163787.772
No Collision
No Collision
-413118.578 -477262.578
-241028.361 -288463.361
-1914557.741 -1973652.741
No Collision
No Collision
No Collision
No Collision
-2758761.088 -2842011.088
38576.602 1235.602
76240.685 9450.685
No Collision
No Collision
No Collision
No Collision
70872.582 -18537.418
32018.542 -55842.458
-75468.162 -17218.162
-276826.120 -371331.120
No Collision
No Collision
55311.146 -88047.854
208314.855 135997.855
No Collision
No Collision
No Collision
223519.313 271475.313
No Collision
-260709.592 -213186.592
No Collision
-578745.130 -481063.130
-27785.847 -18141.847
-77933.162 -29465.162
No Collision
35658.335 54326.335
No Collision
-115697.406 -7289.406
No Collision
-146322.941 -106529.941
No Collision
71506.804 -3041.196
41020.232 21302.232
28819.901 9712.901
No Collision
No Collision
71822.399 21594.399
207407.697 315762.697
No Collision
-11349.321 7897.679
No Collision
1131858.996 1031904.996
-62065.457 -81318.457
263313.802 166030.802
-72746.059 -68504.059
195725.871 177231.871
No Collision
-94062.704 -29193.704
No Collision
67349.714 -3901.286
-11406.689 41723.311
-67600.212 -195442.212
-17161.615 -43300.615
No Collision
No Collision
89486.297 141823.297
No Collision
80690.624 55322.624
-22637.507 16347.493
149847.314 135313.314
No Collision
-26383.028 -25381.028
No Collision
No Collision
No Collision
67926.603 115787.603
No Collision
No Collision
No Collision
No Collision
-616175.445 -566302.445
-91353.868 65151.132
256756.824 296941.824
No Collision
No Collision
-161552.610 -226567.610
No Collision
-193496.759 -221838.759
No Collision
106765.581 102424.581
No Collision
9833.364 88926.364
No Collision
No Collision
No Collision
No Collision
332797.614 412063.614
No Collision
95739.655 92390.655
71263.884 110332.884
-275010.337 -307535.337
122948.884 177645.884
No Collision
80954.040 -68154.960
No Collision
No Collision
No Collision
No Collision
70369.538 163783.538
571763.570 457421.570
No Collision
No Collision
No Collision
No Collision
-214523.415 -66307.415
412526.939 597277.939
No Collision
No Collision
176428.948 145061.948
No Collision
No Collision
84337.049 50708.049
-1963.947 103815.053
No Collision
-68254.579 -156004.579
-258624.372 -339977.372
No Collision
7172.983 8267.983
No Collision
58455.230 81606.230
-250802.080 -189908.080
-28003.441 -4148.441
-74487.858 -143008.858
No Collision
No Collision
No Collision
No Collision
No Collision
No Collision
No Collision
No Collision
No Collision
-104521.460 -25578.460
49776.277 -63724.723
No Collision
66680.900 127642.900
201552.920 158213.920
61854.039 59561.039
74568.967 23923.967
-461272.694 -396509.694
No Collision
-39784.780 -14777.780
No Collision
No Collision
No Collision
No Collision
163584.811 84272.811
-99223.733 -9500.733
No Collision
-13290.155 -23098.155
36463.710 56536.710
-88913.053 18372.947
189485.081 109238.081
No Collision
No Collision
No Collision
No Collision
No Collision
No Collision
No Collision
-84840.500 -240044.500
133719.306 196572.306
-86093.207 43685.793
-48605.678 -91538.678
No Collision
-136819.642 -44702.642
-37251.200 -19115.200
No Collision
No Collision
No Collision
-67358.522 91870.478
2997640.624 2906548.624
No Collision
No Collision
No Collision
No Collision
No Collision
No Collision
No Collision
No Collision
-78961.457 -76961.457
No Collision
878612.712 1027583.712
No Collision
No Collision
No Collision
No Collision
No Collision
No Collision
No Collision
No Collision
-14124.983 -93705.983
22328.989 72881.989
-44051.084 53535.916
No Collision
-30944.565 -29497.565
97420.527 17366.527
No Collision
-1357492.846 -1488206.846
22530.328 74098.328
No Collision
-6246.258 69500.742
No Collision
No Collision
4439.802 80838.802
10076946.595 9991869.595
No Collision
No Collision
-46221.063 11524.937
-652710.088 -654906.088
-14262.515 17667.485
No Collision
-64897.375 -93000.375
No Collision
102491.280 39521.280
44022.579 -11651.421
No Collision
-1527737.058 -1461496.058
No Collision
No Collision
No Collision
No Collision
-1849.777 3443.223
No Collision
159632.100 14905.100
-32974.008 44674.992
-31119.762 -22718.762
-18041.043 -33382.043
No Collision
No Collision
-40663.159 -11080.159
No Collision
No Collision
No Collision
No Collision
69861.297 74315.297
No Collision
No Collision
No Collision
No Collision
-7729.461 -38.461
-81615.343 47311.657
No Collision
No Collision
No Collision
-47711.893 -36807.893
No Collision
No Collision
684223.249 675024.249
No Collision
No Collision
No Collision
No Collision
-68603.689 -36856.689
No Collision
No Collision
No Collision
139120.687 66703.687
No Collision
-133915.548 -316319.548
20331.798 73135.798
No Collision
-89338.020 10141.980
-70661.370 62389.630
No Collision
No Collision
187718.508 255026.508
No Collision
No Collision
95704.415 76893.415
No Collision
-2505.915 10285.085
No Collision
-318.653 -102718.653
465200.070 417964.070
22384.662 -86970.338
19970.171 83799.171
118307.871 -13158.129
No Collision
-42449.320 94266.680
-210253.694 -86553.694
17555.258 55995.258
No Collision
No Collision
No Collision
No Collision
-1131302.049 -1164942.049
25550.990 22581.990
No Collision
No Collision
No Collision
No Collision
4754636.223 4658874.223
-755894.912 -644891.912
480707.673 317979.673
No Collision
3068420.400 3211299.400
No Collision
-522883.196 -548627.196
No Collision
13790.479 61094.479
No Collision
No Collision
113050.712 -24604.288
No Collision
No Collision
No Collision
-55421.821 -32801.821
No Collision
No Collision
366764.405 485066.405
No Collision
No Collision
No Collision
402950.804 317016.804
958274.119 904788.119
No Collision
No Collision
No Collision
No Collision
No Collision
-806157.404 -889765.404
No Collision
686049.175 830716.175
No Collision
-254222.209 -359736.209
-70632.469 -61674.469
-55126.690 10882.310
No Collision
-127045.656 -74885.656
-117054.258 -64546.258
-32327.483 -74122.483
No Collision
No Collision
No Collision
No Collision
8823.016 41478.016
No Collision
-3796.516 -1394.516
No Collision
-10393.296 -7262.296
No Collision
No Collision
-160285.807 -62207.807
-106772.205 -152185.205
No Collision
No Collision
No Collision
2594.453 -94387.547
-4475005.115 -4499523.115
-129222.452 -53122.452
86940.212 -109108.788
No Collision
No Collision
-140108.496 -188685.496
-27898.691 119118.309
No Collision
-277806.411 -398971.411
No Collision
-5888.536 36273.464
-47728.934 28101.066
7098.968 -54032.032
177123.257 111434.257
24306.647 64039.647
1721923.107 1742471.107
No Collision
No Collision
156755.647 198779.647
No Collision
No Collision
No Collision
-100348.977 -180177.977
-20822.398 -59090.398
No Collision
47771.571 -57640.429
-93573.937 -78195.937
-79987.155 -56743.155
No Collision
No Collision
No Collision
-617312.884 -465367.884
No Collision
No Collision
470344.405 514082.405
No Collision
No Collision
No Collision
64099.255 65439.255
49328.979 106196.979
67674.794 -45318.206
-342480.805 -477568.805
No Collision
-6108677.232 -5981131.232
-163531.678 1938.322
No Collision
No Collision
No Collision
No Collision
-8886.773 -7290.773
No Collision
No Collision
-32998.082 -35907.082
23069.269 -90749.731
No Collision
No Collision
No Collision
25427.007 2629.007
-110689.012 -199359.012
No Collision
-90943.949 47373.051
No Collision
33082.136 -125415.864
No Collision
No Collision
3338214.801 3210799.801
No Collision
No Collision
No Collision
No Collision
No Collision
-54021.740 -12554.740
No Collision
No Collision
No Collision
-55378.400 -119905.400
No Collision
No Collision
No Collision
No Collision
36501.249 -28678.751
No Collision
18638.031 37795.031
No Collision
No Collision
No Collision
No Collision
No Collision
No Collision
No Collision
78931.561 54798.561
46173.528 -62484.472
No Collision
61535.513 101207.513
-92922.692 -95232.692
-81726.547 -56351.547
424262.748 468735.748
No Collision
No Collision
No Collision
No Collision
No Collision
53503.766 16182.766
21463.100 -35143.900
-26535.584 41973.416
122443.765 241598.765
No Collision
-30158.647 -87197.647
-784020.701 -810238.701
No Collision
188254.534 5024.534
605655.833 679470.833
-35356.467 -101503.467
No Collision
3391176.773 3373626.773
89828.341 87088.341
No Collision
No Collision
2894.659 25541.659
No Collision
-83236.245 -29604.245
No Collision
No Collision
No Collision
-230973.024 -286055.024
No Collision
-10852.258 -76364.258
No Collision
-105634.258 -28186.258
No Collision
-67423.385 -52958.385
176234.736 37891.736
-4730.230 74305.770
No Collision
No Collision
-15691.676 145.324
No Collision
No Collision
-33825.194 -25448.194
No Collision
234677.649 273799.649
No Collision
-162911.618 -95751.618
143158.392 15149.392
No Collision
No Collision
3803679.905 3732140.905
-124597.363 -265737.363
167713.146 1135.146
-66692.710 -18685.710
No Collision
-105951.590 -154066.590
No Collision
-133320.414 -20589.414
No Collision
No Collision
No Collision
No Collision
-83004.883 -114265.883
No Collision
-88861.049 6475.951
-21692.696 -124534.696
No Collision
154553.268 181665.268
-13359.546 58357.454
-49112.916 -88224.916
No Collision
119975.019 98729.019
-268541.503 -176088.503
No Collision
91661.383 -64348.617
No Collision
No Collision
-86622.862 -144295.862
-30387.273 -61001.273
-124134.861 -57725.861
No Collision
No Collision
-23350.865 -24221.865
-44174.642 -37937.642
-941737.592 -994362.592
No Collision
157930.347 337297.347
66709.845 53510.845
No Collision
403220.433 260787.433
No Collision
-51462.821 -36271.821
25105.470 161170.470
No Collision
-168075.795 -223634.795
-433615.871 -461563.871
160849.914 52690.914
No Collision
-63261.080 -76815.080
5362.177 182454.177
1020246.019 878821.019
-1153457.699 -1006868.699
No Collision
No Collision
119519.867 102841.867
-39625.199 -41925.199
70452.042 57141.042
No Collision
90256.554 48435.554
No Collision
No Collision
-20991.259 3182.741
No Collision
No Collision
52793.255 39909.255
54732.072 24398.072
-25321.576 -66605.576
98514.080 65196.080
499241.523 487128.523
No Collision
171401.630 271667.630
-30992.670 -29484.670
-114905.643 -2053.643
-50680.541 -4223.541
-835096.162 -663448.162
-213572.057 -117736.057
No Collision
No Collision
-48096.578 -70223.578
101223.401 202030.401
No Collision
No Collision
858702.661 830386.661
No Collision
No Collision
35324.298 35944.298
No Collision
No Collision
No Collision
247881.926 274972.926
No Collision
-42834.273 -115501.273
-44354.031 -60641.031
No Collision
No Collision
-54354.478 7180.522
98761.750 -53278.250
No Collision
No Collision
-152922.289 -57817.289
-72153.529 -77504.529
310787.747 435290.747
-85716.125 -105961.125
No Collision
776553.904 883279.904
1529358.487 1629257.487
12368.984 50872.984
No Collision
No Collision
No Collision
No Collision
142094.981 14254.981
No Collision
No Collision
37949.960 47811.960
15205.476 -20509.524
-274630.336 -316400.336
33858.734 -4098.266
No Collision
No Collision
95475.434 -49325.566
No Collision
141866.772 -28216.228
49975.600 71498.600
111185.324 178575.324
No Collision
-79987.578 -178414.578
-133077.760 -120342.760
142919.166 106031.166
No Collision
No Collision
No Collision
No Collision
151810.634 281543.634
78734.136 -21418.864
-5648.565 42988.435
52232.802 -10483.198
-308671.984 -199339.984
-75783.826 28851.174
331989.808 258119.808
No Collision
No Collision
108517.323 227247.323
No Collision
No Collision
39497.704 33080.704
No Collision
-387616.226 -292648.226
No Collision
27429.525 -23065.475
-38624.388 -109104.388
-13713.905 2386.095
No Collision
No Collision
No Collision
No Collision
5965.171 138854.171
-34160.829 -5059.829
-23634.692 -23338.692
747.917 40311.917
-6153137.193 -6053449.193
401520.880 487472.880
No Collision
No Collision
20282.533 149437.533
46485.989 59030.989
3990.118 -11656.882
167219.426 142250.426
No Collision
-93983.208 -92052.208
-77539.238 -80134.238
No Collision
No Collision
-24172.254 -23001.254
No Collision
No Collision
No Collision
60097.764 22707.764
No Collision
-219369.856 -232262.856
-20990.571 68814.429
No Collision
32489.146 28449.146
36068.808 -31562.192
63404.779 -78687.221
No Collision
-43426.409 -141475.409
No Collision
No Collision
No Collision
No Collision
No Collision
-104523.021 -182932.021
No Collision
364301.342 228464.342
No Collision
No Collision
793898.956 892451.956
No Collision
-20693.480 92337.520
No Collision
No Collision
-60242.831 -45338.831
-261516.987 -210049.987
-668365.483 -765654.483
50690.668 30182.668
164730.496 247188.496
-178813.310 -63785.310
No Collision
56810.504 -105387.496
18697.767 51898.767
-34452.089 100418.911
158403.339 1111.339
No Collision
No Collision
592062.239 543362.239
-139086.740 -26888.740
No Collision
No Collision
No Collision
58962.360 -3465.640
189977.110 107490.110
No Collision
-9434.226 52447.774
47500.650 45387.650
-704113.130 -832302.130
No Collision
No Collision
No Collision
58021.305 -37182.695
No Collision
147189.979 -19743.021
No Collision
No Collision
No Collision
No Collision
60679.465 33409.465
81241.799 71533.799
No Collision
No Collision
38629.474 -23765.526
34740.270 -100445.730
-50141.737 -145836.737
No Collision
No Collision
-45846.092 -2776.092
36399.326 41350.326
No Collision
-10172.976 -26605.976
105988.093 62942.093
No Collision
-140089.629 -233164.629
1676204.833 1589818.833
41844.025 -11083.975
No Collision
No Collision
No Collision
No Collision
-13637.272 -25248.272
No Collision
No Collision
No Collision
No Collision
-337289.465 -414511.465
No Collision
7907.487 -42010.513
-72209.829 -105591.829
No Collision
25960.372 173420.372
-81498.293 -116210.293
-34839.170 -10662.170
-169854.893 -95142.893
No Collision
No Collision
No Collision
No Collision
No Collision
-268974.656 -94495.656
388720.150 484095.150
No Collision
-50573.740 -29187.740
-15680.457 -58210.457
No Collision
No Collision
-30113.533 12794.467
61739.163 92271.163
-76382.550 -48710.550
No Collision
-45834.188 147840.812
No Collision
-33519.273 68831.727
No Collision
109385.077 146990.077
No Collision
No Collision
No Collision
No Collision
No Collision
-102109.554 65321.446
No Collision
No Collision
514760.810 346238.810
-206810.050 -249731.050
172631.711 185287.711
No Collision
No Collision
2230694.946 2329076.946
-16400.485 21890.515
No Collision
No Collision
19036.223 31802.223
116504.662 107374.662
No Collision
No Collision
No Collision
-54948.576 -49035.576
No Collision
No Collision
147859.398 113572.398
No Collision
-94242.348 -73892.348
40443.920 182225.920
54971.183 -89077.817
-42739.242 31757.758
No Collision
No Collision
22324.708 -123368.292
-504476.210 -543776.210
854875.459 760659.459
No Collision
13145.844 -70061.156
895824.411 936253.411
No Collision
No Collision
No Collision
4725003.900 4583469.900
-68462.294 -120859.294
No Collision
No Collision
-230985.948 -193240.948
15525.168 35820.168
-105417.731 15307.269
65307.606 167689.606
No Collision
1264566.420 1354173.420
-68048.705 25812.295
No Collision
No Collision
No Collision
No Collision
No Collision
No Collision
No Collision
No Collision
62264.566 -57337.434
89003.381 124721.381
159677.939 199529.939
No Collision
No Collision
No Collision
-93168.836 -103848.836
-59325.471 -51211.471
18643.186 128436.186
71807.977 46030.977
23504.244 46349.244
No Collision
-46112.090 16679.910
-61954.567 -53916.567
No Collision
No Collision
115564.553 18827.553
27052.018 13868.018
No Collision
No Collision
360502.131 244491.131
No Collision
-99316.256 67143.744
-9366.138 -5184.138
No Collision
-200551.678 -277863.678
-260975.260 -98540.260
No Collision
309518.775 178432.775
No Collision
212832.048 176800.048
No Collision
No Collision
447402.401 578912.401
No Collision
No Collision
No Collision
7764.212 -2811.788
1242636.297 1310326.297
-251783.822 -204951.822
No Collision
115440.411 284064.411
No Collision
176775.175 79654.175
No Collision
-84266.322 -8975.322
No Collision
No Collision
-8845.302 101627.698
85922.041 26602.041
106815.292 55265.292
18029.733 -5621.267
No Collision
No Collision
No Collision
No Collision
No Collision
No Collision
No Collision
107104.074 29665.074
8102.979 259.979
No Collision
1409314.807 1357197.807
-52018.707 82152.293
No Collision
No Collision
9233.735 -3218.265
-210653.214 -222724.214
63699.366 -23156.634
154819.454 79243.454
110510.110 15031.110
-143149.260 -18439.260
No Collision
-557937.367 -446309.367
-21643.570 -84177.570
277215.356 257975.356
No Collision
-867650.851 -949903.851
94213.728 7251.728
-92702.115 -81581.115
-57904.401 32279.599
213945.071 261067.071
No Collision
No Collision
No Collision
No Collision
No Collision
73927.541 35351.541
No Collision
No Collision
No Collision
69120.278 82646.278
No Collision
-96544.956 -60977.956
-121213.987 -59412.987
No Collision
No Collision
-1169844.477 -1002238.477
No Collision
18426.810 58377.810
-3537.676 -8468.676
72964.154 17508.154
No Collision
No Collision
No Collision
10177.207 68392.207
-6942.542 41492.458
147516.214 52820.214
-29564.192 -62676.192
-117444.969 -83205.969
No Collision
-14774.772 -13525.772
144864.214 35293.214
-64774.756 -140260.756
-871188.688 -787632.688
19112.542 15180.542
No Collision
No Collision
90095.527 71497.527
530.055 -18554.945
No Collision
No Collision
No Collision
No Collision
79276.484 78838.484
40945.211 -5531.789
No Collision
No Collision
21048.913 19574.913
No Collision
No Collision
-364648.947 -259916.947
-87257.110 -61007.110
174978.445 110022.445
-65125.242 -15021.242
-148701.738 -270078.738
241420.732 83145.732
No Collision
-58414.857 -77262.857
-54968.062 -491.062
-118060.280 -24301.280
1593069.538 1561273.538
-6921.597 43037.403
83427.066 78062.066
No Collision
No Collision
20546.837 30242.837
No Collision
506571.141 680241.141
75629.227 80953.227
No Collision
-168337.281 -15563.281
No Collision
-329894.211 -371578.211
No Collision
-25332.796 20310.204
No Collision
-68567.738 -43043.738
220605.674 272649.674
No Collision
17414.599 32005.599
69265.218 92975.218
No Collision
-19059.669 -46266.669
No Collision
4931.755 -29567.245
-1693674.894 -1585282.894
No Collision
37129.414 -32423.586
299060.675 237518.675
-26766.851 10440.149
94114.903 19452.903
-164803.898 -173211.898
-36053.177 -19746.177
-7491.604 -14439.604
No Collision
No Collision
No Collision
No Collision
-121512.775 -163318.775
27747.880 28213.880
No Collision
No Collision
No Collision
No Collision
No Collision
195943.877 172702.877
93920.734 97929.734
No Collision
No Collision
149.128 147613.128
161086.998 219808.998
No Collision
-1639828.124 -1763484.124
No Collision
221333.178 80324.178
92502.087 35445.087
-1390.632 71915.368
-91352.216 -89919.216
No Collision
59061.873 109777.873
No Collision
13378.161 57696.161
90448.505 59668.505
No Collision
No Collision
97315.999 123041.999
80519.744 55710.744
197494.569 132963.569
179899.861 91236.861
No Collision
790703.216 643559.216
No Collision
23000.303 62912.303
No Collision
No Collision
-241902.763 -214121.763
29765.214 124594.214
No Collision
No Collision
No Collision
-710447.345 -567453.345
1946.443 124902.443
-14788232.546 -14917309.546
-2063713.921 -1963021.921
No Collision
-667477.113 -769968.113
No Collision
No Collision
-28978.017 -101736.017
No Collision
No Collision
54476.005 50560.005
No Collision
No Collision
No Collision
No Collision
102713.552 77926.552
-546224.496 -651724.496
79527.739 8204.739
No Collision
No Collision
-30273.264 48045.736
No Collision
No Collision
No Collision
-91464.925 -36192.925
No Collision
No Collision
No Collision
74618.942 65297.942
No Collision
-37477.706 -1190.706
No Collision
No Collision
160616.910 73828.910
No Collision
No Collision
-110388.036 38641.964
No Collision
349009.447 248137.447
-73660.793 43176.207
5367.781 -15762.219
No Collision
49175.242 95457.242
No Collision
-55359.018 -101350.018
17840.478 42482.478
No Collision
No Collision
-313024.011 -427401.011
-58545.381 31417.619
-650969.584 -694521.584
No Collision
No Collision
-75460.909 26422.091
-2110333.000 -2006106.000
No Collision
No Collision
No Collision
No Collision
24325.072 -33503.928
No Collision
No Collision
No Collision
No Collision
-381332.985 -578362.985
769973.807 678823.807
-30725.494 -40886.494
No Collision
No Collision
24047.674 41357.674
No Collision
70406.946 63528.946
No Collision
No Collision
-5416367.890 -5308138.890
No Collision
No Collision
-77842.016 -71158.016
No Collision
No Collision
2422411.098 2538343.098
No Collision
No Collision
-29981.449 56968.551
No Collision
No Collision
No Collision
No Collision
913883.412 855331.412
-7326.904 -15844.904
2585.255 53652.255
No Collision
No Collision
-5946809.277 -5927171.277
-46571.336 -31670.336
No Collision
-4866.787 45978.213
No Collision
No Collision
24346.819 133485.819
No Collision
No Collision
No Collision
No Collision
-30924.323 -87963.323
224403.324 175908.324
-62350.974 -171865.974
-74304.954 -74972.954
516601.837 435079.837
-485594.780 -623867.780
-9538.100 -11281.100
-163218.570 -53384.570
No Collision
43237.739 114865.739
166609.605 280166.605
-159898.472 -256668.472
76070.614 167388.614
No Collision
-30453.595 -44743.595
No Collision
38440.408 58271.408
No Collision
No Collision
-119635.566 45499.434
No Collision
No Collision
-72351.908 10868.092
No Collision
No Collision
94413.331 -61084.669
No Collision
No Collision
No Collision
No Collision
No Collision
-56770829.556 -56647567.556
No Collision
No Collision
No Collision
-1867711.728 -1917740.728
-180754.204 3520.796
-48920.393 -67577.393
-57715.381 24015.619
No Collision
No Collision
-76916.795 -154763.795
122049.159 66048.159
93870.441 103935.441
-42595.250 -81436.250
88028.202 109246.202
126144.660 193735.660
-45086.469 -47844.469
111779.519 161941.519
76953.254 60183.254
84443.625 132481.625
-15590.028 -20315.028
-458387.705 -343359.705
No Collision
19588.622 9808.622
-46111.459 -57752.459
-108867.054 -102017.054
No Collision
-32562.839 -76113.839
25502.479 -72628.521
No Collision
No Collision
No Collision
-2395008.497 -2332854.497
-55259.132 -40072.132
No Collision
83336.209 298.209
No Collision
8449.088 -51231.912
5380.610 6885.610
No Collision
No Collision
-110084.721 -76003.721
No Collision
-111235.486 -79135.486
No Collision
No Collision
No Collision
31460.767 -50620.233
No Collision
2253355.635 2200623.635
No Collision
No Collision
No Collision
219244.353 151410.353
-108991.871 77366.129
-17165.178 91643.822
No Collision
No Collision
No Collision
442369.889 555931.889
26643.275 194412.275
No Collision
No Collision
No Collision
No Collision
No Collision
751.716 34407.716
No Collision
No Collision
-21436.676 -169220.676
No Collision
-6496.382 64164.618
-293814.446 -390946.446
No Collision
No Collision
13888.875 91853.875
No Collision
No Collision
No Collision
-1012433.160 -827901.160
No Collision
No Collision
-20448.792 1621.208
-39662.469 -33623.469
-33465.526 -106534.526
758529.632 732948.632
No Collision
No Collision
138051.422 127655.422
No Collision
80292.505 69819.505
No Collision
No Collision
No Collision
No Collision
34885.452 105115.452
358571.448 307668.448
No Collision
56308.266 96511.266
-178354.079 -90966.079
No Collision
No Collision
No Collision
220494.458 108583.458
-12559.710 71964.290
No Collision
1082775.772 894952.772
28654.419 42172.419
No Collision
No Collision
No Collision
-22806.207 -131531.207
No Collision
-62511.321 45836.679
-415492.584 -307470.584
-515081.476 -612129.476
No Collision
24964.419 74175.419
-200496.194 -318018.194
-180754.814 -93515.814
No Collision
No Collision
No Collision
No Collision
No Collision
No Collision
No Collision
-57705.679 -27460.679
-131515.768 14397.232
No Collision
No Collision
-134286.775 -196720.775
6757.100 -3745.900
-132721.785 29728.215
-854103.649 -774970.649
-70427.800 -12903.800
No Collision
No Collision
1592506.657 1624367.657
375520.005 291681.005
-82134.067 -76739.067
No Collision
2253743.653 2115464.653
-171166.185 -83771.185
No Collision
-155249.725 -33641.725
32781.047 2019.047
-2703.646 -42037.646
-15423.453 25149.547
No Collision
No Collision
No Collision
23261.379 -69261.621
-3994.261 139719.739
93798.422 107436.422
No Collision
-371537.294 -440959.294
No Collision
-104434.853 -34948.853
10883.621 20755.621
446543.927 298928.927
No Collision
30148.374 15131.374
No Collision
No Collision
-25784.989 -65152.989
-60385.936 -92651.936
-131813.789 -246206.789
46474.439 19273.439
-11355.606 61564.394
No Collision
-3694.064 -72625.064
-555119.490 -445621.490
No Collision
No Collision
No Collision
No Collision
No Collision
583545.662 707971.662
66298.124 52914.124
-17598.379 -45406.379
13890.657 37140.657
No Collision
No Collision
No Collision
170556.210 329560.210
445047.852 522493.852
-749441.727 -808737.727
-16236.931 4148.069
No Collision
-495740.978 -367739.978
-790855.094 -611291.094
66886.002 51905.002
No Collision
13644.477 -42624.523
-72117.735 -10472.735
217243.649 130997.649
-48038.905 45559.095
No Collision
-44474.106 -11294.106
-1591.244 143958.756
No Collision
No Collision
No Collision
No Collision
No Collision
No Collision
59523.560 106390.560
-1391959.563 -1301862.563
202948.785 258294.785
No Collision
-48698.712 -86307.712
No Collision
286070.098 336500.098
No Collision
32721.387 141798.387
-85535.130 -73911.130
117549.217 219437.217
-72790.268 40310.732
44924.311 46457.311
No Collision
35385.938 33621.938
6195.716 32412.716
-681749.978 -762642.978
61890.671 104219.671
-515097.853 -597334.853
No Collision
No Collision
No Collision
41985.235 48464.235
-91564.378 51796.622
No Collision
83663.060 92722.060
165741.560 34567.560
No Collision
No Collision
No Collision
-326722.649 -416215.649
No Collision
-61061.299 101942.701
-479344.909 -551930.909
-14815.422 29190.578
No Collision
No Collision
No Collision
-306861.460 -431473.460
No Collision
No Collision
158879.536 118007.536
-3688.328 74252.672
No Collision
48657.874 -19134.126
-93827.838 -43539.838
No Collision
No Collision
-126760.757 -200056.757
No Collision
No Collision
No Collision
-153374.163 -192092.163
-260854.845 -334679.845
No Collision
128713.455 253591.455
-47589.010 83865.990
No Collision
-37711.128 -46391.128
-21810.178 -33429.178
-413092.078 -399556.078
-2106410.176 -2074508.176
-47625.073 -79447.073
No Collision
No Collision
-28454.012 -68873.012
-689192.998 -804936.998
No Collision
74814.934 -58259.066
500.568 -17582.432
-62339.243 -88267.243
No Collision
No Collision
No Collision
No Collision
No Collision
64355.553 103577.553
No Collision
No Collision
No Collision
No Collision
-203872.843 -143433.843
No Collision
No Collision
-15063.310 -105467.310
No Collision
No Collision
1214408.667 1371408.667
254628.689 166876.689
-22136.647 127652.353
No Collision
No Collision
52281.504 62119.504
No Collision
-50679.305 87936.695
-836746.191 -691840.191
-101355.082 -144811.082
No Collision
46586.192 -43028.808
42832.014 10025.014
No Collision
No Collision
-31685.079 6116.921
-116121.783 -141916.783
No Collision
-70302.164 -115069.164
-330448.058 -227753.058
-8620.205 -66400.205
No Collision
No Collision
-168846.471 -302701.471
48985.159 -89532.841
No Collision
100346.264 129189.264
-55315.612 -24002.612
-110085.580 -23713.580
92308.817 70583.817
No Collision
No Collision
No Collision
No Collision
-87520.175 -68906.175
-184143.826 -250227.826
No Collision
No Collision
289279.672 363538.672
No Collision
No Collision
-13535.392 21493.608
-12436.412 68959.588
-163062.716 -31420.716
No Collision
155911.842 175699.842
-220803.523 -275985.523
No Collision
166479.152 126954.152
157346.171 112634.171
No Collision
54166.013 29068.013
No Collision
No Collision
-156267.013 -70984.013
No Collision
No Collision
15061.053 -54693.947
No Collision
No Collision
1114285.851 1075221.851
1589316.335 1676583.335
No Collision
No Collision
No Collision
-49750.264 -42387.264
No Collision
5659637.512 5496550.512
No Collision
-196849.046 -245958.046
No Collision
267473.237 129491.237
No Collision
No Collision
No Collision
94420.431 105144.431
49432.461 63520.461
210265.131 193123.131
-77488.111 -29969.111
No Collision
62225.866 72268.866
No Collision
No Collision
No Collision
322340.237 357653.237
-42355.235 -172652.235
55967.988 -82662.012
No Collision
-118733.503 -186686.503
283944.108 361864.108
No Collision
2936.847 -21706.153
No Collision
No Collision
No Collision
No Collision
No Collision
No Collision
-20409.325 1394.675
718058.196 828064.196
67453.717 54918.717
41777.498 69975.498
96915.767 60660.767
-34567.599 4747.401
No Collision
No Collision
-7635771.393 -7496033.393
-200428.145 -213877.145
No Collision
No Collision
6573.478 96806.478
No Collision
No Collision
129627.425 160889.425
No Collision
No Collision
No Collision
No Collision
-46811.091 103330.909
No Collision
No Collision
No Collision
No Collision
-37940.238 -41291.238
No Collision
No Collision
-18582.280 80355.720
-34811.065 51246.935
No Collision
-564073.133 -470948.133
-58092.246 -27229.246
No Collision
-55306.813 -72656.813
249588.373 127493.373
111388.839 29648.839
No Collision
No Collision
No Collision
No Collision
-94594.963 -78284.963
No Collision
No Collision
-543119.695 -651318.695
-144497.567 -200166.567
-86044.383 -122237.383
-22498.780 -5590.780
No Collision
No Collision
-2411462.390 -2552937.390
-34736.046 65314.954
No Collision
No Collision
No Collision
203068.705 136493.705
170390.202 28386.202
173523.902 66636.902
-75385.190 -10064.190
56415.422 -67346.578
-44855.577 -39211.577
-46526.779 42552.221
-85451.396 -58037.396
No Collision
-210628.430 -115762.430
509152.756 380014.756
No Collision
No Collision
No Collision
No Collision
No Collision
-10703.940 -23635.940
82666.539 130640.539
-3427.644 -21666.644
No Collision
No Collision
-15570.498 -84733.498
-93854.777 8486.223
-13316.051 -17336.051
No Collision
-760849.207 -921489.207
-70409.207 -56843.207
No Collision
No Collision
No Collision
No Collision
No Collision
1857.475 55308.475
No Collision
No Collision
No Collision
124257.223 98976.223
178102.640 295472.640
No Collision
18048.224 54897.224
No Collision
-37124.942 -48120.942
3636.830 -53357.170
No Collision
427546.811 308293.811
No Collision
No Collision
No Collision
No Collision
No Collision
-1442821.865 -1350275.865
206438.874 66696.874
68976.555 71040.555
No Collision
No Collision
-182392.884 -68888.884
No Collision
-104001.147 -72363.147
No Collision
No Collision
-85889.293 -88101.293
No Collision
No Collision
No Collision
209666.550 45104.550
45235.637 66675.637
No Collision
70935.741 72498.741
No Collision
No Collision
-277114.377 -129549.377
-49564.693 31449.307
-32901.668 -94387.668
-179593.805 -136888.805
No Collision
No Collision
No Collision
23999.543 -111672.457
No Collision
290026.747 188729.747
-158268.887 -215814.887
-168586.987 -18424.987
No Collision
-5098.892 13520.108
No Collision
No Collision
-267574.221 -313747.221
-146055.033 -84111.033
No Collision
No Collision
18341.281 64350.281
No Collision
No Collision
No Collision
No Collision
24924.888 -6624.112
-497206.992 -585646.992
-87147.874 -7906.874
No Collision
No Collision
No Collision
-7846.697 -52353.697
No Collision
22973.173 45751.173
234183.707 284757.707
No Collision
No Collision
No Collision
No Collision
293086.515 317086.515
80554.827 110344.827
No Collision
-156453.466 -44277.466
-82927.332 -150227.332
28620.012 32876.012
No Collision
No Collision
No Collision
No Collision
No Collision
No Collision
No Collision
-20890.699 -83316.699
147883.742 254758.742
No Collision
No Collision
42281.350 10369.350
108721.452 -34935.548
-44987.982 -61187.982
No Collision
No Collision
No Collision
No Collision
32264.662 61681.662
No Collision
940.977 -10162.023
No Collision
-279657.026 -344822.026
-50998.963 -218919.963
-19072.272 -35155.272
No Collision
-553362.729 -608572.729
No Collision
No Collision
No Collision
No Collision
-2205.975 -72296.975
No Collision
45071.783 44341.783
No Collision
7034108.771 7203599.771
-109328.102 1074.898
-2182414.623 -2111357.623
-260706.443 -249166.443
188001.774 89515.774
143289.198 257705.198
3871.373 102389.373
No Collision
No Collision
No Collision
2411456.785 2558220.785
36750.200 19459.200
No Collision
194389.076 109014.076
No Collision
No Collision
No Collision
77814.074 142781.074
-1070.995 -25027.995
-11982.737 28486.263
No Collision
-59594.560 -9641.560
470330.726 440849.726
No Collision
-114396.072 -90302.072
-47692.232 57035.768
173310.246 64993.246
-223070.370 -273976.370
-24014.518 -82008.518
-41147.532 111920.468
No Collision
45292.357 127855.357
No Collision
4108.413 -44345.587
No Collision
No Collision
-100272.645 -137294.645
No Collision
No Collision
No Collision
No Collision
No Collision
-21769.751 13471.249
No Collision
No Collision
-201304.049 -223377.049
No Collision
-114001.702 -41311.702
93689.312 80821.312
-79445.281 -113909.281
-328466.227 -224887.227
No Collision
No Collision
No Collision
No Collision
No Collision
95146.023 63750.023
No Collision
-318855.826 -257853.826
61523.582 61753.582
-30069.999 -80508.999
No Collision
No Collision
-5547.233 16448.767
No Collision
No Collision
39990.141 -62790.859
No Collision
-717077.600 -674440.600
No Collision
129978.280 169216.280
3561.313 -30452.687
No Collision
81199.649 81305.649
-126378.675 -219860.675
No Collision
-39684.847 -16145.847
-91297.793 -37862.793
-100277.774 -51851.774
-456114.640 -509986.640
No Collision
-1460.824 -61777.824
-27843.487 21489.513
-682842.209 -641807.209
No Collision
No Collision
202706.101 227641.101
-43856.965 -74246.965
-43067.373 -50190.373
-28942.393 -92359.393
No Collision
No Collision
-273546.078 -173193.078
No Collision
No Collision
-4915836.761 -4788941.761
-1306482.433 -1453456.433
No Collision
No Collision
-106623.346 51701.654
92428.383 -37702.617
71853.548 62311.548
No Collision
No Collision
37793.768 -35973.232
No Collision
No Collision
-12583.650 -8912.650
-4244.281 -86072.281
No Collision
No Collision
No Collision
No Collision
No Collision
-76575.246 17488.754
-15133.788 14418.212
-71572.566 -58974.566
No Collision
57716.845 233396.845
No Collision
No Collision
No Collision
128518.126 266930.126
-3058.505 -32126.505
114974.314 86527.314
114216.949 77649.949
No Collision
No Collision
No Collision
85317.012 15597.012
-79912.043 -83975.043
-29809.545 -40246.545
-52261.826 -42930.826
-45503.966 -40996.966
56383.816 62914.816
No Collision
1200049.554 1253807.554
No Collision
No Collision
No Collision
-56162.855 -78066.855
192792.491 257216.491
No Collision
-42056.236 -7392.236
322510.710 434302.710
-32839.000 66365.000
No Collision
16079.312 -58394.688
No Collision
23697.559 -56574.441
-31429.724 46575.276
No Collision
No Collision
No Collision
66889.581 89831.581
No Collision
No Collision
-49896.373 -69001.373
No Collision
No Collision
62056.236 31421.236
No Collision
62959.175 133253.175
75762.044 97492.044
19430.450 68484.450
-153761.964 -139767.964
No Collision
No Collision
No Collision
-10130199.610 -10084973.610
-12339.822 -48525.822
212806.812 143020.812
150875.766 127690.766
-175206.791 -354408.791
No Collision
No Collision
-53007.425 -76864.425
-82296.835 -69700.835
-67163.217 -47635.217
35402.524 56723.524
No Collision
No Collision
No Collision
-106280.680 -50192.680
57.991 102643.991
No Collision
534577.810 358279.810
No Collision
No Collision
15612.983 8984.983
No Collision
-217641.562 -372249.562
No Collision
No Collision
No Collision
No Collision
-266.173 48039.827
138232259.581 138063268.581
No Collision
No Collision
57772.462 -4276.538
No Collision
No Collision
No Collision
-47763.008 -52429.008
16932.716 169619.716
No Collision
82027.527 153662.527
-280745.156 -383178.156
No Collision
No Collision
-101294.782 -42324.782
-83576.423 -85497.423
No Collision
98803.611 55514.611
No Collision
No Collision
No Collision
-368216.360 -464560.360
-67611.477 -116473.477
No Collision
No Collision
-148990.009 -218660.009
No Collision
-7652.363 -41904.363
No Collision
No Collision
-86217.116 -46506.116
344554.447 181125.447
No Collision
No Collision
No Collision
-49241.025 -14779.025
183127.546 64268.546
No Collision
76507.504 22070.504
No Collision
102752.564 25165.564
-276584.087 -353220.087
6361.548 11209.548
No Collision
378724.916 213486.916
No Collision
33387.243 94702.243
-1001613.459 -889473.459
No Collision
No Collision
36414.511 34137.511
No Collision
252295.328 322210.328
-44722.526 -3183.526
-247911.088 -207915.088
No Collision
No Collision
No Collision
No Collision
-72555.833 59272.167
-145009.393 -273613.393
