No Collision
-201921.637 -128152.637
No Collision
-61887.987 -29954.987
192172.656 82039.656
No Collision
3260463.465 3301700.465
75203.841 199266.841
-1803506.686 -1883627.686
No Collision
-1085694.198 -1058323.198
-101705.881 4441.119
-68703.844 -60438.844
-976477.967 -883137.967
55549.558 40593.558
No Collision
42025.371 25642.371
59000.868 27753.868
53101.097 30120.097
No Collision
No Collision
No Collision
-17642.301 38227.699
91370.725 -72835.275
No Collision
No Collision
No Collision
47013.728 47568.728
No Collision
No Collision
No Collision
-296925.404 -165579.404
No Collision
No Collision
No Collision
-31247.140 92186.860
-308603.832 -355778.832
193028.478 112561.478
No Collision
No Collision
-398709.293 -210943.293
No Collision
-59777.028 -75858.028
No Collision
No Collision
No Collision
-185411.198 -18046.198
No Collision
243197.508 156665.508
No Collision
No Collision
-236024.794 -215285.794
No Collision
No Collision
85484.564 138800.564
No Collision
108329.096 44039.096
No Collision
No Collision
No Collision
-83598.928 8885.072
-29018.928 -135182.928
-18424.469 -135029.469
No Collision
No Collision
No Collision
No Collision
No Collision
-143715.894 -132397.894
No Collision
No Collision
No Collision
-61277.646 42748.354
251122.501 294431.501
No Collision
No Collision
No Collision
No Collision
No Collision
No Collision
18030.386 -47555.614
-20395.209 -48285.209
-41232.362 -40714.362
No Collision
No Collision
No Collision
619896.575 786368.575
No Collision
68971.759 138141.759
No Collision
-15409266.641 -15276412.641
-170402.309 -255068.309
No Collision
-59903.227 3329.773
No Collision
-11136.880 -42586.880
No Collision
No Collision
No Collision
No Collision
No Collision
20135.090 -39949.910
-355993.858 -273345.858
No Collision
No Collision
444990.993 388285.993
No Collision
No Collision
-30435.604 -24033.604
No Collision
184723.964 318901.964
No Collision
-115417.775 -147998.775
69749.251 69207.251
51011.489 26197.489
-197058.477 -127837.477
No Collision
No Collision
-60554.008 -41643.008
-77521.268 -58740.268
32856.109 32727.109
No Collision
-58934.775 -107357.775
56191.070 46692.070
No Collision
192646.783 247788.783
No Collision
No Collision
-122801.178 -42805.178
No Collision
-114619.712 -2563.712
No Collision
No Collision
No Collision
No Collision
-309196.479 -447171.479
No Collision
No Collision
-370411.706 -510706.706
-90290.155 -49104.155
-312714.390 -249826.390
5856.199 -21474.801
No Collision
No Collision
-193898.921 -42711.921
No Collision
No Collision
-266903.288 -153716.288
No Collision
-892619.763 -762924.763
-336841.737 -291943.737
-62945.990 63712.010
No Collision
15796.414 14437.414
-236279.665 -103178.665
-211909.051 -315837.051
60187.439 -44542.561
No Collision
66931.423 54268.423
No Collision
-63074.423 -53293.423
-5854.777 32026.223
-76776.538 -85488.538
-94190.635 -138970.635
No Collision
71033.201 105240.201
No Collision
No Collision
No Collision
10605031.339 10744004.339
104390.173 20615.173
1063169.864 884962.864
No Collision
No Collision
No Collision
No Collision
-65097.730 -63189.730
No Collision
No Collision
-2711.124 93651.876
461602.157 339643.157
No Collision
188822.564 17711.564
-23092.117 -118740.117
No Collision
No Collision
No Collision
No Collision
-5323858.983 -5443710.983
No Collision
No Collision
-50373.008 24834.992
No Collision
No Collision
No Collision
No Collision
No Collision
No Collision
54917.369 66238.369
30330.322 -7937.678
No Collision
53192.281 65091.281
-22109.862 -13048.862
No Collision
-464331.845 -532965.845
-84858.143 -28087.143
159129.300 142985.300
-178344.911 -264850.911
-94635.916 -56818.916
No Collision
28888.110 100267.110
No Collision
No Collision
No Collision
38696.439 23976.439
-5173.687 117917.313
No Collision
No Collision
1375225.462 1439571.462
No Collision
-323370.091 -209405.091
No Collision
No Collision
No Collision
No Collision
-6789476.252 -6757134.252
No Collision
-54488989.649 -54426147.649
No Collision
121589.529 -35682.471
141510.440 209710.440
-81212.558 -84479.558
No Collision
No Collision
-72239.714 -91201.714
No Collision
-195369.051 -126406.051
No Collision
No Collision
-78048.777 -114607.777
92640.934 44737.934
-111216.421 -8671.421
24654.552 -4878.448
No Collision
-73570.218 -31243.218
No Collision
200967.181 232536.181
131737.082 38113.082
No Collision
-40313.617 -78109.617
66076.743 35735.743
No Collision
23882.288 -4620.712
No Collision
No Collision
No Collision
86916.767 55844.767
-132988.469 -99543.469
No Collision
No Collision
-1414314.184 -1501655.184
-64900.778 -87655.778
No Collision
67982.371 60612.371
10723.495 -92210.505
No Collision
-64364.333 -51693.333
-45799.457 -84523.457
-95572.513 -179788.513
224511.673 251851.673
No Collision
120053.123 92435.123
No Collision
No Collision
53222.340 -12497.660
No Collision
107898.981 154420.981
70662.067 223186.067
No Collision
-140349.340 -132117.340
-40335.069 19603.931
-97950.889 -22667.889
No Collision
No Collision
1649461.989 1699376.989
No Collision
-763945.400 -664828.400
78010.573 61599.573
No Collision
67201.640 31695.640
No Collision
434480.552 455381.552
111641.632 -66762.368
No Collision
No Collision
No Collision
140982.513 34313.513
-170707.104 -42569.104
No Collision
-310652.406 -253933.406
-411906.420 -336667.420
No Collision
No Collision
No Collision
No Collision
-43414.046 35345.954
-77230.791 -133061.791
No Collision
No Collision
-33674.493 32527.507
93925.665 87959.665
133044.650 208783.650
-54289.471 -219336.471
No Collision
-79039.210 -177681.210
No Collision
400689.005 463392.005
No Collision
-322484.389 -210549.389
-97300.187 -76992.187
No Collision
No Collision
No Collision
90357.037 94861.037
No Collision
71698.482 207938.482
-180044.349 -311243.349
No Collision
No Collision
No Collision
No Collision
No Collision
No Collision
No Collision
No Collision
-71910.398 7527.602
20586.745 63210.745
-1484023.819 -1466824.819
-124432.957 -80653.957
-20045.458 -8953.458
No Collision
No Collision
No Collision
No Collision
No Collision
No Collision
No Collision
No Collision
No Collision
39029.588 39617.588
No Collision
1394472.252 1276507.252
2307456.703 2490339.703
No Collision
189145.981 130861.981
No Collision
-37883.005 7771.995
63720.516 58887.516
No Collision
No Collision
No Collision
No Collision
No Collision
No Collision
No Collision
No Collision
9454.517 -51780.483
99646.217 -33491.783
No Collision
No Collision
119108.208 93374.208
No Collision
34735.333 10217.333
123808.639 60456.639
No Collision
No Collision
-502780.948 -565672.948
No Collision
144041.276 114689.276
No Collision
50952.668 53277.668
38909.399 57567.399
23417.275 -54891.725
-11656.970 89025.030
No Collision
No Collision
No Collision
-60546.766 -36623.766
No Collision
-66404.855 -60874.855
No Collision
-76324.313 -120674.313
32151.666 121744.666
No Collision
No Collision
2325894.052 2340639.052
No Collision
No Collision
No Collision
80109.630 35560.630
94924.611 50695.611
1731.815 -16862.185
-557694.233 -413032.233
82447.484 62335.484
No Collision
103560.034 159567.034
-38977.983 -8743.983
No Collision
No Collision
-50138.705 113632.295
318591.548 149240.548
No Collision
No Collision
No Collision
60662.876 -11155.124
No Collision
92651.228 200999.228
No Collision
33298.766 64783.766
No Collision
-249274.656 -163897.656
5522.205 -74499.795
601075.076 715125.076
No Collision
No Collision
-235754.427 -349870.427
-154834.389 -62325.389
No Collision
No Collision
No Collision
162809.563 126868.563
-65154.524 -128916.524
-46834.731 -87388.731
No Collision
No Collision
No Collision
33518.718 1033.718
2567021.843 2413065.843
No Collision
No Collision
-82667.323 -41971.323
-364239.914 -533213.914
No Collision
61638.755 72267.755
-101507.824 -67865.824
No Collision
No Collision
No Collision
28235.383 66445.383
No Collision
-237527.544 -118714.544
-16070.736 -27699.736
No Collision
No Collision
No Collision
No Collision
No Collision
-114941.735 -28205.735
No Collision
-6846.062 -6792.062
-591648.462 -646071.462
No Collision
-597399.497 -723223.497
No Collision
-17830.957 24304.043
No Collision
-57253.364 -58800.364
-130616.439 50089.561
No Collision
No Collision
42633.720 -22433.280
No Collision
25162.925 65689.925
No Collision
No Collision
No Collision
-9482457.314 -9360045.314
42022.591 -10731.409
-103371.952 -76679.952
156810.936 73249.936
65854.934 85373.934
-623781.102 -554733.102
65077.068 143303.068
No Collision
No Collision
No Collision
No Collision
23073.268 -82071.732
No Collision
No Collision
-173946.736 -75017.736
No Collision
No Collision
No Collision
91810.702 133158.702
-68902.761 -3632.761
58468.189 23988.189
No Collision
No Collision
No Collision
57132.749 197405.749
-5772.964 -145922.964
-4718465.404 -4821364.404
No Collision
No Collision
83639.670 85673.670
-379290.541 -287165.541
-49751.417 83223.583
-72149.899 -70938.899
-24030.184 9561.816
114884.715 166701.715
608468.171 477369.171
48295.838 54385.838
-255449.650 -128282.650
No Collision
No Collision
No Collision
-55362.765 -77310.765
-391405.991 -573215.991
6681.393 30328.393
10649.010 84531.010
-12375.037 -127540.037
53.622 9134.622
No Collision
-80837.758 -187833.758
-63384.276 -63927.276
-28611.431 1961.569
23647.957 36815.957
No Collision
14989.353 37324.353
156591.987 133920.987
No Collision
No Collision
-65713.928 -72714.928
-67398.711 -109979.711
No Collision
-401567.645 -293965.645
No Collision
-9189.356 27221.644
34502.991 19103.991
No Collision
No Collision
-46220.243 -92364.243
-2943.878 -76039.878
17794.230 20296.230
12452.468 14453.468
-92806.493 -58040.493
No Collision
8711.762 -50499.238
-22468.755 -9268.755
122918.119 86102.119
No Collision
-94015.744 -66216.744
-48130.601 21616.399
No Collision
-42001.360 84989.640
No Collision
7607915.223 7684792.223
85931.062 143167.062
No Collision
No Collision
No Collision
No Collision
No Collision
-124830.267 12076.733
31607.280 -105725.720
No Collision
No Collision
No Collision
No Collision
-102760.896 -263460.896
-149030.312 1283.688
No Collision
14149.805 32363.805
127016.681 20748.681
No Collision
79220.698 229665.698
193788.963 97956.963
-1440030.377 -1336513.377
No Collision
No Collision
306588.222 448763.222
57805.744 64710.744
1017103.572 947476.572
No Collision
No Collision
No Collision
No Collision
356750.836 272237.836
No Collision
2222.124 24010.124
No Collision
No Collision
No Collision
163332.059 37077.059
No Collision
193849.708 64072.708
163241.469 65438.469
-117940.426 -93562.426
114129.387 -5915.613
-106421.964 -87738.964
No Collision
No Collision
No Collision
275905.514 212120.514
No Collision
-190002.480 -159023.480
-49187.324 33351.676
No Collision
No Collision
10438.960 102860.960
166329.500 137802.500
No Collision
No Collision
No Collision
No Collision
No Collision
No Collision
No Collision
-53324.034 27992.966
No Collision
No Collision
No Collision
177057.108 113513.108
No Collision
350652.275 542117.275
No Collision
-4589800.646 -4508466.646
No Collision
No Collision
No Collision
-711900.040 -638201.040
35000.442 129706.442
No Collision
-9212.829 22823.171
-43445.588 61378.412
No Collision
124428.241 24973.241
No Collision
-436306.426 -335400.426
24877.232 -20374.768
No Collision
-1069153.356 -1156397.356
No Collision
No Collision
-66170.642 43342.358
-1501518.434 -1460993.434
No Collision
No Collision
-63920.137 -120614.137
-1304956.411 -1245164.411
No Collision
No Collision
No Collision
-60507.541 -55159.541
No Collision
No Collision
No Collision
No Collision
No Collision
No Collision
No Collision
59590.273 -30808.727
111402.022 216068.022
No Collision
No Collision
-626167.289 -560375.289
1122608.506 1255676.506
No Collision
117245.942 79984.942
1316096.550 1197763.550
No Collision
471342.630 338200.630
13241.708 92927.708
No Collision
-20174.332 15396.668
No Collision
-1612443.481 -1673285.481
90645.551 97563.551
-34585.571 -51340.571
No Collision
No Collision
No Collision
No Collision
No Collision
No Collision
No Collision
2833.938 1184.938
No Collision
88827.867 22476.867
No Collision
No Collision
614027.853 535692.853
24081.308 19043.308
No Collision
-2362.842 -32448.842
304840.874 366927.874
No Collision
52843.486 -17635.514
89551.117 -54902.883
No Collision
No Collision
No Collision
No Collision
No Collision
-58688.952 -43171.952
129163.801 41261.801
No Collision
No Collision
-111741.551 -71103.551
No Collision
No Collision
No Collision
No Collision
6050.332 -32287.668
130985.975 139700.975
-10429.712 -40251.712
No Collision
28611.863 4376.863
No Collision
No Collision
No Collision
126513.388 -22075.612
No Collision
-27093.305 30424.695
46978.266 57525.266
-52902.620 -7263.620
87866.423 12736.423
No Collision
No Collision
No Collision
-81129.250 -52273.250
No Collision
No Collision
48631.765 13121.765
No Collision
No Collision
No Collision
No Collision
-137834.694 -42915.694
41946.061 -44591.939
No Collision
231798.737 328263.737
No Collision
No Collision
No Collision
No Collision
246668.244 127418.244
No Collision
-109398.579 -17428.579
No Collision
No Collision
-83285.388 7816.612
-14989.507 -4729.507
748260.760 597356.760
No Collision
No Collision
No Collision
No Collision
No Collision
No Collision
No Collision
-2712.003 -15767.003
No Collision
39661.301 -65846.699
19982.525 95202.525
No Collision
No Collision
-4776.749 37249.251
-165559.159 -19176.159
No Collision
No Collision
No Collision
No Collision
No Collision
-111959.226 18768.774
No Collision
No Collision
723084.951 658874.951
-68926.423 -30876.423
No Collision
No Collision
No Collision
220626.579 163626.579
-167236.950 -59980.950
No Collision
No Collision
No Collision
No Collision
231769.876 378651.876
-3504.964 59028.036
373184.129 416412.129
No Collision
302662.871 319954.871
95523.676 199828.676
No Collision
223561.765 56333.765
No Collision
No Collision
No Collision
97400.451 83497.451
-83654.248 -63278.248
80199.649 159015.649
No Collision
-107561.612 -168744.612
No Collision
No Collision
No Collision
-92325.892 32675.108
-6032676.229 -6149144.229
3634.154 -30465.846
-25231.563 -146746.563
-59862.872 -21812.872
No Collision
No Collision
24116.194 -42708.806
No Collision
-9057.748 -7225.748
No Collision
-5245032.864 -5096196.864
326193.603 512729.603
No Collision
No Collision
No Collision
-26526.712 -81944.712
No Collision
No Collision
37955.984 44265.984
47588.744 -10428.256
-895899.870 -731913.870
No Collision
No Collision
-122746.107 -162584.107
No Collision
-79338.060 -32186.060
-172407.436 -233998.436
No Collision
No Collision
63626.444 148898.444
97133.219 -45260.781
No Collision
No Collision
-4156329.549 -4226165.549
-85353.755 33602.245
No Collision
-35831.122 -31254.122
18652.512 -71851.488
No Collision
-195308.987 -73486.987
-1169008.652 -1051032.652
No Collision
No Collision
No Collision
-81150.429 -58630.429
-12973.694 -87939.694
No Collision
No Collision
-12867.200 172677.800
3823670.470 3742057.470
45645.925 -84873.075
No Collision
No Collision
1997764.003 1885006.003
-233115.855 -211145.855
-29090.787 -13535.787
No Collision
No Collision
331359.023 425728.023
No Collision
No Collision
23287.480 -11001.520
413551.109 303118.109
-130185.851 -109295.851
-64723.566 -60146.566
No Collision
No Collision
No Collision
No Collision
-2638.889 -63588.889
No Collision
No Collision
24450.511 75782.511
No Collision
58132.136 43057.136
25796.819 64950.819
112884.879 -50947.121
-3632.473 60289.527
-1137.794 55158.206
No Collision
-112873.244 -155354.244
632915.519 688983.519
No Collision
-30735.864 -16120.864
183318.525 26868.525
431433.268 266004.268
-449175.620 -335047.620
No Collision
-251900.655 -285399.655
No Collision
No Collision
No Collision
No Collision
8362.146 7258.146
No Collision
No Collision
-68964.415 -21641.415
No Collision
No Collision
No Collision
-143792.082 -29717.082
No Collision
1512306.936 1597266.936
571933.169 701431.169
-45243.881 107592.119
No Collision
No Collision
No Collision
25066.539 48841.539
139183.056 200900.056
-286477.054 -377158.054
-314407.216 -270025.216
No Collision
No Collision
No Collision
No Collision
-23831.157 79113.843
No Collision
-52902.390 -46588.390
-89941.538 -85167.538
16072.862 44740.862
-2096158.518 -2118532.518
-186044.644 -45972.644
No Collision
No Collision
No Collision
No Collision
70011.682 -9636.318
57740.773 -106785.227
74128.095 55975.095
-34155.111 -99687.111
No Collision
-72128.434 -39318.434
-108500.269 -48309.269
No Collision
104348.407 39050.407
-120713.937 1664.063
-31514.856 -154062.856
52440.410 61940.410
No Collision
20841.196 31480.196
-25288.229 -86428.229
-20563.729 -39541.729
No Collision
60376.725 7039.725
84675.350 91269.350
-59218.410 -68387.410
No Collision
No Collision
No Collision
No Collision
No Collision
No Collision
44013.546 45536.546
No Collision
No Collision
-247799.932 -365168.932
83960.096 -41721.904
39712.776 23057.776
No Collision
-273439.581 -234289.581
13345.985 -28087.015
-19667.397 -8209.397
No Collision
No Collision
-456206.218 -317674.218
161570.446 -16218.554
186483.010 64731.010
No Collision
-19428.628 -54598.628
No Collision
-48038.671 12769.329
No Collision
283186.482 293728.482
No Collision
68517.365 50835.365
No Collision
102142.786 19577.786
No Collision
132908.917 167256.917
-433184.185 -265016.185
-18009.687 -60145.687
No Collision
No Collision
-29895.595 -73942.595
499310.666 452011.666
-77591.964 -3349.964
-91846.067 -97517.067
10923.404 131194.404
No Collision
81876.137 85419.137
16051.907 -58502.093
58893.018 -26281.982
152663.584 72400.584
50514.253 53973.253
273005.740 255788.740
-1685284.081 -1775070.081
No Collision
-143588.328 -75937.328
172257.643 74610.643
No Collision
330628.809 473096.809
No Collision
1776247.403 1803343.403
No Collision
No Collision
No Collision
No Collision
-587115.359 -497446.359
-62999.182 -22225.182
-66753.596 -97889.596
No Collision
82033.306 90356.306
-33209.866 -66957.866
488467.714 577353.714
-72835.741 -169551.741
-268461.948 -282127.948
70659.543 6906.543
-54193.343 -15573.343
-83471.788 -70442.788
-118508.783 -65217.783
No Collision
-173056.135 -192663.135
No Collision
No Collision
239741.002 104637.002
No Collision
23970.444 22268.444
No Collision
No Collision
No Collision
No Collision
166738.695 84939.695
No Collision
-26585.564 22409.436
-331667.781 -409653.781
No Collision
No Collision
No Collision
No Collision
No Collision
No Collision
84610.853 -54969.147
71704.803 -16910.197
No Collision
-55321.426 -78947.426
-91101.005 -138009.005
No Collision
58204.833 40652.833
No Collision
No Collision
-134877.491 -173817.491
39878.586 -44888.414
-8999.141 46543.859
No Collision
159176.046 109323.046
60533.424 -36320.576
-65048.662 -151751.662
No Collision
No Collision
No Collision
23973.497 133227.497
146038.359 -22250.641
No Collision
-86308.069 -59157.069
No Collision
No Collision
2619919.145 2608505.145
-14840.594 29752.406
80506.808 -108224.192
No Collision
-70362.298 -189768.298
273820.282 187554.282
-93848.823 24359.177
-648974.435 -707983.435
10289.086 -20445.914
No Collision
No Collision
No Collision
No Collision
149119.683 98868.683
187452.993 238687.993
No Collision
No Collision
-162515.902 -28717.902
No Collision
No Collision
No Collision
147780.000 174120.000
14756.959 125510.959
208607.537 315618.537
No Collision
No Collision
No Collision
26993.362 49481.362
-16328.937 142994.063
No Collision
No Collision
-1189.647 -11865.647
44814.760 57485.760
No Collision
-14225.470 -8774.470
No Collision
199766.219 153728.219
63475.528 5372.528
No Collision
149291.044 27837.044
64072.057 85468.057
No Collision
No Collision
-84640.883 -86337.883
-67893.424 -172138.424
No Collision
52434.198 16722.198
47575.029 67409.029
-286000.384 -194732.384
-70152.927 -17522.927
-14243.959 36758.041
-50007.163 10603.837
No Collision
No Collision
86405.711 -18403.289
No Collision
328774.393 406388.393
64167.810 -62876.190
No Collision
31626.390 -87477.610
-57262.875 -78298.875
No Collision
No Collision
47862.901 44743.901
No Collision
No Collision
24021.899 55112.899
68304.240 -59330.760
33020.503 -38679.497
1603500.864 1657816.864
No Collision
36315.061 59318.061
151219.562 65775.562
-25458.990 -6181.990
No Collision
127241.379 87330.379
102461.653 196877.653
No Collision
18268.037 -18658.963
209620.415 225396.415
No Collision
320471.448 338131.448
31574.196 21078.196
-62326.148 -34534.148
-75872.199 -92715.199
No Collision
104960.314 233773.314
-224785.845 -336160.845
29761.517 -13882.483
No Collision
482.067 -46960.933
152129.053 287729.053
No Collision
506615.110 385385.110
No Collision
566207.562 425776.562
108335.498 -23225.502
No Collision
No Collision
No Collision
355207.566 399375.566
No Collision
No Collision
No Collision
No Collision
No Collision
110261.352 104606.352
No Collision
No Collision
No Collision
11383.240 -13880.760
-41149.689 -112720.689
-231011.471 -291209.471
-3564.895 -53578.895
No Collision
No Collision
-204135.235 -141627.235
-661529.161 -812766.161
1350019.580 1430136.580
No Collision
-28629.610 -67604.610
No Collision
No Collision
No Collision
-815144.937 -678238.937
No Collision
-9914.877 -33663.877
No Collision
No Collision
-454948.937 -602111.937
-14669.077 100683.923
574511.288 723934.288
159472.450 142450.450
204869.438 363779.438
-22745.854 -44697.854
577393.860 614046.860
No Collision
No Collision
No Collision
33650.481 13564.481
No Collision
No Collision
-52068.944 104656.056
21230.437 51445.437
No Collision
No Collision
No Collision
-79029.436 -52938.436
No Collision
-68104.897 -112919.897
No Collision
No Collision
No Collision
No Collision
No Collision
No Collision
75427.454 -14343.546
No Collision
-65726.140 -29413.140
-9008.477 125708.523
No Collision
-77997.397 -78921.397
No Collision
-62530.353 -104368.353
No Collision
-20790.739 45184.261
No Collision
No Collision
No Collision
-303862.679 -228209.679
No Collision
No Collision
73604.187 100106.187
-3992.919 -43811.919
No Collision
-308674.562 -223752.562
-1451595.195 -1279420.195
60315.614 -31935.386
-40436.223 -25071.223
53259.003 140158.003
-505967.190 -651524.190
No Collision
-97723.042 -74166.042
No Collision
No Collision
No Collision
No Collision
-37337.356 -26341.356
No Collision
38905.218 -122681.782
No Collision
21058.590 35621.590
No Collision
No Collision
No Collision
14645.556 5627.556
No Collision
2143500.763 2314625.763
511804.008 419418.008
14901.573 113439.573
-79143.563 -46888.563
-41913.816 83098.184
No Collision
-33160.264 -7444.264
-542296.398 -605372.398
84993.840 56113.840
66424.695 101580.695
380031.995 277356.995
456427.614 322046.614
-39177.569 -48878.569
No Collision
-35362.225 57983.775
-52284.576 -41548.576
59304.551 -16997.449
-189332.847 -99061.847
No Collision
No Collision
47718.458 42201.458
-76801.160 -71622.160
No Collision
No Collision
18702.102 87027.102
No Collision
No Collision
-59401.330 74888.670
No Collision
7974.834 8547.834
No Collision
-1089483.195 -1118904.195
No Collision
No Collision
No Collision
355952.295 317486.295
No Collision
357593.338 537532.338
No Collision
No Collision
No Collision
No Collision
No Collision
No Collision
No Collision
No Collision
No Collision
No Collision
No Collision
-8932.594 -36762.594
No Collision
No Collision
19710.064 -127209.936
No Collision
No Collision
69556.054 45901.054
No Collision
-168700.902 -235173.902
20806.127 67735.127
No Collision
No Collision
No Collision
-34570.425 32485.575
-245417.838 -205021.838
-20333.989 121459.011
230146.832 108198.832
No Collision
17483.283 26547.283
-30362.824 -44354.824
No Collision
93991.473 -46019.527
222855.486 137471.486
No Collision
-138738.779 -85740.779
No Collision
No Collision
No Collision
No Collision
-3473383.224 -3397325.224
No Collision
54964.646 14481.646
No Collision
-253967.525 -175529.525
No Collision
82637.975 -63371.025
No Collision
No Collision
19778.402 -40372.598
47769.867 61601.867
No Collision
-20330.870 5863.130
No Collision
No Collision
No Collision
No Collision
25780.992 56802.992
No Collision
No Collision
No Collision
76914.115 79836.115
167465.073 98916.073
-197653.528 -95536.528
No Collision
-558319.144 -580177.144
No Collision
192089.051 102381.051
85403.273 49824.273
No Collision
No Collision
23710.496 89915.496
No Collision
No Collision
68255.029 64562.029
No Collision
No Collision
-78363.807 -225945.807
No Collision
-178944.337 -45094.337
131706.528 187962.528
No Collision
-43807.040 -69176.040
63875.897 51460.897
-121539.752 -26392.752
No Collision
-60795.066 -205350.066
No Collision
No Collision
32521.061 191302.061
50849.150 -48253.850
94899.860 63465.860
No Collision
-50763.660 51410.340
No Collision
34984.948 -107797.052
-55136.208 -46210.208
No Collision
-19698.207 116896.793
46064.677 -14597.323
68613.404 73729.404
-121610.722 -103731.722
9475.229 19438.229
-164040.606 -54876.606
665945.133 745558.133
65663.783 -10741.217
470377.488 527400.488
41310.859 48329.859
-40237.288 31721.712
23411.967 -11624.033
-35211.790 32019.210
7392.328 64089.328
345516.270 258726.270
No Collision
-76757.189 -140529.189
No Collision
13615.941 31669.941
No Collision
No Collision
134985.976 61887.976
155602.688 132194.688
No Collision
86072.016 66709.016
515431.052 427910.052
No Collision
3397.172 -26802.828
41945.882 -92346.118
No Collision
41770.723 44294.723
-67573.705 -89405.705
No Collision
No Collision
No Collision
No Collision
93291.930 52937.930
No Collision
-673614.749 -575517.749
No Collision
No Collision
-257032.921 -110492.921
45222.040 -1558.960
No Collision
-22768.065 15619.935
No Collision
256904.516 393946.516
No Collision
No Collision
No Collision
No Collision
-128616.987 -49766.987
No Collision
No Collision
No Collision
4477.154 82451.154
93042.619 183507.619
No Collision
No Collision
762082.564 906177.564
No Collision
No Collision
-241385.534 -50108.534
No Collision
-40816.145 -22803.145
No Collision
-54992.694 -61553.694
No Collision
No Collision
-95192.612 -51515.612
No Collision
-153490.053 -29327.053
-65796.789 -182893.789
No Collision
683481.504 854955.504
-597.051 -11255.051
71641.548 -4652.452
No Collision
-160888.073 -80713.073
No Collision
No Collision
No Collision
No Collision
-607045.408 -548133.408
33775.405 15305.405
No Collision
49313.568 106487.568
No Collision
-155319.200 -94946.200
No Collision
-215068.568 -45573.568
No Collision
No Collision
-58436.200 -40576.200
No Collision
196666.886 236638.886
-47000.962 -15513.962
35591.848 -47104.152
-69363.428 -71678.428
247123.204 274430.204
No Collision
270706.205 233892.205
-15016.798 324.202
No Collision
-215252.264 -278259.264
-79975.283 64728.717
No Collision
10274.010 -68406.990
87936.765 59536.765
No Collision
51753.695 31673.695
12311.461 -13554.539
No Collision
No Collision
No Collision
No Collision
No Collision
No Collision
No Collision
No Collision
52073.955 -20826.045
8720.290 28418.290
No Collision
No Collision
26010.875 27958.875
-577943.797 -687910.797
No Collision
No Collision
No Collision
-171453.676 -158243.676
3748.248 9425.248
16817.905 -9650.095
No Collision
No Collision
22065.437 34123.437
No Collision
No Collision
116742.733 93418.733
230308.360 61113.360
No Collision
No Collision
29074.843 37233.843
-1726959.490 -1591530.490
No Collision
No Collision
-26094.959 -11904.959
-46899.116 -6388.116
No Collision
No Collision
No Collision
No Collision
2524560.801 2383394.801
-32378.670 23508.330
-52251.591 -28607.591
No Collision
-1663982.448 -1533046.448
No Collision
-146804.440 15256.560
-16138.738 -140368.738
No Collision
50849.962 122930.962
No Collision
No Collision
No Collision
No Collision
-139685.504 -102635.504
-39104.033 -6361.033
No Collision
No Collision
No Collision
-75606.502 -100996.502
No Collision
94366.641 31808.641
No Collision
No Collision
No Collision
58754.619 49808.619
-383494.140 -246533.140
No Collision
No Collision
No Collision
No Collision
No Collision
78157.055 54066.055
No Collision
20915.303 2298.303
No Collision
No Collision
No Collision
No Collision
14899.571 38479.571
62319.648 186922.648
No Collision
48754.374 20195.374
No Collision
1438949.000 1533312.000
No Collision
No Collision
No Collision
31590.854 -19640.146
No Collision
-95682.469 -131858.469
No Collision
No Collision
No Collision
54831.996 78138.996
-82378.641 -125336.641
-278026.213 -245921.213
No Collision
No Collision
-905856.935 -880600.935
No Collision
No Collision
No Collision
No Collision
No Collision
No Collision
No Collision
No Collision
-41662.115 -137427.115
283916.002 191579.002
No Collision
-9459.228 68947.772
No Collision
84602.502 218909.502
No Collision
No Collision
No Collision
No Collision
28363.634 -27304.366
86937.061 78340.061
67068.669 -27345.331
No Collision
No Collision
No Collision
-291226.699 -192496.699
No Collision
No Collision
486062.536 347117.536
19637.415 -8995.585
-23961929.323 -23826294.323
No Collision
61221.652 61169.652
No Collision
61806.456 83935.456
-17593.162 -92636.162
30602.236 -115085.764
No Collision
No Collision
-43135.605 -37087.605
No Collision
-165677.825 -146574.825
131743.178 56146.178
No Collision
-34850.356 -54713.356
No Collision
No Collision
No Collision
No Collision
No Collision
-50015.555 -56665.555
No Collision
No Collision
25446.221 8920.221
1097150.702 1044136.702
No Collision
No Collision
12723.726 46612.726
5015.088 -110371.912
No Collision
No Collision
No Collision
290881.040 218548.040
91343.137 75922.137
No Collision
No Collision
No Collision
-51242.330 -53839.330
No Collision
12804.375 -23666.625
No Collision
17501.023 -14377.977
No Collision
-62247.321 -4920.321
No Collision
No Collision
-338319.549 -254787.549
No Collision
32648.875 99689.875
-93488.698 53995.302
No Collision
44739.225 59032.225
No Collision
No Collision
-81033.981 -27442.981
18715.001 -109014.999
No Collision
No Collision
No Collision
-101953.375 -4580.375
No Collision
-6658.945 -8279.945
508408.610 589989.610
No Collision
-112492.615 -160602.615
-784661.621 -641638.621
No Collision
-39394.683 -105827.683
18991389.610 18965756.610
No Collision
No Collision
108868.197 40606.197
No Collision
-59385.940 -182568.940
-28350.310 43335.690
No Collision
No Collision
No Collision
No Collision
No Collision
129729.871 94266.871
No Collision
112022.736 80114.736
No Collision
No Collision
No Collision
-52410.182 -148377.182
11947.189 -52856.811
-123841.858 2002.142
12978.399 -65813.601
74742.030 1539.030
No Collision
No Collision
No Collision
-27031.448 21301.552
6767.700 13300.700
-174650.152 -132345.152
-61284.980 -71559.980
-135419.309 -7400.309
No Collision
No Collision
No Collision
86359.439 123537.439
No Collision
No Collision
50166.118 43287.118
-323303.998 -293414.998
-109052.468 38207.532
-13201.516 -20638.516
701817.978 580049.978
No Collision
No Collision
31474.405 -91507.595
No Collision
No Collision
No Collision
No Collision
No Collision
-279211.517 -228629.517
-36322.211 -97118.211
No Collision
No Collision
5156.736 -75011.264
No Collision
No Collision
No Collision
No Collision
2417392.155 2553501.155
No Collision
No Collision
No Collision
-65672.445 -24527.445
No Collision
No Collision
No Collision
No Collision
618477.476 645821.476
39120.896 24568.896
-18153.630 -43336.630
No Collision
-40959.409 -77313.409
-335555.058 -418307.058
71628.835 -23401.165
No Collision
-22084.994 20163.006
-658773.249 -637972.249
No Collision
-20346.578 6354.422
-28962.850 -123120.850
83540.348 126282.348
No Collision
No Collision
307908.686 302225.686
371487.045 447195.045
35471.933 71867.933
-95514.067 -2189.067
-1976641.912 -1832751.912
No Collision
No Collision
No Collision
No Collision
160.843 52711.843
No Collision
148525.362 167117.362
No Collision
No Collision
-761574.873 -618144.873
-125531.221 -197843.221
No Collision
No Collision
-26136.632 -88772.632
-28952.180 -7465.180
71670.233 -3850.767
No Collision
74461.109 160361.109
No Collision
No Collision
115390.480 -38417.520
No Collision
96375.483 75091.483
No Collision
-14535.081 48233.919
-115928.010 -41364.010
211531.356 342055.356
No Collision
7968.462 17401.462
No Collision
-139104.175 -169983.175
36952.444 19979.444
-96131.116 -94190.116
-97429.903 -29742.903
No Collision
No Collision
No Collision
73234.529 40882.529
No Collision
-58123.243 -63536.243
-59579.890 -137077.890
No Collision
No Collision
1605.905 -51518.095
-6056370.304 -6113915.304
34764.221 70716.221
No Collision
No Collision
60187.416 51573.416
No Collision
No Collision
No Collision
45592.746 59258.746
No Collision
300242.516 230399.516
118347.576 106090.576
-968175.983 -859312.983
37998.420 172702.420
No Collision
No Collision
-172075.671 -181947.671
No Collision
1579204.296 1653654.296
-97896.032 -146915.032
No Collision
No Collision
No Collision
No Collision
13766.427 -9114.573
No Collision
-1123104.242 -1168134.242
395463.662 469116.662
103884.120 182358.120
17195.924 -77465.076
No Collision
No Collision
No Collision
No Collision
No Collision
No Collision
73026.892 38341.892
-85266.957 -73708.957
No Collision
705105.403 593433.403
No Collision
No Collision
-204939.314 -124352.314
No Collision
No Collision
34080.077 166381.077
No Collision
No Collision
5816.766 -6026.234
-7718.386 -162102.386
-142827.105 -198946.105
-6958.589 -53898.589
-123078.196 26266.804
-140505.718 -99255.718
No Collision
-337823.345 -243743.345
-15405.528 -143394.528
21336.584 -6390.416
No Collision
-97955.797 -75978.797
No Collision
-34800.047 -6879.047
-203432.998 -138958.998
No Collision
No Collision
No Collision
-51517.201 93957.799
No Collision
-93985.570 -84257.570
No Collision
No Collision
57243.089 17515.089
No Collision
No Collision
31449.033 69032.033
-145752.621 -200063.621
-40338.265 34460.735
No Collision
-55119.950 -81289.950
No Collision
-34831.191 37769.809
No Collision
-24245.194 92800.806
16994.592 66304.592
No Collision
-4298403.566 -4326013.566
-7698280.948 -7587881.948
45490.027 -95420.973
No Collision
-23449.066 54351.934
No Collision
No Collision
No Collision
-211432.684 -72780.684
119887.484 85082.484
No Collision
No Collision
-4283330.722 -4329023.722
No Collision
No Collision
No Collision
No Collision
-88650.054 -41160.054
60315.819 95095.819
No Collision
No Collision
101177.041 -25621.959
No Collision
No Collision
2530.490 -91314.510
-5512.462 -7599.462
No Collision
67776.085 74706.085
132080.008 31479.008
-25404.869 -50078.869
-98834.194 -52169.194
No Collision
No Collision
-42372.512 19276.488
No Collision
No Collision
No Collision
No Collision
No Collision
No Collision
-44130.836 84005.164
No Collision
No Collision
3877.405 48667.405
578785.639 486081.639
No Collision
-1130217.432 -1016813.432
131583.378 -53823.622
56545.711 184692.711
No Collision
No Collision
171860.079 112501.079
No Collision
-87615.898 -189194.898
21461.591 17880.591
21232.269 158851.269
No Collision
24931.904 -15158.096
No Collision
No Collision
-279927.662 -342317.662
-82655.769 -92942.769
-70658.648 -70181.648
-42120.227 -79331.227
No Collision
-12196.516 -195332.516
393480.843 324153.843
No Collision
-21132.954 -50060.954
No Collision
No Collision
No Collision
No Collision
No Collision
No Collision
No Collision
No Collision
No Collision
No Collision
60253.797 5502.797
No Collision
232431.115 93822.115
No Collision
104065.105 153161.105
No Collision
No Collision
236879.537 155530.537
No Collision
No Collision
94469.051 101653.051
No Collision
No Collision
No Collision
-12510.550 -15505.550
374736.372 298859.372
No Collision
-307591.284 -355097.284
-86214.999 -64620.999
-662173.711 -828335.711
-98339.009 -168498.009
No Collision
11849.789 -39703.211
132972.960 3802.960
8851.483 -27613.517
-169845.359 2656.641
No Collision
-90702.564 -188617.564
109987.069 67586.069
26636.543 19775.543
-54425.407 -28850.407
No Collision
368780.406 433812.406
No Collision
34146.790 34509.790
-79843.083 55940.917
No Collision
-6916.816 78720.184
90293.545 12436.545
No Collision
-466866.983 -336492.983
No Collision
12796.830 78565.830
371231.486 316268.486
No Collision
No Collision
-34750.313 15433.687
No Collision
89717.188 55954.188
129942.989 50991.989
No Collision
-34150.419 -162278.419
No Collision
-16575.393 -83473.393
No Collision
-195825.617 -95692.617
No Collision
162933.302 52195.302
No Collision
No Collision
717374.500 783961.500
No Collision
-42536.157 -115807.157
28944.779 -82518.221
-1367937.820 -1228323.820
No Collision
-2464190.253 -2285204.253
-79869.841 -15141.841
-50112.843 -72320.843
-49885.571 -110901.571
No Collision
-110304.539 -54887.539
-466578.056 -289153.056
14675.137 2278.137
89049.095 204642.095
No Collision
No Collision
No Collision
No Collision
No Collision
192988.628 71836.628
47546.347 44827.347
-935227.618 -778161.618
No Collision
113839.619 38604.619
-37309.619 -77910.619
-85471.835 63597.165
No Collision
No Collision
No Collision
-3153.843 -27430.843
-59240.173 -10044.173
No Collision
40023.064 -42621.936
-120050.394 -114751.394
No Collision
No Collision
No Collision
No Collision
-134252.767 -106878.767
96450.850 57903.850
-82706.489 -78466.489
No Collision
No Collision
-70998.601 -31968.601
-38644.877 -189380.877
-122895.571 31865.429
No Collision
No Collision
No Collision
No Collision
-49237.637 -51398.637
No Collision
No Collision
No Collision
93044.865 75938.865
-16184.831 -37089.831
No Collision
-162204.897 -60721.897
52933.589 58766.589
58727.603 108105.603
No Collision
-125452.062 -43481.062
No Collision
No Collision
No Collision
No Collision
3843699.010 3761106.010
-319371.778 -165617.778
No Collision
-21822.395 47668.605
No Collision
No Collision
No Collision
No Collision
-593411.718 -666789.718
317026.521 245305.521
No Collision
No Collision
80989.931 68951.931
No Collision
No Collision
-36327.325 -24909.325
35071.989 -68911.011
12052.257 -128876.743
No Collision
-24066.759 42147.241
-33823.761 17340.239
No Collision
71621.824 66748.824
2124.155 107209.155
No Collision
86757.494 81525.494
No Collision
70688.912 -9824.088
No Collision
No Collision
-5042014.672 -4960832.672
-143672.451 -136188.451
9193155.987 9157093.987
No Collision
No Collision
46016.207 -23594.793
-15547.248 -76440.248
310701.325 371761.325
-49111.636 42335.364
No Collision
No Collision
37182.755 -92966.245
37006.646 25462.646
27081.265 12280.265
No Collision
No Collision
No Collision
-221547.998 -336726.998
348341.501 287213.501
49381.588 63190.588
No Collision
No Collision
541641.878 481677.878
2045948.922 2147536.922
-120386.499 -198588.499
-2181724.575 -2159145.575
No Collision
1955837.204 1894002.204
No Collision
No Collision
No Collision
-1218423.810 -1048570.810
No Collision
105183.585 85491.585
No Collision
221350.527 85842.527
No Collision
51541.682 90909.682
64063.436 81026.436
No Collision
No Collision
1340407.691 1246876.691
-199068.865 -110683.865
No Collision
93698.164 8673.164
-214500.745 -69643.745
-71313.425 -16167.425
No Collision
-1885119.463 -1733420.463
No Collision
No Collision
38542.556 5048.556
23119.448 62783.448
No Collision
No Collision
No Collision
-161474.186 -323235.186
No Collision
No Collision
No Collision
No Collision
No Collision
-100662.122 -144110.122
No Collision
No Collision
222228.603 88671.603
No Collision
No Collision
No Collision
63291.073 68631.073
No Collision
33773.501 78915.501
No Collision
No Collision
No Collision
-8131.341 149592.659
-90043.025 -37338.025
No Collision
284694.756 225308.756
69800.575 -86910.425
No Collision
-3130.963 -92102.963
-5625.732 4892.268
No Collision
-16029.960 -10851.960
293194.845 120951.845
-69295.700 -156127.700
-900640.303 -729140.303
No Collision
83065.666 -4314.334
-44018.364 27751.636
No Collision
-26433.629 -12837.629
No Collision
43628.645 36654.645
No Collision
No Collision
No Collision
No Collision
No Collision
46233.393 -6169.607
No Collision
No Collision
-4185969.297 -4104326.297
23673.338 20748.338
No Collision
No Collision
No Collision
No Collision
No Collision
No Collision
No Collision
No Collision
2878.999 -35347.001
40655.302 37702.302
102526.399 59778.399
35606.781 -133052.219
No Collision
No Collision
No Collision
No Collision
-34136.197 -31657.197
-88325.847 -58780.847
-3015810.325 -3157112.325
-464902.441 -325018.441
-202994.486 -242928.486
358814.830 379883.830
-30290.149 51507.851
355139.619 262128.619
-96901.658 -39614.658
No Collision
No Collision
-268457.948 -359271.948
No Collision
No Collision
No Collision
No Collision
74284.809 74714.809
-12307.540 8726.460
No Collision
No Collision
48392.967 108913.967
No Collision
84004.140 47092.140
No Collision
-83794.072 -75431.072
No Collision
177595.679 196233.679
No Collision
No Collision
No Collision
-142781.014 -60609.014
No Collision
No Collision
-104782.753 12377.247
No Collision
5352.574 4948.574
-54402.140 -50142.140
566796.639 518137.639
No Collision
No Collision
No Collision
1448520.544 1513497.544
-433229.216 -328722.216
96971.280 -12433.720
-46545.170 79928.830
No Collision
No Collision
-594941.440 -514660.440
No Collision
101413.164 130017.164
-87668.395 8142.605
58006.683 202471.683
61318.320 76020.320
-112484.058 -47452.058
No Collision
30349.295 36951.295
-88348.621 19610.379
No Collision
No Collision
28472.308 148128.308
2997120.800 2904073.800
No Collision
No Collision
No Collision
-49579.870 31270.130
No Collision
No Collision
No Collision
No Collision
No Collision
No Collision
22802.109 -100207.891
41656.285 6406.285
No Collision
No Collision
7206.177 77476.177
77690.199 -47260.801
No Collision
-1720061.567 -1789802.567
No Collision
No Collision
No Collision
No Collision
57946.362 -27973.638
No Collision
-3728.140 -16860.140
No Collision
No Collision
No Collision
-728406.674 -586119.674
No Collision
No Collision
No Collision
No Collision
142230.577 89460.577
No Collision
No Collision
3030.278 -119407.722
No Collision
-85968.735 -48252.735
-492982.643 -423121.643
70762.640 53209.640
-237570.399 -73223.399
36015.518 50807.518
No Collision
48853.823 78182.823
89474.665 70965.665
No Collision
No Collision
-19291.474 90033.526
No Collision
No Collision
42368.182 39227.182
No Collision
No Collision
-61553.054 -182826.054
-209304.884 -126698.884
No Collision
No Collision
-3329.560 -44255.560
No Collision
-22147.888 -121953.888
-18303.203 33398.797
-213120.890 -349077.890
No Collision
-223408.921 -174324.921
37510.202 -57029.798
-1037563.674 -1082747.674
No Collision
No Collision
No Collision
-21082.703 73835.297
73753.848 173115.848
No Collision
-103883.759 -26644.759
71187.104 89270.104
-198531.446 -380624.446
-75821.677 -55236.677
-45246.875 2141.125
3413.765 -37910.235
-4506.928 74819.072
-867864.909 -728142.909
96530.701 -61876.299
-65771.626 -198773.626
No Collision
-131118.412 -200651.412
-98343.351 852.649
No Collision
101589.214 29963.214
No Collision
No Collision
-151808.527 -77294.527
-150794.812 -15108.812
No Collision
No Collision
-101927.249 -5970.249
232364.229 151910.229
-62477.513 -10011.513
No Collision
No Collision
-358317.309 -441627.309
No Collision
No Collision
No Collision
No Collision
No Collision
No Collision
No Collision
-23584.822 -4027.822
-16090.862 11702.138
No Collision
No Collision
No Collision
No Collision
No Collision
No Collision
304524.408 233863.408
43832.808 35203.808
-77665.528 -75124.528
313693.329 432671.329
No Collision
No Collision
No Collision
No Collision
No Collision
No Collision
373686.528 434329.528
No Collision
101480.265 116789.265
-432384.965 -260356.965
No Collision
No Collision
-820546.667 -756275.667
-43985.828 -74966.828
62222.937 11479.937
36019.604 -54170.396
1291010.845 1425539.845
No Collision
No Collision
No Collision
No Collision
143192.302 91481.302
No Collision
-118765.891 -185742.891
-14459.343 -33551.343
No Collision
No Collision
No Collision
160737.936 92770.936
No Collision
No Collision
186785.154 107224.154
No Collision
No Collision
No Collision
No Collision
472323.907 424911.907
No Collision
No Collision
No Collision
-11041.537 -19837.537
No Collision
No Collision
53265.588 39055.588
No Collision
17032.192 -28363.808
No Collision
No Collision
67380.365 -14475.635
No Collision
95797.992 35320.992
29790.440 -3910.560
-213634.459 -88489.459
67416.772 13091.772
6839.217 17607.217
No Collision
No Collision
No Collision
-190628.210 -33337.210
-66277.987 -16470.987
No Collision
No Collision
285652.795 341641.795
No Collision
-401.891 -43780.891
No Collision
124059.484 221698.484
No Collision
No Collision
No Collision
No Collision
No Collision
No Collision
No Collision
136399.094 165094.094
109457.256 12386.256
15850.266 -55915.734
No Collision
-41245.038 -155345.038
-8812309.592 -8758664.592
No Collision
No Collision
No Collision
40123.849 106781.849
No Collision
No Collision
No Collision
-49205.139 3642.861
No Collision
81079.445 45194.445
No Collision
No Collision
No Collision
202287.372 340644.372
-120312.922 -4517.922
No Collision
129011.895 139075.895
No Collision
-6104725.669 -5941741.669
No Collision
91485.321 4662.321
No Collision
No Collision
No Collision
-36602.911 -64323.911
21359.549 9588.549
No Collision
265838.386 456191.386
No Collision
8297.916 55024.916
No Collision
-164545.144 -112834.144
No Collision
No Collision
84199.176 71642.176
No Collision
No Collision
101083.914 85719.914
No Collision
No Collision
No Collision
418661.209 577449.209
No Collision
185237.618 112866.618
-63371.827 -78833.827
3882261.896 4024766.896
No Collision
No Collision
No Collision
No Collision
No Collision
No Collision
351067.119 360432.119
No Collision
No Collision
92553.901 62674.901
No Collision
92908.958 91102.958
111749.827 11484.827
101269.639 171381.639
-153608.982 -299844.982
-17049.930 -44366.930
No Collision
No Collision
No Collision
No Collision
1624480.938 1501123.938
No Collision
No Collision
No Collision
No Collision
No Collision
-2990580.597 -2925927.597
No Collision
No Collision
721079.995 542261.995
-50164.186 -57113.186
175625.839 238683.839
77290.258 61771.258
5248.708 -25410.292
-128055.275 33675.725
23322.724 -37722.276
No Collision
60155.142 55207.142
No Collision
102822.990 75830.990
No Collision
No Collision
No Collision
No Collision
-26596.364 118611.636
No Collision
-1480385.396 -1331828.396
83924.849 74551.849
No Collision
No Collision
No Collision
5684.972 -36460.028
-259011.193 -306574.193
45269.817 -28452.183
No Collision
No Collision
-75549.859 -82037.859
89536.728 79050.728
No Collision
No Collision
78092.367 -34110.633
32994.118 63106.118
-48557.814 -76867.814
No Collision
15802.669 9890.669
-20200.167 16344.833
-37120.450 -92101.450
920.692 -42120.308
226079.620 109265.620
83736.992 8111.992
No Collision
60319.275 54351.275
-5441.460 -93358.460
-55058.617 -22584.617
No Collision
No Collision
-50688.972 13868.028
No Collision
-183824.215 -57752.215
-7656.996 -39109.996
31811.486 25096.486
2465.929 23821.929
-11187.054 55719.946
No Collision
-52070.243 -46121.243
No Collision
No Collision
140179.476 153666.476
13362.725 54091.725
No Collision
No Collision
No Collision
No Collision
No Collision
No Collision
No Collision
165395.756 72132.756
-517327.890 -463588.890
9132.008 60988.008
-410673.280 -498183.280
No Collision
No Collision
No Collision
114564.493 88000.493
No Collision
27683.160 34512.160
142728.829 38989.829
No Collision
No Collision
No Collision
-158480.520 -182091.520
No Collision
48273.615 -130622.385
No Collision
No Collision
No Collision
No Collision
No Collision
No Collision
No Collision
-147548.586 -299562.586
-1685299.357 -1769529.357
No Collision
No Collision
No Collision
-66157.596 39059.404
-72403.415 -102174.415
No Collision
-4259.517 66606.483
-104785.852 -64660.852
No Collision
No Collision
No Collision
No Collision
380589.467 401024.467
-34841.156 -110760.156
48520.229 84162.229
24834.967 30404.967
-6223.893 -36914.893
No Collision
No Collision
-15825.801 -2665.801
-77494.574 54921.426
No Collision
No Collision
-151011.391 -122840.391
-4095.229 -64500.229
-2101.452 -106550.452
No Collision
22880.867 -100797.133
No Collision
No Collision
No Collision
No Collision
No Collision
No Collision
-112276.056 -16564.056
25710.759 -92569.241
No Collision
No Collision
186451.770 217252.770
No Collision
-137920.041 -59702.041
No Collision
-8167.355 15749.645
-60786.594 -27813.594
No Collision
No Collision
-49794.322 -36917.322
-64847.369 -12971.369
No Collision
No Collision
No Collision
-51560.798 -52642.798
-145115.062 -216229.062
64633.288 161147.288
No Collision
No Collision
No Collision
387722.258 443242.258
-550580.097 -463430.097
No Collision
475639.057 547271.057
996733.626 927387.626
5051904.719 4951138.719
-5701.945 -22970.945
No Collision
53168.392 31263.392
-33836.686 16644.314
No Collision
-66586.421 20148.579
1764.418 -26821.582
-59913.941 25065.059
-287850.558 -235558.558
288424.838 188081.838
No Collision
No Collision
14755.349 -64239.651
No Collision
No Collision
No Collision
No Collision
28787.833 -27689.167
No Collision
-564100.498 -489199.498
No Collision
No Collision
-239895.096 -165037.096
No Collision
No Collision
-133318.083 -12208.083
-32614.010 -87991.010
No Collision
No Collision
-140703.491 -159245.491
No Collision
105070.389 8957.389
No Collision
No Collision
No Collision
-9028.826 71412.174
No Collision
No Collision
No Collision
15944.916 61646.916
No Collision
No Collision
No Collision
No Collision
No Collision
-3651.428 26791.572
No Collision
328.845 107418.845
-56434.445 -103008.445
No Collision
61683.744 22769.744
No Collision
No Collision
71087.713 81268.713
-201674.996 -350803.996
No Collision
-7100.569 -70791.569
No Collision
413133.666 232373.666
-74289.268 -68087.268
-413119.654 -436011.654
-256551.049 -129787.049
380204.610 263369.610
No Collision
No Collision
-104394.155 -202157.155
742.844 56043.844
No Collision
No Collision
79013.942 -20009.058
No Collision
No Collision
975839.048 1031573.048
-567126.613 -488434.613
No Collision
No Collision
-74987.681 -82937.681
46240.497 11912.497
No Collision
No Collision
No Collision
-256952.581 -275962.581
No Collision
-811656.110 -751752.110
No Collision
3.073 44463.073
2010987.995 1874129.995
-252770.221 -328125.221
-385655.705 -268830.705
No Collision
No Collision
48711.502 -31234.498
-225428.996 -210038.996
No Collision
295168.684 346015.684
-51584.656 -18351.656
No Collision
32755.442 58029.442
No Collision
No Collision
No Collision
No Collision
No Collision
No Collision
62564.447 -4217.553
No Collision
56467.991 83568.991
-23182.269 19280.731
-42264.957 115096.043
-42300.348 44191.652
No Collision
30069.317 53796.317
-86650.305 84145.695
No Collision
No Collision
No Collision
No Collision
-65542.454 -111247.454
-1659849.515 -1774544.515
No Collision
No Collision
-135171.414 -108449.414
No Collision
No Collision
No Collision
No Collision
No Collision
-73933.102 -43951.102
No Collision
-88925.013 17453.987
-1168180.382 -1242522.382
No Collision
535349.168 466119.168
No Collision
-43831.162 49805.838
No Collision
1233094.047 1131205.047
No Collision
No Collision
No Collision
-121326.118 14620.882
1579666.252 1716307.252
18801.680 64259.680
No Collision
No Collision
No Collision
No Collision
No Collision
No Collision
No Collision
No Collision
352110.350 229070.350
No Collision
No Collision
No Collision
No Collision
No Collision
-135913.488 -68614.488
No Collision
No Collision
-55544.436 107012.564
26365.636 14128.636
No Collision
-55199.155 108116.845
12097.305 -17147.695
36430.739 -72094.261
No Collision
-277392.056 -167597.056
32804.565 -18522.435
No Collision
89073.475 26190.475
No Collision
-18567.001 -46851.001
No Collision
No Collision
-104880.851 -197384.851
No Collision
-94347.515 -93651.515
No Collision
No Collision
No Collision
-40273.786 7670.214
-65958.208 36878.792
-219444.788 -247716.788
No Collision
No Collision
No Collision
No Collision
-58923.856 -11058.856
-250799.042 -300668.042
69578.272 116766.272
1212095.360 1120857.360
-108548.324 23875.676
No Collision
33773.396 160390.396
No Collision
-61803.506 41830.494
-88248.245 -43863.245
43459.219 126479.219
-9248.589 23939.411
67393.363 1453.363
No Collision
No Collision
No Collision
402903.872 385706.872
No Collision
No Collision
No Collision
-5033.372 -67429.372
89451.397 175723.397
108302.461 -15179.539
No Collision
No Collision
No Collision
No Collision
No Collision
No Collision
