-7750580.165 -7613507.165
No Collision
No Collision
No Collision
No Collision
No Collision
No Collision
No Collision
-89563.487 -88552.487
8777.918 -70428.082
No Collision
78934.352 67273.352
-443621.951 -291167.951
No Collision
-126768.523 -199907.523
No Collision
No Collision
340023.533 218749.533
15398.488 45889.488
-187850.183 -70036.183
No Collision
No Collision
No Collision
41791.650 51038.650
No Collision
No Collision
No Collision
No Collision
38653.220 45601.220
316409.032 411172.032
92821.206 72104.206
No Collision
-74610.512 25520.488
No Collision
No Collision
-139817.574 -198385.574
21569.388 -147733.612
No Collision
-326532.413 -425467.413
No Collision
546732.621 628070.621
No Collision
-107345.074 12559.926
No Collision
-87581.766 -82627.766
937157.378 999058.378
No Collision
109974.077 79095.077
No Collision
-19924.987 -26961.987
No Collision
-80351.071 -66279.071
No Collision
-167487.673 -200527.673
No Collision
-192370.698 -114737.698
No Collision
-242593.295 -174743.295
48695.457 44093.457
-46599.529 53065.471
No Collision
37911.926 -110690.074
53904.521 -42493.479
No Collision
No Collision
2434388.166 2314408.166
75029.588 148455.588
No Collision
-110081.618 -77814.618
No Collision
72566.392 62863.392
-261140.882 -132279.882
No Collision
-51702.152 -38598.152
No Collision
-1114918.045 -1257107.045
No Collision
No Collision
106275.031 93871.031
No Collision
No Collision
7941.293 120007.293
-95662.598 -13989.598
No Collision
No Collision
No Collision
No Collision
No Collision
58645.602 60282.602
33930.415 -22566.585
-195075.728 -299206.728
30338.944 64637.944
No Collision
-31124.319 39716.681
No Collision
No Collision
26184886.260 26260916.260
13135.433 -63363.567
72054.891 65644.891
No Collision
-146637.166 -117853.166
No Collision
No Collision
No Collision
No Collision
No Collision
No Collision
No Collision
No Collision
-22909.985 -52458.985
No Collision
-13411.193 66635.807
240047.107 135879.107
No Collision
1552.122 -91586.878
No Collision
No Collision
No Collision
-43958.320 -69496.320
55648.678 164408.678
-25487.600 52473.400
No Collision
-26602.443 -143407.443
No Collision
No Collision
54427.364 117665.364
-264693.309 -209876.309
72437.532 -12259.468
-57779.319 -164454.319
-118955.517 -221004.517
50217.917 51693.917
No Collision
No Collision
44953.342 -92164.658
No Collision
No Collision
-140479.350 -100759.350
No Collision
No Collision
No Collision
No Collision
No Collision
No Collision
853766.252 973464.252
No Collision
1667141.040 1811515.040
-197961.266 -62874.266
No Collision
No Collision
No Collision
No Collision
13817.948 -71579.052
109266.514 -37057.486
92316.951 45389.951
-84708.652 -89199.652
-65937.421 -42284.421
-85218.637 -7318.637
-1905952.095 -2013499.095
No Collision
26149.091 -111212.909
-36141.492 -1830.492
No Collision
50527.616 -42760.384
No Collision
No Collision
No Collision
-339193.324 -440184.324
No Collision
-108364.062 -24617.062
No Collision
No Collision
-89402.769 -35476.769
-21757.170 49158.830
-18301.939 30586.061
-143885.680 -129197.680
-31322.445 50698.555
52966.432 -1989.568
-146657.483 -54206.483
No Collision
-183547.635 -244245.635
No Collision
-19514.351 -31863.351
No Collision
391215.208 294492.208
No Collision
No Collision
No Collision
No Collision
No Collision
No Collision
-266835.931 -108826.931
139669.705 289493.705
No Collision
-51141.556 -13499.556
-99825.557 -42003.557
No Collision
-317682.275 -187442.275
122966.886 150182.886
No Collision
-152707.738 -63939.738
No Collision
58557.824 87896.824
No Collision
No Collision
No Collision
No Collision
No Collision
-80578.379 -71458.379
7370.230 -34902.770
No Collision
No Collision
No Collision
-46232.917 -31103.917
-10492.086 159036.914
12788.285 -42796.715
No Collision
No Collision
No Collision
No Collision
-5687.684 -42578.684
No Collision
No Collision
No Collision
-83481.896 -54429.896
83373.115 88697.115
No Collision
No Collision
887689.161 945819.161
No Collision
No Collision
No Collision
No Collision
No Collision
No Collision
76924.661 99957.661
-234564.677 -388984.677
61064.195 5666.195
-44664.658 -45202.658
No Collision
No Collision
37225.163 1568.163
No Collision
No Collision
-110159.575 15444.425
No Collision
No Collision
No Collision
79682.368 90212.368
72730.405 106742.405
No Collision
-2124.178 -56540.178
-589.574 -29323.574
-77628.840 -24634.840
30722.328 57110.328
No Collision
-22129.142 31509.858
178991.149 34172.149
-84584.004 -60211.004
99540.815 35196.815
46123.457 102867.457
130508.126 -3005.874
No Collision
-72068.763 -91230.763
733293.292 592687.292
-109297.780 26123.220
No Collision
744885.844 771535.844
No Collision
No Collision
-183068.007 -35865.007
32240.958 90265.958
379391.464 341844.464
No Collision
No Collision
-1247780.962 -1339059.962
39916.256 171560.256
No Collision
No Collision
-208601.700 -56453.700
350306.351 341623.351
No Collision
No Collision
58395.941 -20300.059
No Collision
-85070.142 89485.858
No Collision
No Collision
1151083.037 965054.037
No Collision
-336644.551 -292746.551
No Collision
33492.087 19610.087
-231518.085 -228154.085
No Collision
-98743.405 -143216.405
No Collision
-310096.979 -264584.979
No Collision
51147.646 172099.646
26464.569 -60080.431
117195.063 121039.063
No Collision
27451.238 -5977.762
129459.769 157970.769
No Collision
No Collision
154778.932 101108.932
109035.179 42557.179
No Collision
No Collision
26620.733 88550.733
No Collision
No Collision
No Collision
3666.304 162977.304
413075.526 457085.526
-109076.405 -10850.405
26831.818 -110210.182
No Collision
No Collision
-156842.750 -260990.750
22409.827 53410.827
No Collision
No Collision
No Collision
No Collision
48226.552 26034.552
No Collision
-121295.312 38039.688
-4983.585 -109837.585
285473.611 235525.611
-63981.648 -110595.648
20271.903 -51107.097
No Collision
91263.197 93215.197
80857.104 60870.104
67920.090 -37922.910
5063.791 -19950.209
No Collision
-73478.905 -4990.905
-19317.213 -103308.213
62893.156 68834.156
No Collision
No Collision
No Collision
No Collision
29270.689 27118.689
No Collision
28391.244 58175.244
-65059.964 -46680.964
4523.039 4515.039
No Collision
No Collision
-62209.003 -143433.003
90009.678 95801.678
No Collision
No Collision
No Collision
No Collision
22649.908 6181.908
No Collision
-7308.317 100093.683
No Collision
-134152.016 14308.984
-37126.279 -72620.279
-968580.096 -994462.096
-27051.515 -22630.515
44889.740 53494.740
696692.683 814544.683
No Collision
No Collision
No Collision
-69919.715 22570.285
-108982.276 -149500.276
91038.034 198753.034
No Collision
No Collision
No Collision
-9281.535 54341.465
No Collision
-74551.010 -77346.010
-43082.367 -40277.367
-123852.383 -242599.383
-161058.844 -130130.844
No Collision
No Collision
-26256.085 -59646.085
11590.082 -50688.918
148323.503 38443.503
No Collision
-24623.465 66578.535
-79930.933 -93084.933
-12413.462 30181.538
-42874.248 -6143.248
No Collision
No Collision
No Collision
55787.566 47552.566
No Collision
-111690.600 290.400
29541.118 63083.118
No Collision
No Collision
No Collision
65745.074 192826.074
No Collision
163942.921 182369.921
No Collision
No Collision
No Collision
41029.136 -16544.864
No Collision
No Collision
No Collision
98390.005 184074.005
-47953.132 26047.868
No Collision
-680024.345 -608333.345
-84015.375 -218785.375
No Collision
No Collision
No Collision
86642.490 245941.490
52470.069 99601.069
-3323.200 88393.800
No Collision
No Collision
54404.826 -56748.174
-103305.948 -55684.948
No Collision
No Collision
No Collision
No Collision
No Collision
No Collision
No Collision
55203.287 104375.287
-59746.351 -17647.351
-65302.083 -64952.083
No Collision
No Collision
-929.482 -37547.482
No Collision
No Collision
-135036.658 -240051.658
No Collision
No Collision
No Collision
-847061.319 -866908.319
270025.584 117030.584
39285.442 107000.442
No Collision
-2935.160 59096.840
49268.093 -22332.907
No Collision
No Collision
No Collision
-486291.668 -671645.668
-33414.856 14335.144
-113393.604 -5747.604
-160366.982 -244460.982
No Collision
No Collision
-188620.807 -235023.807
132834.389 47219.389
98871.043 257969.043
No Collision
No Collision
No Collision
-38521.858 -60613.858
No Collision
No Collision
685992.861 757284.861
No Collision
-439461.419 -383490.419
-195131.954 -50996.954
-1511808.873 -1484279.873
-531958.195 -567474.195
No Collision
No Collision
No Collision
No Collision
-26237.321 47974.679
No Collision
-1856969.337 -1742135.337
9373.203 -87720.797
-42739.559 -64710.559
77989.622 69528.622
No Collision
No Collision
No Collision
No Collision
-190835.016 -2805.016
No Collision
-39179.629 23564.371
-55920.540 -18126.540
-54514.905 -106442.905
65267.250 90773.250
No Collision
No Collision
90845.177 34154.177
No Collision
48743.758 65245.758
No Collision
No Collision
No Collision
50438.754 62362.754
No Collision
No Collision
No Collision
No Collision
No Collision
No Collision
No Collision
No Collision
No Collision
No Collision
-77092.883 -207983.883
No Collision
-143362.389 -108517.389
53320.183 69165.183
-4614218.885 -4441150.885
-366598.580 -403130.580
No Collision
No Collision
39307.198 12474.198
-83032.854 -56199.854
71605.842 87897.842
326959.090 243607.090
No Collision
-19729.462 -51770.462
No Collision
47184.963 1385.963
No Collision
No Collision
3681.411 -43353.589
No Collision
No Collision
-110026.325 60142.675
-151528.741 -97194.741
No Collision
116864.260 19646.260
No Collision
-95922.383 -93301.383
No Collision
No Collision
-280797.690 -326747.690
No Collision
No Collision
No Collision
80109.499 -85042.501
No Collision
-24153.792 40122.208
1187.073 -56998.927
No Collision
-66126.033 6265.967
122109.593 14175.593
No Collision
39307.364 234298.364
No Collision
-125866.206 -276903.206
107371.327 183836.327
No Collision
111874.362 250785.362
-27519.824 -28381.824
-19166.337 -77177.337
No Collision
No Collision
No Collision
No Collision
No Collision
368699.490 352755.490
No Collision
No Collision
No Collision
-77780.003 -67211.003
No Collision
-24828.495 10146.505
-118773.159 -66970.159
6485.588 13237.588
-97747.381 -110018.381
3876990.791 3698782.791
No Collision
No Collision
No Collision
No Collision
No Collision
No Collision
No Collision
No Collision
No Collision
206619.506 132793.506
-99887.723 -37194.723
No Collision
-94829.910 11861.090
-228148.308 -353659.308
No Collision
No Collision
No Collision
No Collision
No Collision
42680.714 159640.714
No Collision
No Collision
231001.975 113615.975
No Collision
153807.557 49406.557
63366.536 -28.464
No Collision
No Collision
No Collision
30570.283 26593.283
-35192.948 -201607.948
No Collision
No Collision
No Collision
391135.527 443579.527
7399.636 105070.636
No Collision
-15034.477 -62779.477
No Collision
No Collision
No Collision
No Collision
No Collision
No Collision
No Collision
No Collision
No Collision
129699.484 196420.484
-98507.406 -21012.406
No Collision
-92928.927 63169.073
No Collision
No Collision
No Collision
No Collision
No Collision
No Collision
18875.703 21592.703
No Collision
-522031.612 -377646.612
-225473.087 -231609.087
No Collision
-150288.333 -86576.333
No Collision
-5791.874 -34379.874
-17904.099 -27140.099
No Collision
No Collision
No Collision
-26633.898 -28896.898
No Collision
No Collision
No Collision
No Collision
-16941.779 29696.221
298263.057 322962.057
No Collision
No Collision
No Collision
153801.751 263179.751
No Collision
No Collision
582022.180 656058.180
-4225.832 102189.168
No Collision
2765.681 -70795.319
-275074.534 -150232.534
-524231.799 -444439.799
No Collision
No Collision
No Collision
No Collision
No Collision
No Collision
44792.002 130484.002
No Collision
No Collision
-2194371.278 -2251580.278
2639263.151 2782981.151
No Collision
No Collision
No Collision
No Collision
125884.431 235198.431
No Collision
No Collision
-260312.158 -421477.158
No Collision
-78585.257 -39358.257
-122202.830 -70730.830
1803680.576 1767737.576
15879.365 53713.365
No Collision
No Collision
No Collision
No Collision
-2968.155 573.845
86442.800 165831.800
No Collision
No Collision
No Collision
-74602.329 -36283.329
No Collision
505970.812 373119.812
-73866.073 -97253.073
267451.504 132318.504
No Collision
No Collision
-51668.434 -147654.434
No Collision
No Collision
6605.816 -49389.184
No Collision
103560.210 138738.210
No Collision
No Collision
No Collision
No Collision
-33786.099 -54096.099
-24445.261 755.739
2183.223 -8372.777
-65677.275 22903.725
-20623.863 34819.137
-503348.652 -408675.652
-105934.919 -80088.919
45250.799 107768.799
No Collision
No Collision
39580.598 -45107.402
No Collision
89820.112 54259.112
318501.281 417343.281
25685.536 38530.536
No Collision
No Collision
No Collision
No Collision
-68133.711 -37549.711
No Collision
-108731.014 -9346.014
No Collision
54141.115 17964.115
No Collision
-60884.754 15029.246
No Collision
No Collision
No Collision
No Collision
-207815.138 -179711.138
No Collision
No Collision
No Collision
No Collision
75973.034 74495.034
No Collision
No Collision
-11371.439 4893.561
No Collision
21842.530 -61566.470
No Collision
No Collision
No Collision
No Collision
-138636.850 -97792.850
7655.292 59100.292
-30405.120 -29167.120
No Collision
No Collision
-32538.270 51030.730
No Collision
65972.620 156968.620
-52737.042 -24368.042
No Collision
-30967.417 30144.583
No Collision
219951.848 122843.848
60607.103 118976.103
-473395.689 -439627.689
-125154.750 -78637.750
No Collision
325678.976 245384.976
42121.404 45313.404
66486.183 73835.183
-41654.531 15723.469
-539472.338 -391203.338
87539.497 83778.497
-621392.267 -611399.267
No Collision
No Collision
25011.335 40943.335
No Collision
No Collision
No Collision
-44519.006 -49017.006
No Collision
29561.979 24578.979
No Collision
No Collision
No Collision
No Collision
-373590.516 -508374.516
No Collision
195106.929 111823.929
No Collision
No Collision
-54298.895 -51221.895
No Collision
-95631.887 812.113
-100767.006 -154699.006
68703.221 55561.221
No Collision
-170207.382 -145080.382
No Collision
-85515.403 -150105.403
32899.555 147695.555
No Collision
No Collision
-105961.731 -279783.731
No Collision
No Collision
No Collision
No Collision
-79075.409 -153935.409
-3883.681 -4248.681
No Collision
No Collision
No Collision
No Collision
14535.244 -8130.756
No Collision
No Collision
No Collision
235184.534 378846.534
-82275.459 31314.541
No Collision
53961.165 -64752.835
-36066.073 -201380.073
No Collision
-87448.692 15149.308
-19348.641 53520.359
No Collision
No Collision
-241929.469 -250685.469
153442.206 88108.206
No Collision
No Collision
576594.664 711318.664
-120177.547 -98041.547
-79249.416 -55604.416
29979.417 143916.417
213361.967 236619.967
No Collision
No Collision
No Collision
No Collision
-18284.261 53648.739
-54902.464 -87932.464
No Collision
No Collision
No Collision
97072.396 61214.396
No Collision
No Collision
302356.575 414101.575
No Collision
1783.525 15891.525
1814156.267 1711050.267
No Collision
-63801.723 16349.277
8893064.606 8859913.606
1401833.422 1300496.422
-119793.068 10454.932
-20232.217 -51713.217
No Collision
No Collision
-1897.617 34980.383
49535.534 57736.534
No Collision
No Collision
-62962.917 -99111.917
755666.152 724670.152
No Collision
-31893.436 -22968.436
No Collision
No Collision
-64899.965 -148285.965
No Collision
-57190.564 -18805.564
No Collision
No Collision
57231.866 14627.866
-19956.547 -6133.547
12069.059 166307.059
No Collision
No Collision
No Collision
19552.102 -73982.898
No Collision
No Collision
No Collision
34746.090 -86663.910
No Collision
No Collision
No Collision
-7235.484 25939.516
-51569.996 16347.004
-89584.252 -49397.252
-139650.885 35155.115
19337.546 149157.546
No Collision
-1281947.677 -1460473.677
No Collision
-58552.716 -27177.716
-8292327.715 -8237690.715
37149.160 77912.160
68725.086 28246.086
-45844.783 -11769.783
No Collision
No Collision
No Collision
1373951.832 1508286.832
26869.263 -24763.737
11827.199 12468.199
No Collision
No Collision
No Collision
No Collision
No Collision
-16914.610 -98539.610
No Collision
61589.859 32679.859
No Collision
26759.532 82639.532
128720.838 82300.838
No Collision
363001.023 455580.023
No Collision
-444961.880 -309823.880
No Collision
-58711.445 -47074.445
-30393.290 7211.710
No Collision
52430.232 51183.232
No Collision
-274884.975 -286296.975
No Collision
-43186.560 -20741.560
No Collision
No Collision
No Collision
-290518.581 -186022.581
No Collision
-69896.435 30814.565
No Collision
No Collision
No Collision
60997.389 75282.389
-1138.067 -99761.067
145180.822 251497.822
No Collision
-95039.460 84857.540
No Collision
-108930.862 69039.138
No Collision
117866.089 212275.089
No Collision
-20850.938 -79396.938
-28871.596 75193.404
-702479.751 -619154.751
475959.352 664414.352
-28011.661 -69451.661
-365817.691 -201659.691
209378.742 255384.742
No Collision
-101794.187 -94660.187
-30570.767 -15871.767
No Collision
126228.502 92966.502
No Collision
-14295.111 -74750.111
No Collision
No Collision
246471.710 54918.710
No Collision
No Collision
No Collision
No Collision
-10736.762 -15630.762
-115021.840 -96768.840
-18228.433 -54272.433
-61092.713 -131071.713
-113400.683 28413.317
169366.979 22430.979
No Collision
-65861.521 -51835.521
-79398.582 -52523.582
No Collision
No Collision
No Collision
641092.026 763068.026
52259.739 -7645.261
No Collision
No Collision
No Collision
-210725.751 -326708.751
No Collision
No Collision
5333.168 -9065.832
74427980.787 74556413.787
No Collision
No Collision
83518.448 93926.448
685630.999 514936.999
12045.942 -22898.058
22317.688 29797.688
-89745.826 -99187.826
No Collision
No Collision
No Collision
-77568.727 -23851.727
No Collision
No Collision
-285742.752 -339807.752
-1341166.190 -1276626.190
9321.354 163587.354
11329.803 66599.803
-164114.548 -260165.548
118168.731 136772.731
No Collision
3925.375 -69686.625
47886.620 48494.620
No Collision
No Collision
No Collision
28115.029 30695.029
No Collision
No Collision
No Collision
No Collision
-152722.250 -139852.250
200602.801 136133.801
No Collision
No Collision
No Collision
No Collision
-54563.720 -54904.720
-135353.879 -26532.879
No Collision
105045.397 115447.397
No Collision
No Collision
No Collision
15411.671 20652.671
-93672.603 -111934.603
No Collision
No Collision
No Collision
No Collision
No Collision
145781.828 273628.828
No Collision
No Collision
-194968.895 -88324.895
No Collision
-65822.912 44817.088
No Collision
-102023.333 -169151.333
No Collision
No Collision
-470993.603 -352836.603
No Collision
-15915.209 -1453.209
15333.956 46548.956
-313204.276 -372572.276
No Collision
71915.253 94786.253
No Collision
No Collision
No Collision
No Collision
No Collision
-82427.383 -70968.383
936550.429 958935.429
No Collision
-2647.841 -48686.841
No Collision
330.009 30143.009
No Collision
No Collision
No Collision
No Collision
-71225.454 -38869.454
No Collision
74373.425 39223.425
350992.353 292177.353
19629.745 -72443.255
87792.575 55998.575
73539.106 -11416.894
No Collision
-673496.769 -483476.769
No Collision
-79186.305 -31720.305
No Collision
No Collision
No Collision
-58662.794 -179441.794
No Collision
No Collision
1901875.449 1778550.449
2209.397 133163.397
3660.819 42535.819
No Collision
No Collision
No Collision
-23378.870 6120.130
443750.181 367750.181
-3144.214 21432.786
4135.113 -26576.887
No Collision
No Collision
-364958.598 -518740.598
80648.390 -76435.610
-5185624.403 -5094462.403
No Collision
668433.817 797135.817
-94851.720 33338.280
-142761.533 -197850.533
No Collision
No Collision
No Collision
216016.278 339981.278
No Collision
57332.641 86063.641
No Collision
No Collision
129388.554 -13809.446
No Collision
No Collision
No Collision
944575.215 1008670.215
No Collision
No Collision
2468855.372 2331033.372
-110487.034 -91666.034
61067.478 -60058.522
-153136531.000 -153081947.000
-533504.678 -451558.678
No Collision
No Collision
No Collision
No Collision
126820.710 9540.710
2142695.208 1953376.208
195934.487 232153.487
No Collision
22569.198 54632.198
No Collision
-93333.667 -182942.667
19607.010 -43761.990
No Collision
-3529.844 2951.156
114923.524 36900.524
60242.882 -50515.118
13804.148 112975.148
No Collision
30797.005 107644.005
346223.754 506128.754
No Collision
No Collision
No Collision
No Collision
-372717.020 -245152.020
No Collision
134108.612 243125.612
-27223.044 -23927.044
No Collision
-189053.753 -16311.753
-137515.352 -23924.352
-9293.533 -81619.533
No Collision
No Collision
900024.889 773105.889
No Collision
No Collision
247338.758 291094.758
No Collision
132490.172 138274.172
45159.688 10934.688
No Collision
No Collision
No Collision
20948.923 -19200.077
-59703.170 -50129.170
306451.740 248507.740
33467.820 27935.820
No Collision
75872.150 247690.150
-2960628.267 -3087579.267
No Collision
No Collision
No Collision
66736.009 111290.009
113319.458 89593.458
24232.673 113236.673
No Collision
No Collision
No Collision
-3833250.475 -3998192.475
-8588.790 -11104.790
-136955.127 -242601.127
19063.814 148833.814
185843.140 174051.140
No Collision
-81993.829 -131815.829
No Collision
-89971.809 6826.191
26216.305 -117555.695
91506.545 53553.545
No Collision
No Collision
No Collision
31127.521 157739.521
No Collision
No Collision
-88252.935 -61269.935
22567.200 25786.200
41175.373 124831.373
20325.983 -9504.017
101601.675 20184.675
-46871.350 -26482.350
No Collision
No Collision
2401576.141 2282489.141
70887.022 89083.022
-70173.726 -72874.726
No Collision
No Collision
No Collision
-34048.342 -82112.342
132553.464 5461.464
50702.907 51751.907
-141747.763 -71513.763
1006641.088 1056097.088
No Collision
No Collision
-197008.863 -100453.863
No Collision
No Collision
28445.945 14090.945
No Collision
No Collision
8446708.586 8319280.586
No Collision
-119437.964 -170131.964
-42189.984 -45596.984
No Collision
No Collision
No Collision
No Collision
-34582.580 34369.420
No Collision
No Collision
No Collision
No Collision
No Collision
No Collision
-2242.505 -102716.505
124707.568 193420.568
No Collision
-69182.591 -79259.591
No Collision
258960.790 361145.790
762724.278 706364.278
No Collision
No Collision
-44617.816 -51176.816
-53997.748 -26177.748
No Collision
116536.846 238966.846
-28424.912 35592.088
33538.649 -23088.351
No Collision
10813406.240 10715978.240
No Collision
-21339.651 -20887.651
No Collision
No Collision
5746.101 39824.101
-64140.723 -4512.723
No Collision
No Collision
-54117.782 37602.218
No Collision
-24067.141 52959.859
-474448.817 -559656.817
-25806.276 -37146.276
-46774.097 64043.903
No Collision
No Collision
-63859.133 -69542.133
-2182.165 25557.835
No Collision
No Collision
No Collision
No Collision
No Collision
29969.238 73882.238
3831531.513 3766757.513
-107632.563 -71471.563
4127.037 42953.037
No Collision
17299.468 28880.468
No Collision
230753.053 199485.053
-33688.539 -38682.539
-282684.266 -147923.266
No Collision
No Collision
No Collision
62346.362 101515.362
No Collision
No Collision
91060.417 113952.417
-10188.974 -48389.974
No Collision
No Collision
-24818.190 44406.810
No Collision
-249563.093 -367659.093
No Collision
No Collision
76555.373 10378.373
99237.856 291384.856
No Collision
No Collision
No Collision
3183.253 108890.253
No Collision
No Collision
-15892.551 73484.449
No Collision
No Collision
No Collision
-153525.849 -107288.849
-74112.273 -79447.273
No Collision
245264.065 305255.065
No Collision
-202071.647 -371795.647
No Collision
No Collision
-831468.733 -810337.733
No Collision
-23989.908 76429.092
-26192.357 -54659.357
No Collision
-107404.411 -200047.411
No Collision
67297.998 16866.998
-30938.561 -118703.561
-1883.098 -20452.098
-3599016.775 -3548426.775
154173.430 21245.430
53232.613 -43923.387
No Collision
No Collision
No Collision
-42607.708 -14145.708
No Collision
69838.688 70913.688
85292.330 90834.330
52199.486 -9405.514
-87120.705 -58609.705
-143668.109 -175549.109
No Collision
84503.963 91396.963
No Collision
32094.793 3268.793
30160.321 63432.321
No Collision
-327420.383 -246879.383
No Collision
No Collision
No Collision
No Collision
-253594.515 -261404.515
No Collision
No Collision
-22354.034 -8977.034
230384.788 82541.788
No Collision
No Collision
No Collision
721428.904 768760.904
No Collision
-512146.245 -576202.245
-71708.520 52553.480
No Collision
15794.423 28363.423
No Collision
No Collision
-190390.699 -158880.699
-25000.094 -22653.094
No Collision
No Collision
-74003.272 80765.728
No Collision
-41773.608 -22557.608
No Collision
-29644.499 -17467.499
No Collision
108334.626 21153.626
6673052.973 6731574.973
No Collision
128380.104 152301.104
No Collision
No Collision
No Collision
96088.337 150526.337
-54928.738 -58721.738
No Collision
79170.485 35575.485
-1335498.577 -1417550.577
-58033.737 -77616.737
No Collision
No Collision
No Collision
100814.483 35307.483
4241.382 -9113.618
No Collision
-72086.182 -151327.182
No Collision
-15992.890 1007.110
-986958.777 -1047202.777
231030.424 45565.424
171770.629 67326.629
-144014.834 -34219.834
No Collision
No Collision
No Collision
No Collision
11834.256 -37371.744
No Collision
No Collision
-254783.928 -359264.928
-1081586.481 -958159.481
No Collision
-61628.689 -68625.689
-233699.997 -61863.997
No Collision
No Collision
No Collision
No Collision
No Collision
1925655.518 1968399.518
-835294.365 -910882.365
1329450.052 1440063.052
No Collision
No Collision
90246.899 87293.899
No Collision
-4207.219 28593.781
54402.258 -17657.742
707615.503 777379.503
85626.622 123282.622
-84489.667 57135.333
-2171717.742 -2085083.742
No Collision
No Collision
No Collision
65136.108 -53106.892
-47574.114 -40255.114
No Collision
-300264.054 -249080.054
94496.970 28643.970
No Collision
372014.622 181250.622
No Collision
-546744.233 -495076.233
-301545.669 -176367.669
No Collision
No Collision
-113580.379 -139293.379
-49947.986 -28619.986
No Collision
-138625.677 -112793.677
-4238.734 115654.266
44122.775 -18815.225
80353.341 -74085.659
No Collision
No Collision
145993.176 212170.176
-130021.858 -54747.858
No Collision
16443.052 122161.052
24245.529 42280.529
251404.099 322899.099
2118031.603 2087354.603
-304619.801 -342028.801
No Collision
No Collision
-12356.407 78419.593
-165505.796 -306332.796
679034.313 565818.313
96995.327 110395.327
-138256.817 -68838.817
No Collision
68012.306 -986.694
-23980.313 -14133.313
67695.518 -26327.482
No Collision
No Collision
No Collision
No Collision
No Collision
No Collision
-49574.248 -42442.248
No Collision
78106.882 199207.882
-92874.585 -4527.585
-41153.037 -674.037
-72256.321 -21261.321
-1104650.620 -1140302.620
No Collision
-41047.904 -9498.904
No Collision
46867.386 45761.386
No Collision
-54904.119 -38152.119
51478.579 10305.579
No Collision
No Collision
No Collision
No Collision
167108.865 64048.865
No Collision
116696.973 90570.973
No Collision
No Collision
No Collision
No Collision
722362.255 776168.255
No Collision
No Collision
167544.305 42642.305
-98787.834 -110849.834
No Collision
-44661.449 -50122.449
No Collision
No Collision
350769.662 328035.662
No Collision
129304.532 7300.532
No Collision
-57106.737 -174270.737
No Collision
9793.035 -53962.965
No Collision
No Collision
No Collision
No Collision
No Collision
132963.097 202345.097
No Collision
No Collision
No Collision
216967.604 268822.604
-70347.344 -57862.344
No Collision
-260297.774 -224864.774
No Collision
No Collision
42684.211 27892.211
No Collision
No Collision
-51190.370 -2515.370
4559875.213 4671395.213
No Collision
1293759.317 1127319.317
10905.012 187279.012
58351.469 86619.469
-372534.111 -249936.111
No Collision
No Collision
No Collision
-580429.998 -503047.998
No Collision
-102439.156 -172031.156
25780.614 -60878.386
6210.922 -48410.078
1664506.837 1532989.837
No Collision
-126032.411 45405.589
644298.932 686354.932
No Collision
No Collision
No Collision
No Collision
-2726127.538 -2607096.538
-504190.511 -400142.511
No Collision
49802.207 -8183.793
36509.043 27830.043
-60735.358 -18209.358
No Collision
No Collision
No Collision
22848.148 47049.148
32818.454 -47113.546
-4828.630 -40127.630
No Collision
No Collision
79824.631 -71724.369
No Collision
No Collision
85397.207 -18919.793
No Collision
No Collision
11476.295 28808.295
No Collision
190508.215 71719.215
No Collision
-12412.070 -64641.070
No Collision
218204.107 321118.107
No Collision
No Collision
75963.768 29173.768
No Collision
No Collision
No Collision
-504.814 -70239.814
No Collision
No Collision
49443230.408 49519537.408
No Collision
No Collision
-43371.728 -102840.728
No Collision
-17169.733 113942.267
38646.269 103776.269
-12189.851 -53698.851
32198.423 -28860.577
No Collision
No Collision
No Collision
26550.593 15008.593
No Collision
No Collision
No Collision
No Collision
236457.211 293668.211
-29426.980 -91767.980
117550.920 17019.920
-27261.126 -43095.126
-95181.191 -128887.191
6662.076 -150269.924
1030227.687 853103.687
15753.114 67001.114
-266615.018 -434701.018
1206946.933 1135633.933
-88807.278 -8013.278
9381.080 28532.080
66949.000 94388.000
No Collision
-1285619.546 -1421337.546
-171366.200 -96900.200
391349.799 450082.799
No Collision
27512.860 13063.860
No Collision
No Collision
No Collision
No Collision
226660.287 281775.287
No Collision
No Collision
No Collision
No Collision
No Collision
No Collision
-104349.157 18533.843
33883.803 88775.803
538509.932 424110.932
No Collision
No Collision
-500178.715 -407974.715
No Collision
17826.952 -60631.048
No Collision
-12286.084 -31844.084
-58332.823 -957.823
76555.722 60291.722
-3700.137 -95626.137
-1955.613 18768.387
-49563.999 -117757.999
33665.427 37116.427
No Collision
No Collision
15626.353 -96372.647
-43122.702 -79250.702
-10514.169 65053.831
46791.406 -7526.594
-167357.115 -32215.115
No Collision
-199115.067 -100725.067
51338.014 68435.014
174219.911 78445.911
-26356.567 -57477.567
No Collision
-598439.281 -557039.281
No Collision
97296.998 149809.998
No Collision
-115771.243 7573.757
81303.869 34413.869
97731.152 76596.152
No Collision
-52218.001 -191097.001
-34029.596 -84920.596
No Collision
-26106.845 61447.155
-40014.946 -87961.946
No Collision
No Collision
No Collision
-103131.156 -17127.156
No Collision
285770.524 140399.524
49417.026 -54972.974
45224.285 57160.285
No Collision
7251.944 22249.944
-2587.480 53497.520
No Collision
-73345.211 -113812.211
No Collision
20057.888 -9089.112
No Collision
No Collision
29980.639 -120178.361
-6920.139 16232.861
No Collision
No Collision
1200861.807 1027309.807
No Collision
No Collision
-103265.934 -125510.934
No Collision
-242077.749 -377445.749
87091.410 38167.410
No Collision
6572.465 -27536.535
-6408.775 -34232.775
No Collision
No Collision
No Collision
5147.726 -27335.274
-27341.961 -7449.961
-49997.314 34981.686
51283.282 -2570.718
-27774.701 -64127.701
-178675.063 -102457.063
-7721.844 -40137.844
No Collision
-58128.134 35931.866
No Collision
2122714.712 1993826.712
70485.557 60246.557
536140.438 514614.438
-4744.092 -78494.092
No Collision
10764.461 2747.461
No Collision
-224901.917 -296072.917
-9795.410 96215.590
No Collision
No Collision
No Collision
-10193.068 10354.932
90640.810 70948.810
No Collision
No Collision
No Collision
No Collision
No Collision
-39124.564 13534.436
227832.346 239910.346
143874.315 175984.315
No Collision
-378149.984 -398348.984
-308391.632 -172574.632
No Collision
1431456.336 1507852.336
65909.672 13061.672
No Collision
No Collision
-19774.732 -13030.732
19577.876 42019.876
-81413.658 -21318.658
No Collision
-22488.896 101005.104
No Collision
No Collision
No Collision
-53878826.767 -53700770.767
No Collision
No Collision
No Collision
81890.192 177596.192
7831.462 74647.462
217986.695 238436.695
-59972.557 -55728.557
No Collision
119346.868 76946.868
No Collision
49709.608 53910.608
No Collision
No Collision
-63587.299 -79812.299
-3418216.841 -3306269.841
81682.628 82394.628
18611.807 19045.807
No Collision
-83226.281 7795.719
No Collision
-259404.521 -180299.521
30572.810 35649.810
-10206.955 -37217.955
No Collision
-75477.958 2598.042
-167206.769 -210262.769
193657.754 19205.754
21545.989 9510.989
-87970.328 48156.672
925.608 -2563.392
35509.824 11445.824
No Collision
No Collision
-73068.882 -88345.882
874205.968 709924.968
No Collision
153050.740 266828.740
No Collision
63029.640 91259.640
No Collision
-39912.114 26826.886
No Collision
74734.448 -67736.552
No Collision
252416.675 280746.675
No Collision
86098.758 -10319.242
-10175.072 -88251.072
No Collision
56740.943 51502.943
-6161302.492 -5972166.492
No Collision
No Collision
No Collision
11819.541 63216.541
No Collision
73517.672 27316.672
-10343.938 2047.062
No Collision
-165341.534 -278400.534
No Collision
No Collision
No Collision
72256.087 -63557.913
-6975.750 126783.250
-168571.226 -107536.226
No Collision
281368.037 405814.037
No Collision
No Collision
-129022.494 -87440.494
98961.423 55108.423
No Collision
3570220.068 3507078.068
274605.959 361959.959
50191.247 47147.247
70284.944 56064.944
No Collision
-187593.497 -53487.497
No Collision
No Collision
37328.859 -105240.141
40778.340 4702.340
9247.429 20302.429
No Collision
-244004.172 -391096.172
217552.000 340615.000
No Collision
No Collision
No Collision
-74284.069 57473.931
No Collision
No Collision
-28316.381 -21393.381
36817.266 -81723.734
139735.399 280346.399
No Collision
No Collision
No Collision
No Collision
No Collision
No Collision
69406.514 1441.514
No Collision
No Collision
No Collision
17397.639 -97308.361
7036.725 2738.725
51818.150 -84619.850
19895.485 5651.485
No Collision
-21975.576 -14705.576
No Collision
55667.200 70028.200
-336495.671 -415533.671
58230.122 -5068.878
37571.253 67467.253
No Collision
No Collision
No Collision
No Collision
No Collision
No Collision
-133285.191 -61237.191
No Collision
-1011486.725 -956719.725
No Collision
-3256.725 85244.275
No Collision
No Collision
-5608739.651 -5747618.651
No Collision
No Collision
81027.868 37078.868
No Collision
No Collision
No Collision
No Collision
No Collision
No Collision
-73899.212 -56872.212
-254402.728 -110663.728
No Collision
No Collision
-223257.087 -190600.087
No Collision
-448524.071 -617470.071
No Collision
No Collision
-461893.599 -531812.599
-17736.773 -14212.773
No Collision
75947.541 134361.541
-2915.622 144690.378
-424792.680 -378666.680
No Collision
68946.452 67515.452
No Collision
No Collision
No Collision
69371.874 21064.874
127159.281 11342.281
No Collision
No Collision
No Collision
-62117.264 -16593.264
No Collision
78026.393 50792.393
No Collision
-103413.164 -19495.164
No Collision
No Collision
120728.993 148006.993
162282.427 83885.427
36206.439 -87940.561
-171500.660 -107874.660
-82145.044 -134539.044
-257297.995 -178133.995
No Collision
No Collision
No Collision
-39815.213 -2941.213
-50104.459 -114370.459
-386742.649 -471655.649
-18084.669 -83148.669
29259.698 46028.698
No Collision
No Collision
No Collision
No Collision
209879.805 87702.805
33920.676 12625.676
No Collision
No Collision
No Collision
-17121.371 -69127.371
-301.091 -127578.091
No Collision
No Collision
No Collision
No Collision
64826.166 72185.166
No Collision
64895.100 84124.100
5109.247 -7903.753
No Collision
-44971.265 -131479.265
No Collision
No Collision
No Collision
No Collision
-3066621.801 -3135077.801
No Collision
No Collision
13408.958 152834.958
No Collision
No Collision
No Collision
No Collision
No Collision
-171199.480 -20772.480
No Collision
No Collision
105664.681 34364.681
No Collision
No Collision
2903.335 10858.335
117237.740 15792.740
106807.924 127291.924
59.219 25986.219
No Collision
449326.068 255638.068
-41324.097 -2612.097
169448.668 71830.668
-51531.855 -54124.855
No Collision
No Collision
237770.630 186304.630
No Collision
No Collision
380820.893 294563.893
4140.909 -44671.091
No Collision
No Collision
No Collision
35586.658 33789.658
No Collision
-86906.527 -69642.527
No Collision
330020.291 136448.291
-203952.270 -159504.270
No Collision
No Collision
No Collision
No Collision
No Collision
No Collision
85697.155 150927.155
No Collision
42534.510 -2929.490
No Collision
No Collision
No Collision
No Collision
-101240.482 -84465.482
No Collision
-8929.441 146591.559
No Collision
No Collision
111029.429 186635.429
No Collision
-38588.731 -69999.731
-69651.100 -52994.100
No Collision
No Collision
No Collision
No Collision
95202.601 140591.601
No Collision
No Collision
730811.793 674098.793
No Collision
No Collision
-66395.938 -90306.938
No Collision
-110888.587 -175982.587
212517.956 134736.956
-163707.723 -45508.723
No Collision
92081.819 83480.819
-28330.390 -94929.390
No Collision
No Collision
No Collision
No Collision
No Collision
No Collision
No Collision
13010.560 7371.560
No Collision
No Collision
248259.075 359490.075
62557.042 55390.042
No Collision
11362.444 46123.444
No Collision
No Collision
20190.534 172349.534
No Collision
No Collision
18791.019 -21626.981
60427.342 97229.342
No Collision
-115074.800 -168286.800
94807.962 -1840.038
-77590.010 95165.990
-183494.234 -105640.234
No Collision
-87811.786 -81411.786
No Collision
-77520.216 41584.784
No Collision
-29800.100 -8402.100
35025.641 -28187.359
No Collision
No Collision
No Collision
3213.868 91272.868
No Collision
No Collision
No Collision
-1954.449 -47424.449
-139837.297 -39011.297
No Collision
No Collision
87961.193 -8571.807
No Collision
9810.457 -83946.543
No Collision
-1027839.408 -1118088.408
43548.014 -38456.986
-4457.446 -126503.446
69005.929 20785.929
No Collision
-87790.771 -83830.771
305854.708 262582.708
36902.288 42668.288
-16367.005 24026.995
No Collision
No Collision
-21201.372 -89535.372
No Collision
No Collision
No Collision
No Collision
-16729.145 44473.855
No Collision
-53193.920 -39720.920
No Collision
-19882.521 -21897.521
No Collision
No Collision
-102602.265 -54659.265
No Collision
No Collision
No Collision
91484.152 54339.152
99390.677 280574.677
No Collision
-67560.556 -51501.556
15716.507 68469.507
-958068.582 -788009.582
-39562.329 -16190.329
47131.465 89258.465
No Collision
64844.369 40251.369
1339430.549 1489207.549
No Collision
No Collision
73872.845 -97877.155
255073.166 204764.166
-26225.979 -17452.979
No Collision
No Collision
-406313.906 -501314.906
-3177.621 -128814.621
60528.299 75429.299
-51.752 5740.248
-8174.175 53254.825
No Collision
No Collision
No Collision
153619.963 253478.963
-112000.737 -88162.737
No Collision
13387.361 56326.361
-114511.998 -16822.998
No Collision
-1069728.185 -1182669.185
-54870.270 36211.730
No Collision
39202.980 120113.980
No Collision
7925.792 37415.792
360621.834 516004.834
No Collision
No Collision
7768.107 24242.107
-21925.926 -28191.926
No Collision
328596.892 368014.892
No Collision
-324418.711 -227254.711
No Collision
No Collision
No Collision
98792.666 71982.666
No Collision
No Collision
560500.281 614908.281
No Collision
No Collision
-277856.931 -221757.931
No Collision
No Collision
-61001.116 -281.116
4457435.804 4371687.804
No Collision
No Collision
23062.378 7182.378
No Collision
No Collision
No Collision
10825.318 -5639.682
No Collision
No Collision
No Collision
-37907.037 -299.037
58647.732 40626.732
No Collision
No Collision
21380.319 -32551.681
No Collision
No Collision
No Collision
-26971.379 -127741.379
No Collision
9976.317 -43082.683
No Collision
-786862.593 -761913.593
No Collision
No Collision
-19199.447 -110082.447
No Collision
-51627.926 -68357.926
-29103.309 -30211.309
1299163.629 1448145.629
74217.811 37558.811
934153.468 848790.468
No Collision
-96805.154 -58846.154
No Collision
37547.513 21436.513
-159094.790 -202578.790
No Collision
No Collision
No Collision
No Collision
No Collision
137967.965 -18566.035
44171.795 -42015.205
No Collision
-235788.227 -372587.227
No Collision
-1204549.497 -1097630.497
No Collision
-10498.203 -28430.203
No Collision
No Collision
40733.353 41695.353
125382.490 231991.490
No Collision
No Collision
72850.295 12707.295
No Collision
No Collision
No Collision
-133313.218 19426.782
211128.041 114388.041
45812.307 -85852.693
No Collision
No Collision
33252.048 -3045.952
No Collision
No Collision
No Collision
No Collision
No Collision
319723.842 424177.842
-2690.467 21902.533
No Collision
2027251.626 1903750.626
101658.933 21204.933
-55483.305 -45735.305
No Collision
No Collision
No Collision
-7056.890 51071.110
No Collision
No Collision
No Collision
No Collision
17881.539 -67581.461
No Collision
-138675.107 -100881.107
120719.836 58738.836
No Collision
No Collision
-28397.212 -76381.212
534088.291 632826.291
-56001.604 -345.604
No Collision
No Collision
152600.115 4691.115
42709.345 -26196.655
No Collision
-171483.409 -283017.409
-113535.094 -60345.094
No Collision
No Collision
30126.705 37672.705
No Collision
No Collision
No Collision
550399.670 423105.670
-123922.432 -96759.432
-70685.481 -23824.481
No Collision
No Collision
No Collision
51820.830 45416.830
-307831.130 -259269.130
No Collision
No Collision
-28704.069 -32802.069
187583.691 252869.691
No Collision
-27400.741 1799.259
78088.002 -30962.998
187840.579 148595.579
No Collision
No Collision
-456692.331 -532205.331
-76744.871 -56545.871
No Collision
-55271.262 68648.738
-743.125 -69233.125
No Collision
No Collision
No Collision
No Collision
No Collision
No Collision
No Collision
98576.697 26259.697
-93559.034 -42134.034
No Collision
-49210.882 6730.118
No Collision
20439.878 13979.878
185738.381 79411.381
No Collision
No Collision
No Collision
-43002.974 -50449.974
44314.354 -11922.646
4755741.237 4670987.237
No Collision
938167.288 1071663.288
-23740.035 -18438.035
-18289.819 -36716.819
No Collision
No Collision
256014.511 137927.511
No Collision
No Collision
-26849.456 90227.544
-58063.822 -114403.822
No Collision
847090.699 684320.699
No Collision
-11911.763 113239.237
-3506.348 64292.652
No Collision
No Collision
No Collision
66879.329 61852.329
-70039.750 -43691.750
-42588.323 70176.677
16398.954 77836.954
-93827.021 -114249.021
No Collision
74781.898 27375.898
-65277.628 -81329.628
170845.529 109845.529
No Collision
-1143.584 79903.416
No Collision
43113.081 89804.081
No Collision
No Collision
No Collision
-1230405332.364 -1230475830.364
143377.004 53057.004
No Collision
217455.246 186573.246
No Collision
62032.381 21252.381
No Collision
No Collision
No Collision
37593.513 -137162.487
65007.873 18486.873
No Collision
No Collision
No Collision
No Collision
483168.624 328904.624
-28588.869 -9719.869
No Collision
No Collision
No Collision
386977.331 306157.331
-58872.504 111309.496
No Collision
No Collision
-417.729 -47241.729
No Collision
137806.587 78434.587
2233.719 -42403.281
No Collision
77136.185 56877.185
No Collision
-93350.641 -84884.641
67385.240 52114.240
No Collision
No Collision
No Collision
-78719.877 -8948.877
No Collision
No Collision
45302.926 54675.926
296304.877 405548.877
No Collision
-1701430.772 -1789106.772
No Collision
5678.611 -8785.389
No Collision
-18179.949 -49128.949
No Collision
978.553 56065.553
-51712.491 -45422.491
-274948.982 -135828.982
No Collision
No Collision
No Collision
No Collision
341173.419 311617.419
-27769.803 -31738.803
No Collision
751849.984 944150.984
-35412.487 -64091.487
No Collision
No Collision
No Collision
32783677.258 32813596.258
90440.927 53373.927
No Collision
No Collision
No Collision
No Collision
No Collision
No Collision
-19032.998 66175.002
-93667.484 -29893.484
34976.894 20955.894
No Collision
25067.024 154058.024
No Collision
No Collision
158696.555 51624.555
55963.940 -86538.060
48964.460 25765.460
No Collision
No Collision
-11899.722 49904.278
No Collision
No Collision
No Collision
-16630.005 -32820.005
No Collision
345353.326 471135.326
-46842.903 71605.097
No Collision
-54818.222 57918.778
-80640.066 -60891.066
No Collision
67518.792 -25625.208
-42291.011 11541.989
No Collision
No Collision
-81342.740 -93367.740
No Collision
No Collision
-690657.750 -578889.750
No Collision
-455677.538 -503952.538
-126653.567 -67814.567
No Collision
-131439.923 -94772.923
No Collision
No Collision
2252263.243 2362626.243
-387426.029 -365970.029
-61724.909 -125565.909
No Collision
61606.074 -43412.926
-1098283.625 -1219689.625
No Collision
-45148.612 -161204.612
No Collision
No Collision
No Collision
-26629.138 43739.862
No Collision
-19991.291 -25940.291
95028.239 6772.239
248382.062 278731.062
No Collision
No Collision
No Collision
No Collision
-556942.708 -667057.708
37221.113 39458.113
No Collision
No Collision
No Collision
5075.626 -139953.374
57364.657 53048.657
No Collision
No Collision
No Collision
No Collision
No Collision
No Collision
85191.842 -34313.158
No Collision
-88114.312 -56161.312
No Collision
-47906.487 -134758.487
4920.083 -13897.917
No Collision
No Collision
No Collision
No Collision
No Collision
No Collision
58650.913 59253.913
76488.260 51379.260
20238.601 62940.601
No Collision
85846.871 126677.871
No Collision
1817.243 -21849.757
610994.044 738548.044
No Collision
158306.549 78899.549
-72143.187 -149460.187
414365.952 382092.952
45418.174 18074.174
47293.636 -14777.364
No Collision
16177.852 65280.852
38962.886 -74987.114
-382864.615 -238362.615
525562.362 476781.362
-73473.525 43079.475
No Collision
No Collision
No Collision
No Collision
No Collision
No Collision
-36507.386 -112311.386
No Collision
No Collision
No Collision
110650.048 -44240.952
-32271.862 -121531.862
No Collision
-1186279.600 -1286168.600
-38622.409 -173248.409
No Collision
189341.857 113627.857
-29681.676 16793.324
No Collision
No Collision
216843.349 60740.349
No Collision
-59128.376 -146499.376
No Collision
No Collision
-97941.419 -123609.419
-17801.079 -69647.079
49910.654 140378.654
-40970.810 -118978.810
No Collision
-1349451.650 -1513655.650
No Collision
No Collision
No Collision
-18395.327 44530.673
843.850 -94258.150
No Collision
-4269.738 92660.262
-91684.197 -94421.197
No Collision
No Collision
No Collision
No Collision
-231275.306 -245292.306
No Collision
-106835.749 14664.251
-98664.015 -49639.015
91827.404 93240.404
No Collision
No Collision
No Collision
-28518.440 33785.560
No Collision
358211.632 480604.632
1347090.022 1402302.022
74255.364 83183.364
-105996.328 -121719.328
71173.825 5028.825
9464.183 14692.183
No Collision
-113237.723 -27407.723
No Collision
No Collision
-121830.303 -7457.303
No Collision
No Collision
83277.693 -66387.307
No Collision
112100.285 78858.285
1062159.669 934186.669
No Collision
No Collision
-17160.292 -46328.292
52273184.787 52319478.787
No Collision
51277.825 220458.825
No Collision
3260029.251 3171621.251
-67033.273 -35583.273
-17254.206 67453.794
-20626.650 -59144.650
31487.936 -18021.064
No Collision
63553.764 42117.764
No Collision
323205.719 479018.719
-88491.752 -42453.752
No Collision
No Collision
32861.599 46349.599
21575.853 28501.853
-260713.637 -207376.637
-800867.520 -773011.520
No Collision
707434.669 642657.669
1367258.608 1273089.608
No Collision
No Collision
-3622429.933 -3555822.933
105125.993 29745.993
-1849952.194 -1870068.194
No Collision
166587.129 239545.129
No Collision
No Collision
13841.192 46933.192
No Collision
-93185.163 93127.837
No Collision
No Collision
No Collision
-44491.903 -63259.903
No Collision
87352.160 78675.160
No Collision
-62755.174 -23404.174
No Collision
305338.187 224374.187
-59572.318 -69104.318
No Collision
156820.302 70926.302
No Collision
No Collision
111645.771 131172.771
57297.322 28951.322
-1723.454 12761.546
No Collision
-278191.298 -113815.298
518302.263 581754.263
No Collision
No Collision
No Collision
No Collision
No Collision
14653.160 150388.160
No Collision
No Collision
No Collision
No Collision
No Collision
No Collision
-1071538.340 -1007503.340
No Collision
2709.808 67650.808
-67028.693 -4095.693
276043.968 395783.968
72370.202 -17913.798
No Collision
No Collision
40706.663 -63060.337
129333.674 54716.674
-360979.394 -274299.394
No Collision
-172558.180 -217418.180
38112.669 -35555.331
No Collision
No Collision
-6013.265 -115728.265
133048.470 18339.470
No Collision
-4131.633 -9495.633
-4435.204 7422.796
-46202.982 -80255.982
No Collision
No Collision
No Collision
No Collision
-113235.266 38699.734
249975.154 215333.154
No Collision
-559783.760 -664896.760
81721.521 -87757.479
No Collision
No Collision
No Collision
-49235.334 71964.666
-66602.108 -21832.108
-165151.985 -214949.985
No Collision
6669523.917 6556437.917
56749.224 21385.224
No Collision
No Collision
No Collision
-723164.749 -629452.749
No Collision
1676426.929 1497058.929
No Collision
No Collision
-64788.102 52284.898
No Collision
112408.601 141397.601
-120929.814 38477.186
No Collision
No Collision
No Collision
108847.152 114219.152
No Collision
-321130.555 -201264.555
80702.353 137582.353
-1363.887 11721.113
-49668.232 -109568.232
No Collision
200731.460 177041.460
No Collision
No Collision
-297228.561 -174295.561
373381.027 227798.027
-15675.728 1266.272
166969.568 289071.568
88529.285 -75394.715
-7606004.853 -7638644.853
-73022.562 -65088.562
102101.357 101279.357
488457.580 327061.580
-39270.690 -75711.690
-114573.976 -66047.976
No Collision
No Collision
No Collision
-28217.367 -98878.367
-20246.398 -41685.398
No Collision
1114270.447 1185289.447
No Collision
No Collision
No Collision
No Collision
-14981.132 -58318.132
130767.966 87758.966
12562.777 51906.777
42240.345 31138.345
No Collision
No Collision
No Collision
No Collision
No Collision
-651757.377 -501398.377
47062.186 20395.186
No Collision
No Collision
No Collision
153833.995 208179.995
-460625.925 -400452.925
-38791.266 -102630.266
496395.829 541155.829
-76697.738 -50718.738
-83975.424 33241.576
No Collision
No Collision
41497.803 90115.803
-420141.686 -389366.686
No Collision
82753.341 198016.341
-1046355.344 -993604.344
No Collision
No Collision
No Collision
No Collision
45021.432 149269.432
102890.573 63342.573
-98825.023 -10187.023
No Collision
-172801.599 -279829.599
-1817717.727 -1860380.727
No Collision
No Collision
No Collision
No Collision
-50701.530 -55993.530
No Collision
No Collision
8940.813 -14948.187
-93769.235 -57046.235
55159.510 -7993.490
No Collision
-57.497 -150868.497
-74783.321 -84217.321
60600.454 -31851.546
No Collision
No Collision
No Collision
No Collision
No Collision
No Collision
46975.016 127665.016
-97078.610 -56858.610
No Collision
No Collision
-130853.792 -88261.792
No Collision
No Collision
No Collision
No Collision
No Collision
-39529.943 35041.057
No Collision
31085.030 -48617.970
159324.703 106806.703
No Collision
-141338.457 -77257.457
No Collision
No Collision
545471.499 646890.499
No Collision
-14880126.512 -15020552.512
84923.186 84341.186
-42308.691 14635.309
-47076.436 -70269.436
No Collision
No Collision
No Collision
No Collision
No Collision
25584.008 190686.008
84421.166 115347.166
No Collision
No Collision
549433.686 670535.686
No Collision
No Collision
522305.342 454729.342
No Collision
81179.838 164489.838
-62906.767 -25099.767
232705.012 374912.012
100254.961 -21585.039
No Collision
22667.714 -30919.286
-226303.548 -98899.548
-144761.753 -214747.753
No Collision
No Collision
-18054.971 -103749.971
-54954.873 -67969.873
-74052.193 -72871.193
-407891887.286 -407952529.286
-148150.525 1041.475
No Collision
-56311.788 -52819.788
-11126.690 59241.310
114287.000 19334.000
No Collision
-32408.428 -82873.428
No Collision
No Collision
No Collision
24580.995 -92769.005
5970.804 -45013.196
No Collision
No Collision
104783.775 73544.775
No Collision
No Collision
No Collision
747137.215 669160.215
-71641.754 14661.246
No Collision
No Collision
No Collision
-989210.927 -1161909.927
-141.013 29149.987
381128.040 336075.040
71697.840 101841.840
No Collision
No Collision
No Collision
No Collision
No Collision
-12572059.363 -12460681.363
No Collision
No Collision
-5090.058 -41027.058
No Collision
81768.730 9834.730
No Collision
-226812.404 -255816.404
-491280.485 -417954.485
-310832.735 -219467.735
-814615.798 -697878.798
19079.451 56963.451
No Collision
-2560.693 79792.307
-110572.725 -228094.725
No Collision
-156805.952 -111903.952
No Collision
3668737.403 3737358.403
101009.414 80186.414
No Collision
No Collision
-330753.886 -396249.886
-85275.032 40565.968
No Collision
No Collision
808490.413 701862.413
-46846.113 -45094.113
212424.238 251786.238
No Collision
No Collision
No Collision
-280538.947 -398867.947
No Collision
29708.328 45763.328
No Collision
