-4254.502 69687.498
64497.952 72425.952
-8943199.980 -8885962.980
340962.545 493716.545
No Collision
No Collision
-186217.467 -97991.467
No Collision
No Collision
-461695.867 -632826.867
-9933.720 3595.280
No Collision
No Collision
No Collision
111792.262 59967.262
No Collision
No Collision
No Collision
No Collision
No Collision
49031.593 45524.593
-33156.735 47437.265
-117476.541 -84897.541
No Collision
-99212.877 -861.877
No Collision
41764.520 -14325.480
No Collision
11610.565 124637.565
No Collision
No Collision
-18893.890 -55077.890
No Collision
94460.108 130294.108
-678334.092 -596951.092
1982954.677 2034028.677
75962.215 -78248.785
243349.444 157119.444
119257.242 80254.242
No Collision
No Collision
No Collision
No Collision
No Collision
No Collision
-136887.129 -287622.129
No Collision
No Collision
No Collision
249197.184 114223.184
256007.643 217972.643
No Collision
73857.512 79013.512
No Collision
116842.418 202550.418
No Collision
No Collision
No Collision
270082.576 143648.576
172808.284 62481.284
-3440843.600 -3539250.600
27412.672 7513.672
No Collision
No Collision
-4719.619 45912.381
-646225.408 -562489.408
-29371.176 98656.824
No Collision
No Collision
No Collision
No Collision
-27167.757 -35706.757
-171062.796 -122291.796
940996.890 1044398.890
-31870.132 -45541.132
-227820.646 -222073.646
No Collision
No Collision
-236344.290 -271335.290
No Collision
No Collision
1081250.807 974277.807
-52461.580 27327.420
No Collision
-76500.659 -27806.659
-1114301.113 -968553.113
-70879.765 -43560.765
-1906658.934 -2038916.934
32863.570 71783.570
24150.964 4819.964
76270.066 164017.066
141977.870 124100.870
44702.105 39014.105
No Collision
No Collision
-204056.004 -240369.004
-789802.320 -920879.320
510564.105 357710.105
No Collision
No Collision
-191388.205 -245098.205
No Collision
-34304.391 77461.609
215985.304 307736.304
205621.512 201126.512
121508.720 37197.720
-57037.178 -31877.178
-104426.758 -116329.758
No Collision
No Collision
-25773.431 11138.569
-43730.423 -36908.423
No Collision
No Collision
No Collision
No Collision
571891.576 636120.576
No Collision
No Collision
-128839.919 -21743.919
No Collision
-93314.683 -3183.683
195727.431 331044.431
No Collision
No Collision
-41899.747 54751.253
No Collision
45912.191 61814.191
No Collision
-644647.732 -776817.732
No Collision
69050.246 -29419.754
No Collision
No Collision
5451.583 -43835.417
68228.830 24252.830
No Collision
No Collision
No Collision
-21517.101 75912.899
-124750.164 -76502.164
8849.339 6525.339
-450056.557 -454158.557
No Collision
No Collision
No Collision
33810.335 78225.335
No Collision
No Collision
No Collision
No Collision
No Collision
183401.281 301659.281
-97526.374 -81662.374
97647.709 -44435.291
No Collision
-50597.767 -135890.767
-75112.210 30214.790
-75421.973 38792.027
No Collision
No Collision
No Collision
No Collision
-53291.480 -51870.480
20540.302 56164.302
No Collision
No Collision
-17886.182 -22605.182
No Collision
No Collision
No Collision
70466.435 73485.435
No Collision
-111199.277 29173.723
No Collision
-40612.540 -138067.540
No Collision
No Collision
No Collision
20371.419 -26247.581
-102693.347 57257.653
No Collision
-21848.159 117415.841
No Collision
-9974.827 62604.173
37370.806 31365.806
No Collision
No Collision
-56396.153 -109992.153
No Collision
-4866.970 -73507.970
249167.277 302466.277
No Collision
No Collision
No Collision
No Collision
No Collision
No Collision
No Collision
No Collision
No Collision
-29748.240 -8287.240
-350890.962 -161691.962
No Collision
667889.294 797087.294
No Collision
83690.593 6878.593
No Collision
-143953.780 -174673.780
193339.895 168544.895
18040.990 3686.990
-1076989.611 -987823.611
-604706.795 -447880.795
-269620.539 -146273.539
No Collision
No Collision
76427.465 68779.465
43138.338 54542.338
No Collision
-3190795.334 -3242213.334
No Collision
No Collision
-44650.564 -64025.564
45275.948 26115.948
-51970.705 -118047.705
2939432.376 3039810.376
No Collision
No Collision
37434.158 -22993.842
No Collision
No Collision
No Collision
-33660.706 -30443.706
No Collision
26331.151 -108640.849
No Collision
No Collision
-441038.220 -465362.220
2868352.853 2957312.853
57578.348 -110320.652
No Collision
238799.237 372869.237
No Collision
45161.427 -37185.573
-619268.921 -515872.921
No Collision
6337.507 113736.507
No Collision
No Collision
No Collision
No Collision
No Collision
No Collision
No Collision
No Collision
662425.478 711052.478
No Collision
-153753.048 -255413.048
-96426.413 -50767.413
-14911714.488 -14944947.488
-1079.175 -89122.175
No Collision
71887.342 79074.342
No Collision
-37304.002 -9351.002
No Collision
No Collision
No Collision
No Collision
No Collision
-65018.637 -104451.637
No Collision
51978.630 126294.630
No Collision
201706.133 139047.133
117590.880 171126.880
No Collision
No Collision
No Collision
6837.484 -127118.516
No Collision
No Collision
No Collision
No Collision
No Collision
73363.166 -12008.834
-137858.552 -237970.552
-20926.735 -1890.735
No Collision
-95893.053 -80947.053
-661758.595 -755347.595
2732507.623 2800803.623
70426.958 1376.958
No Collision
No Collision
No Collision
No Collision
-842075.449 -661132.449
No Collision
No Collision
-227443.359 -44356.359
No Collision
No Collision
No Collision
43740.057 85741.057
-50838.027 -78983.027
200512.642 44188.642
No Collision
No Collision
No Collision
-138498.582 -37534.582
37040.167 46079.167
92750.881 -70707.119
-211601.260 -127211.260
No Collision
No Collision
No Collision
No Collision
1556242.320 1608295.320
-64832.239 -77460.239
-96842.484 -52104.484
No Collision
No Collision
No Collision
No Collision
7412590.336 7296304.336
No Collision
No Collision
No Collision
-59807.338 -6260.338
No Collision
No Collision
83463.257 89246.257
41336.430 -11970.570
No Collision
No Collision
No Collision
No Collision
No Collision
-23766.119 10474.881
-126177.372 -144450.372
-320597.372 -285711.372
374585.651 323603.651
No Collision
No Collision
-26197.232 -17881.232
-1657185.508 -1839327.508
No Collision
-81597.309 -196620.309
2583747.670 2619916.670
47711.555 124323.555
No Collision
365337.698 494716.698
-135836.726 -85934.726
No Collision
5244303.627 5180723.627
-3144.712 27258.288
-75696.665 -71747.665
No Collision
No Collision
-138564.131 -49237.131
No Collision
No Collision
No Collision
307938.241 248118.241
No Collision
No Collision
No Collision
-49748.994 -7794.994
No Collision
No Collision
232191.658 297237.658
79650.860 9649.860
-33076.170 -76078.170
98954.083 105433.083
No Collision
-134022.113 -7588.113
1177438.160 1272141.160
No Collision
201611.608 381956.608
No Collision
No Collision
296903.924 229361.924
No Collision
No Collision
No Collision
No Collision
No Collision
No Collision
-184788.365 -133656.365
No Collision
No Collision
-76129.429 -105850.429
No Collision
80267.773 128382.773
38282.766 -41797.234
-65084.864 12397.136
No Collision
No Collision
-58034.110 -164206.110
319475.546 259647.546
No Collision
No Collision
-10457.382 4744.618
-60033.755 -46243.755
88814.564 35730.564
551026.610 666003.610
No Collision
No Collision
-80867.569 -271617.569
No Collision
No Collision
-303030.085 -200906.085
No Collision
No Collision
No Collision
No Collision
No Collision
78279.983 82070.983
130815.475 34262.475
No Collision
75555.752 -35480.248
49920.963 -66036.037
-81023.351 77120.649
No Collision
-44703.297 -11695.297
No Collision
No Collision
-53264.030 26130.970
42043.010 -74531.990
No Collision
26499.487 1131.487
No Collision
-113674.897 750.103
No Collision
104142.209 128753.209
No Collision
No Collision
29627.212 80038.212
No Collision
No Collision
23383.237 -39872.763
103885.128 -39782.872
85326.854 55334.854
242818.550 253326.550
No Collision
-55097.861 7826.139
131085.931 233120.931
36297.926 158394.926
-156591.410 -269708.410
No Collision
No Collision
No Collision
No Collision
75193.925 78632.925
No Collision
75130.065 68720.065
No Collision
No Collision
6548.174 -3533.826
No Collision
106524.369 170668.369
No Collision
No Collision
1518722.427 1622319.427
No Collision
No Collision
No Collision
No Collision
12832.029 47248.029
No Collision
68069.083 93364.083
234939.693 136995.693
No Collision
No Collision
70356.027 59202.027
No Collision
68204.588 -708.412
No Collision
No Collision
No Collision
-928921.129 -1013580.129
-78210.033 32993.967
-927499.679 -1053395.679
No Collision
No Collision
-17539.043 -94497.043
No Collision
207704.471 374405.471
No Collision
No Collision
No Collision
No Collision
19588.493 -159399.507
No Collision
81245.358 12066.358
-132493.189 -93511.189
-9477.384 3709.616
123904.970 10747.970
-1051272.059 -940758.059
-8212863.551 -8346015.551
72733.446 46897.446
-148583.298 -66859.298
No Collision
50419.907 11458.907
No Collision
22611.913 62693.913
No Collision
No Collision
244699.654 342707.654
-3463031.905 -3437737.905
-154155.298 -69607.298
No Collision
-55047.348 -178588.348
29396.565 -62443.435
-1350.855 13824.145
725895.437 587010.437
No Collision
-42426.216 94321.784
76146.281 17374.281
-180960.778 -252012.778
No Collision
-524507.909 -660833.909
-36261.255 49963.745
-240091.892 -130628.892
No Collision
No Collision
No Collision
-71498.589 -30755.589
65443.743 52543.743
No Collision
No Collision
No Collision
17323.300 64128.300
No Collision
No Collision
75284.316 118868.316
No Collision
-100412.283 -196486.283
No Collision
97847.019 -48445.981
No Collision
No Collision
89136.950 46970.950
62119.761 149314.761
No Collision
116598.402 139297.402
No Collision
No Collision
No Collision
No Collision
-21961.585 -116636.585
31267.164 77841.164
-1286743.087 -1272859.087
-1716519.169 -1773266.169
No Collision
No Collision
977640.072 926427.072
-187344.128 -229282.128
No Collision
109113.283 126892.283
474792.502 550221.502
No Collision
No Collision
No Collision
-7366.809 -23519.809
-666729.000 -642699.000
-8039.071 28918.929
69748.675 122017.675
-5820.575 34167.425
No Collision
No Collision
-68613.055 -87460.055
-125497.103 -102267.103
-47098.453 -13068.453
No Collision
No Collision
No Collision
1116074.298 1224522.298
No Collision
No Collision
-11807.856 -27355.856
No Collision
38493.986 116436.986
-56259.582 44086.418
No Collision
24815.021 46767.021
No Collision
No Collision
-285837.518 -217887.518
No Collision
No Collision
No Collision
76045.033 55668.033
261823.075 309817.075
472553.873 567133.873
-72784.751 -46318.751
No Collision
23818.205 -59211.795
40634.904 -2736.096
-36426.487 -53099.487
No Collision
No Collision
No Collision
No Collision
No Collision
-179250.248 -73206.248
-44078.221 -82267.221
-235483.316 -281458.316
No Collision
58661.414 9498.414
No Collision
-54931.356 -43606.356
-23833.986 6861.014
No Collision
No Collision
No Collision
No Collision
-73667.168 -40464.168
No Collision
No Collision
104918.207 87721.207
-100929.413 -87292.413
2778908.942 2704409.942
No Collision
No Collision
No Collision
No Collision
No Collision
No Collision
-3609.200 -25747.200
-4447178.839 -4409796.839
-26319.401 16487.599
54759.847 12323.847
186769.231 249771.231
No Collision
No Collision
32921.311 -53044.689
65194.956 -47207.044
-5706.663 136287.337
No Collision
No Collision
-90573.655 9717.345
No Collision
-178887.479 -260650.479
-363224.396 -471631.396
No Collision
No Collision
215623.665 148617.665
No Collision
65101.790 69699.790
No Collision
327203.232 364189.232
29805.978 131728.978
No Collision
-54570.542 -64128.542
No Collision
355093.901 255611.901
No Collision
No Collision
No Collision
-24815.567 -41776.567
No Collision
No Collision
-884941.087 -760603.087
-706280.514 -845868.514
No Collision
-25884.629 56464.371
104493.905 14330.905
No Collision
-22874.973 -53886.973
218643.259 62944.259
-90285.462 -194502.462
No Collision
163198.231 217932.231
No Collision
No Collision
No Collision
No Collision
No Collision
No Collision
No Collision
71269.489 67631.489
No Collision
No Collision
No Collision
No Collision
-44802.045 37522.955
52546.318 79192.318
-281299.658 -174673.658
No Collision
No Collision
54538.444 115166.444
No Collision
No Collision
No Collision
No Collision
25289.023 -26475.977
No Collision
134965.635 38197.635
No Collision
No Collision
-192606.864 -70708.864
37474.857 31138.857
84036.360 7156.360
No Collision
No Collision
115848.098 180844.098
42676.157 -35350.843
No Collision
No Collision
24196.422 -78504.578
165615.433 35409.433
16614.483 -19299.517
83772.398 108426.398
-678186.438 -591226.438
No Collision
No Collision
42274.287 -44767.713
No Collision
No Collision
No Collision
-115052.158 -187576.158
83445.766 21272.766
No Collision
81439.064 89097.064
No Collision
-29893.360 -55044.360
No Collision
721140.728 821791.728
No Collision
No Collision
9641427.059 9758950.059
No Collision
No Collision
No Collision
-58918.190 20104.810
No Collision
No Collision
No Collision
190906.846 75935.846
-68876.168 31966.832
-101868.335 -11782.335
-81959.199 -23950.199
-284315.408 -403065.408
No Collision
No Collision
185991.748 317430.748
226272.907 358294.907
No Collision
No Collision
No Collision
No Collision
No Collision
45050.358 52151.358
6329.194 -120005.806
No Collision
59501.035 86214.035
111553.573 69270.573
141610.809 189020.809
No Collision
No Collision
60700.891 1272.891
No Collision
430311.162 388379.162
No Collision
-19742.516 -32779.516
No Collision
No Collision
-38410.507 -168821.507
38492.247 7132.247
No Collision
-55350.668 -87283.668
-1804010618.333 -1803962298.333
-260830.388 -157373.388
71258.824 33894.824
-179763.121 -20083.121
No Collision
-25024.321 10099.679
No Collision
No Collision
-16682214.745 -16631867.745
No Collision
No Collision
No Collision
-134167.600 -45626.600
No Collision
-133932.924 -41582.924
No Collision
No Collision
No Collision
No Collision
-82556.914 5453.086
-255937.590 -432670.590
No Collision
44065.792 70248.792
No Collision
No Collision
No Collision
No Collision
-678989.498 -519616.498
No Collision
-49927.105 1691.895
No Collision
No Collision
No Collision
No Collision
No Collision
No Collision
No Collision
No Collision
124161.049 19391.049
-3663633.947 -3761231.947
No Collision
No Collision
22691.027 -14345.973
No Collision
21515.143 99379.143
9611.434 27836.434
No Collision
224737.758 259365.758
No Collision
No Collision
20727.514 686.514
No Collision
8291.610 43009.610
178238.284 229899.284
No Collision
No Collision
No Collision
No Collision
No Collision
No Collision
29360.838 42235.838
257452.195 322942.195
No Collision
-274623.256 -320796.256
No Collision
-23733.481 65181.519
2082114.596 2091320.596
No Collision
557136.677 576879.677
No Collision
No Collision
No Collision
150758.683 15514.683
No Collision
No Collision
170034.222 34619.222
No Collision
No Collision
180669.939 134386.939
258449.216 345570.216
No Collision
No Collision
No Collision
No Collision
No Collision
-101992.676 -123903.676
216491.185 68317.185
No Collision
No Collision
506564.361 427103.361
68459.070 32507.070
843.809 85920.809
-34557.453 -126318.453
No Collision
83908.645 -11105.355
No Collision
-464296.737 -294522.737
-73497.371 -41442.371
No Collision
No Collision
15880.680 -99341.320
No Collision
No Collision
12105812.448 12087343.448
No Collision
No Collision
14708.020 78062.020
-66732.605 19427.395
No Collision
-18563.911 72937.089
No Collision
No Collision
-234835.854 -328393.854
No Collision
-19938.900 -55150.900
No Collision
-201175.254 -310785.254
-23720.864 14786.136
No Collision
-355647.846 -201289.846
No Collision
-53302.583 20598.417
No Collision
800704.094 746842.094
No Collision
88211.680 16463.680
2161117.285 2051587.285
-100109.674 -59809.674
No Collision
-422112.792 -463826.792
-74002.433 -73654.433
-24596.925 14707.075
47619.227 30821.227
-10364960.189 -10182796.189
No Collision
No Collision
No Collision
No Collision
-47482.738 -9600.738
No Collision
-77108.819 -53026.819
-211423.693 -102386.693
-104671.424 -16859.424
119781.634 39290.634
No Collision
No Collision
No Collision
-193248.991 -226401.991
No Collision
-10354264.008 -10411796.008
No Collision
-10973.840 -26950.840
185761.431 85033.431
No Collision
25700.770 28170.770
No Collision
No Collision
18284.471 -68412.529
42555.354 53837.354
No Collision
-76492.852 -71720.852
No Collision
No Collision
-54362.243 108591.757
No Collision
No Collision
No Collision
No Collision
No Collision
415848.515 339224.515
47346.888 -48635.112
21141.903 112806.903
166498.684 103847.684
No Collision
-183081.329 -16902.329
No Collision
91656.406 71682.406
No Collision
No Collision
-78342.785 -106458.785
No Collision
-109150.655 -60144.655
No Collision
No Collision
No Collision
-25377.774 -67459.774
No Collision
No Collision
67356.969 -1530.031
No Collision
No Collision
-4639175.627 -4583327.627
-95334.184 -84669.184
-21472.456 38847.544
-38428.054 -75405.054
No Collision
-1253426.646 -1204951.646
No Collision
101185.490 120815.490
77809.626 145705.626
No Collision
No Collision
69074.738 90342.738
73052.206 -70423.794
-268886.748 -327531.748
-79309.987 -81034.987
No Collision
No Collision
9518.077 55553.077
525692.268 606062.268
9667.821 27992.821
No Collision
-145294.905 -165988.905
No Collision
No Collision
109435.344 170670.344
-27353.035 111650.965
No Collision
No Collision
-29903200.139 -29957855.139
No Collision
16611.286 -1098.714
-135184.570 -146713.570
-44462.509 -36059.509
No Collision
No Collision
3989741.459 4139471.459
-571098.698 -717267.698
No Collision
50820.587 -55050.413
-13022.937 11430.063
No Collision
-57495.014 -49891.014
No Collision
-14214.926 -8215.926
-10715.374 -5781.374
-38825.696 46031.304
No Collision
No Collision
-63817.574 -84305.574
No Collision
90666.956 -26793.044
No Collision
170318.173 128872.173
-19038.582 97726.418
-49077.386 -38575.386
388028.982 504086.982
-285054.937 -137950.937
50189.777 174618.777
-446907.447 -251411.447
No Collision
No Collision
172583.368 223688.368
No Collision
-551821.981 -479900.981
-951932.954 -1102884.954
No Collision
-13754.177 -14598.177
-20245.333 -14185.333
6675.560 53281.560
No Collision
No Collision
482818.496 383739.496
-53374.885 -126008.885
72072.309 -75284.691
No Collision
-85395.724 -93460.724
-162296.237 -50363.237
No Collision
1392911.427 1534032.427
No Collision
No Collision
75348.379 104309.379
-82342.935 -138734.935
102616.930 116018.930
-4989.837 46208.163
15132.938 20411.938
50809.943 -29432.057
No Collision
-35423.637 -22942.637
No Collision
No Collision
20444.061 -48668.939
No Collision
No Collision
No Collision
No Collision
-92298.710 -98862.710
No Collision
86662.467 -58779.533
No Collision
4377818.574 4415640.574
No Collision
No Collision
No Collision
135888.393 2562.393
468429.666 534688.666
-64490.415 -23304.415
19998760.929 19923864.929
224136.038 265954.038
95785.172 68698.172
No Collision
No Collision
167297.435 -11721.565
No Collision
-194831.451 -128012.451
-1358769.697 -1180877.697
102252.138 36299.138
No Collision
No Collision
-393235.396 -311308.396
No Collision
No Collision
77287.320 47165.320
No Collision
42432.976 23446.976
No Collision
No Collision
No Collision
-1082381.680 -931928.680
-209676.185 -187120.185
101532.222 133344.222
-125813.681 -106942.681
-1660752.567 -1716342.567
163631.194 219471.194
No Collision
-811068.512 -804950.512
-36160.174 -77491.174
No Collision
10405.655 -70657.345
44236.367 8322.367
-124765.569 -110528.569
No Collision
No Collision
7923898.857 7826693.857
-30405.360 -47063.360
47259.824 -100280.176
639942.368 587841.368
No Collision
114813.184 67460.184
-92580.692 -128303.692
7730.159 9193.159
220173.659 149485.659
No Collision
71761.201 95069.201
No Collision
No Collision
No Collision
-82936.634 811.366
No Collision
No Collision
86386.976 2759.976
No Collision
3835.438 76561.438
23411.652 19181.652
-122382.396 -45571.396
No Collision
-25040.693 -34483.693
-102205.790 -74102.790
No Collision
No Collision
75575.893 11875.893
No Collision
100042.006 -14003.994
No Collision
19346.532 135831.532
No Collision
No Collision
No Collision
No Collision
No Collision
44550468.446 44454883.446
503980.681 566804.681
-146321.888 -272150.888
67278.017 153444.017
No Collision
181768.185 96241.185
No Collision
-137723.764 -67573.764
No Collision
97866.604 73935.604
42087.945 100377.945
No Collision
No Collision
No Collision
203273.110 179806.110
No Collision
No Collision
571467.577 599619.577
28171.180 -87677.820
-2046.682 32778.318
No Collision
37800.238 63624.238
No Collision
-192158.687 -291026.687
-39170.860 -72366.860
2272.597 -20584.403
36506.884 -768.116
No Collision
No Collision
9430.251 64597.251
458698.064 324162.064
No Collision
No Collision
10280461.313 10140662.313
No Collision
No Collision
38868.230 18324.230
4738.634 15011.634
No Collision
No Collision
-779790.948 -929101.948
-248179.387 -291147.387
No Collision
No Collision
No Collision
No Collision
20592.588 -39526.412
No Collision
No Collision
No Collision
10726.661 32798.661
-516834.621 -370972.621
-181080.746 -153170.746
783949.217 964215.217
No Collision
No Collision
No Collision
45114.522 182685.522
-54384.412 45733.588
No Collision
No Collision
-18004.993 56529.007
-37023.289 -22732.289
No Collision
34754334.502 34581897.502
57738.132 48441.132
8456.119 -28803.881
No Collision
-37028.201 19712.799
No Collision
No Collision
268230.645 188671.645
56665.133 112635.133
-12972.046 -14464.046
-7467812.911 -7566256.911
-18510.749 -32988.749
58114.533 -21463.467
No Collision
-176781.670 -260198.670
No Collision
-85477.150 -20990.150
No Collision
No Collision
-72118.122 -7411.122
No Collision
No Collision
-214392.499 -228102.499
-84453.365 -20418.365
No Collision
10663.343 15318.343
170639.698 96152.698
160473.237 -29494.763
No Collision
-114774.590 -237197.590
15508.910 -43862.090
No Collision
No Collision
No Collision
No Collision
No Collision
-238076.424 -250908.424
No Collision
-13404.019 -22482.019
No Collision
No Collision
-21980.625 -86399.625
-162253.976 31508.024
12625.748 96064.748
31295.701 30465.701
No Collision
26512.528 8440.528
-46812.031 -72564.031
No Collision
No Collision
-40130.941 -69582.941
-443767.678 -289815.678
122620.797 252716.797
No Collision
No Collision
No Collision
No Collision
-53941400.516 -53793438.516
59702.677 71454.677
-60072.426 -214504.426
No Collision
No Collision
-42170.735 -7408.735
319424.411 358924.411
No Collision
No Collision
42002.480 -3649.520
No Collision
-41458.605 -35121.605
14192188.402 14279377.402
17144.778 -130434.222
No Collision
-65371.339 -157436.339
No Collision
No Collision
No Collision
No Collision
No Collision
-29761.694 -155076.694
33730.488 24690.488
91709.783 55990.783
No Collision
-1492.577 -1368.577
-1282854.627 -1183005.627
No Collision
No Collision
-43797.286 -13933.286
29258.289 19815.289
No Collision
No Collision
No Collision
-32766.121 47776.879
-444444.057 -332487.057
78564.475 -28506.525
-65476.916 68926.084
-97093.924 61845.076
No Collision
-13438169.141 -13358234.141
No Collision
No Collision
-1042362.940 -1170250.940
-19819.771 -93404.771
No Collision
-285049.518 -339067.518
No Collision
127716.937 12222.937
No Collision
30725.486 -81978.514
-66903.798 -74334.798
No Collision
No Collision
-145758.737 -116722.737
38184.525 1410.525
139076.358 40728.358
No Collision
No Collision
-65484.232 -66609.232
No Collision
-3559.660 12669.340
No Collision
No Collision
No Collision
No Collision
No Collision
-1649724.166 -1539517.166
-14749.557 12169.443
-382202.676 -266389.676
-30336.209 77484.791
No Collision
6867.494 -21583.506
No Collision
65507.724 69607.724
No Collision
No Collision
35535.857 -83723.143
No Collision
No Collision
-776657.774 -924765.774
No Collision
284882.021 153346.021
No Collision
-234075.011 -98849.011
-153552.974 -135474.974
1650925.291 1783153.291
56454.573 33253.573
-225740.451 -314134.451
-188266.330 -135958.330
-1479462.254 -1407699.254
-27637.126 6796.874
No Collision
No Collision
No Collision
No Collision
No Collision
22707.459 43094.459
11573.314 -21798.686
No Collision
43460.734 62310.734
79106.413 79506.413
No Collision
-82416.584 -30129.584
No Collision
No Collision
No Collision
145877.741 87714.741
-305797.568 -452100.568
No Collision
61008.171 150514.171
No Collision
No Collision
No Collision
-78559.301 86197.699
39506.757 59311.757
-83350.435 -60735.435
85818.217 -19306.783
No Collision
No Collision
No Collision
-23440.487 86332.513
166216.833 148728.833
No Collision
No Collision
No Collision
37744.375 -22553.625
-803433.706 -873232.706
No Collision
No Collision
-29984.543 -30467.543
No Collision
281207.303 389295.303
No Collision
No Collision
98716.412 -9609.588
-111453.582 -70493.582
No Collision
No Collision
No Collision
No Collision
294359.393 220722.393
No Collision
No Collision
No Collision
61191.639 25883.639
No Collision
No Collision
No Collision
-20932.079 41125.921
No Collision
73940.872 144010.872
448200.729 617210.729
65665.284 -59170.716
No Collision
-121922.753 -181556.753
No Collision
No Collision
No Collision
No Collision
-20830.703 -21541.703
203629.013 71792.013
No Collision
No Collision
-188512.621 -66592.621
No Collision
No Collision
No Collision
605835.230 678005.230
140773.012 91155.012
No Collision
-4822.344 269.656
No Collision
No Collision
26847.634 35462.634
No Collision
No Collision
No Collision
-31096.275 -41902.275
No Collision
8783.222 17952.222
52244.676 -17708.324
No Collision
32667.532 110385.532
76288.787 44302.787
No Collision
No Collision
No Collision
No Collision
84006.654 42436.654
208899.264 345555.264
-5804.064 12084.936
-27917.438 -9910.438
No Collision
-90594.043 3704.957
No Collision
No Collision
63261.116 68668.116
No Collision
-521544.055 -597816.055
-55370.053 -18453.053
No Collision
No Collision
96692.693 -19954.307
No Collision
No Collision
86119.502 57481.502
No Collision
237370.735 88174.735
No Collision
-844036.253 -706246.253
21072.587 -91559.413
No Collision
-326526.573 -243371.573
No Collision
No Collision
225951.170 85046.170
-68462.606 3184.394
No Collision
No Collision
No Collision
394396.521 404675.521
No Collision
-14967.407 -25018.407
No Collision
No Collision
470535.674 315647.674
-250491.564 -332393.564
177998.751 249326.751
No Collision
-311633.855 -350995.855
No Collision
No Collision
No Collision
No Collision
14546.364 -12566.636
No Collision
No Collision
245200.726 145340.726
9204.080 33401.080
No Collision
No Collision
No Collision
No Collision
No Collision
244132.520 300639.520
179824.333 217444.333
No Collision
No Collision
-42111.295 -16052.295
No Collision
No Collision
No Collision
No Collision
-243177.847 -133516.847
No Collision
-74815.763 -90851.763
-65189.232 -43503.232
-18159.188 -94962.188
No Collision
-14428.191 59295.809
No Collision
58280.411 35969.411
No Collision
No Collision
No Collision
286860.552 261769.552
-144606.224 -219133.224
No Collision
No Collision
-22240.248 51856.752
-137651.321 -96548.321
16790.647 86566.647
34676.070 -30785.930
44697.156 207756.156
428752.855 472343.855
No Collision
-4820528.723 -4772296.723
-48487.731 -7114.731
156877.115 279080.115
-6418604.281 -6437518.281
No Collision
No Collision
133726.508 26604.508
25117.141 -71803.859
105570.169 176124.169
19248.108 -73236.892
84809.867 67482.867
138707.393 77264.393
No Collision
-7892.247 -18484.247
448922.883 570876.883
No Collision
No Collision
No Collision
No Collision
No Collision
-24352.640 -42183.640
-56275.271 -192984.271
No Collision
No Collision
77297.833 -28707.167
82155.648 -16324.352
No Collision
20193.099 1943.099
No Collision
No Collision
No Collision
No Collision
No Collision
126708.574 308629.574
No Collision
-80588.630 -35734.630
No Collision
-104443.800 -117144.800
534761.425 592214.425
No Collision
3241.980 13474.980
77084.337 70024.337
-126748.321 -105930.321
No Collision
-57224.326 -15430.326
No Collision
-1547.500 23957.500
-157680.577 -237628.577
No Collision
-118815.142 -12765.142
No Collision
No Collision
-126304.416 -73170.416
No Collision
-100731.857 -45971.857
No Collision
No Collision
-76283.033 -13919.033
-92111.430 -153335.430
271333.816 200140.816
23652.617 -2953.383
No Collision
No Collision
No Collision
-107938.495 -174456.495
No Collision
26840.550 67058.550
16785.343 -62604.657
65755.280 87890.280
No Collision
No Collision
45635.925 -26231.075
No Collision
90327.764 -13170.236
No Collision
-35137.361 -51210.361
812.910 39872.910
No Collision
No Collision
-129353.136 7933.864
-12943.648 -11697.648
No Collision
No Collision
184418.360 209714.360
-79207.030 12596.970
No Collision
No Collision
No Collision
-16387.081 64759.919
-62600.164 -40172.164
-65407.252 -137212.252
No Collision
No Collision
-392000.455 -533640.455
No Collision
33751.660 72010.660
-10636.884 -21551.884
No Collision
-367424.152 -440900.152
No Collision
62391.542 -20765.458
-98653.826 45501.174
No Collision
336136.732 508977.732
No Collision
28581.208 51420.208
2021.139 36431.139
No Collision
No Collision
234099.635 117896.635
-407045.589 -257761.589
No Collision
No Collision
249485.414 85752.414
No Collision
No Collision
No Collision
No Collision
No Collision
-280677.341 -141249.341
-78020.086 -144194.086
No Collision
No Collision
No Collision
-40835.891 38882.109
No Collision
-34178.467 -99255.467
2380.329 101179.329
-188261.203 -64841.203
No Collision
77521.069 93561.069
No Collision
No Collision
-13030.120 -3881.120
-57975.409 -102138.409
No Collision
No Collision
No Collision
No Collision
1384538.575 1496410.575
-114108.905 -207004.905
390737.334 302656.334
136872.092 29687.092
No Collision
No Collision
-72511.958 43031.042
66285.203 99309.203
-8452.130 -44671.130
37884.937 4490.937
No Collision
-1480659.000 -1380643.000
-39613.870 -86461.870
No Collision
No Collision
89381.223 74720.223
No Collision
26305.960 -5920.040
No Collision
No Collision
-349650.208 -201507.208
-3815.366 -64900.366
-28236.879 -64367.879
-6472.899 70343.101
38009.062 135269.062
-1735353.287 -1586438.287
54593.686 47149.686
No Collision
No Collision
No Collision
-19108.036 22497.964
17130.584 47745.584
No Collision
No Collision
No Collision
No Collision
16789.086 31682.086
No Collision
-29557.405 -8478.405
No Collision
62202.685 39486.685
No Collision
No Collision
77798.930 80020.930
-481116.505 -387652.505
No Collision
-8531.431 21870.569
-194412.573 -110242.573
-90752.430 44044.570
525906.146 642560.146
No Collision
74606.123 48542.123
-111023.541 -60867.541
-100799.868 61963.132
36944.909 16219.909
-91759.811 11816.189
No Collision
No Collision
-83754.455 -94164.455
21977.128 49374.128
No Collision
No Collision
No Collision
No Collision
No Collision
-58357.495 92915.505
No Collision
No Collision
No Collision
-342987.773 -379888.773
No Collision
No Collision
No Collision
-3562667.868 -3624005.868
-3747.324 136035.676
-80337.583 -16787.583
-57536.449 -40987.449
441499.150 344078.150
3023.977 86486.977
No Collision
No Collision
65927.789 78076.789
13192.772 57224.772
No Collision
-764963.020 -627214.020
-54935.649 -40170.649
65095.840 110990.840
22513.108 37197.108
-134390.908 -226323.908
71396.719 62990.719
No Collision
No Collision
5400673.594 5470168.594
-33172.935 -128255.935
-103916.593 -89559.593
No Collision
No Collision
No Collision
-7287.022 -128794.022
No Collision
63738.596 -17820.404
-5817.772 106522.228
No Collision
-88154.135 -99144.135
No Collision
No Collision
399376.008 284903.008
No Collision
-74391.173 -42742.173
1062076.709 888542.709
No Collision
No Collision
-15385924.007 -15527679.007
No Collision
No Collision
No Collision
-548503.920 -566250.920
No Collision
No Collision
No Collision
-158088.281 -86395.281
636110.715 762504.715
-182749.175 -131151.175
No Collision
No Collision
No Collision
-535945.280 -649681.280
167020.781 86952.781
65297.297 83901.297
No Collision
No Collision
No Collision
14049.866 139332.866
No Collision
1658749.504 1719560.504
-181044.436 -218849.436
17517.380 41755.380
No Collision
43037.349 -33854.651
-14213.639 -90203.639
35028.921 78099.921
No Collision
No Collision
No Collision
No Collision
No Collision
28879.861 84882.861
No Collision
No Collision
-88242.563 -84529.563
3932.159 -20167.841
43029.843 68658.843
No Collision
19105.417 86088.417
-322121.434 -188954.434
No Collision
No Collision
No Collision
No Collision
No Collision
No Collision
-15728.488 -63093.488
219235.560 112684.560
No Collision
-25443.012 24394.988
No Collision
-104433.471 -149974.471
No Collision
No Collision
-72701.620 -74778.620
-53573.805 -97098.805
-986971.604 -808407.604
2801799.748 2904144.748
No Collision
No Collision
No Collision
187358.074 48680.074
No Collision
No Collision
-150924.729 -81887.729
-177862.447 -3964.447
46950.806 44424.806
No Collision
No Collision
-14093.517 -31593.517
No Collision
No Collision
-122251.832 -225092.832
No Collision
-4103.951 5544.049
No Collision
No Collision
-50212.031 103387.969
No Collision
-38101.249 122033.751
-39947.360 -45604.360
No Collision
22680.366 -1489.634
No Collision
No Collision
No Collision
No Collision
-150796.242 -168824.242
23204.047 -43357.953
No Collision
No Collision
No Collision
125598.872 -11426.128
No Collision
No Collision
214067.806 162782.806
No Collision
-61461.518 -69687.518
104315.892 35829.892
No Collision
-106074.293 -18309.293
No Collision
No Collision
943083.837 877434.837
-187941.368 -311841.368
No Collision
-40839.711 -118909.711
No Collision
-108765.884 -57214.884
104623.945 47123.945
111257.692 142712.692
No Collision
No Collision
No Collision
No Collision
No Collision
-5995.724 -23845.724
No Collision
83432.188 -40552.812
322094.393 360060.393
No Collision
No Collision
12824.621 -75419.379
No Collision
No Collision
106089.159 66180.159
462246.448 385476.448
-80563.473 -69001.473
No Collision
27152.793 -78987.207
No Collision
No Collision
28599.175 174718.175
25566.303 101334.303
No Collision
No Collision
No Collision
-91390.796 73648.204
No Collision
No Collision
-1221.420 -188503.420
No Collision
No Collision
No Collision
-28195.265 63459.735
66973.958 82144.958
38518.174 1101.174
No Collision
No Collision
No Collision
-49085.593 -75566.593
-99365.764 -76563.764
8585.591 -11146.409
No Collision
No Collision
No Collision
52965.688 82935.688
10918.191 67299.191
-95972.728 -9658.728
-2427503.299 -2275319.299
26859.374 78240.374
No Collision
-1092129.638 -1061398.638
-126238.463 -67051.463
13090.518 -122175.482
No Collision
233875.011 93878.011
No Collision
-306209.422 -484400.422
No Collision
No Collision
-94052.975 -36882.975
No Collision
No Collision
-78790.821 -109011.821
No Collision
No Collision
No Collision
No Collision
No Collision
No Collision
26106.274 19709.274
No Collision
-755856.573 -871915.573
-224168.417 -134522.417
-177491.370 -247688.370
-208120.813 -125186.813
No Collision
No Collision
No Collision
6798243.176 6684651.176
-502337.758 -611042.758
1856839.780 1796492.780
11829.762 34979.762
No Collision
No Collision
No Collision
-59005.172 -2359.172
No Collision
No Collision
No Collision
No Collision
No Collision
-41800.491 52236.509
-24409.673 -1034.673
No Collision
6943.763 -81518.237
No Collision
846219.482 895593.482
3495.775 39304.775
No Collision
121438.212 53493.212
89688.370 -47318.630
No Collision
No Collision
No Collision
No Collision
-139036.248 -151667.248
-194714.908 -141838.908
No Collision
No Collision
No Collision
No Collision
No Collision
No Collision
127568.374 214272.374
No Collision
No Collision
196456.527 159890.527
-100675.615 -64266.615
No Collision
No Collision
No Collision
No Collision
87040.523 -29964.477
No Collision
-324958.319 -193793.319
-58018.502 -18199.502
-48331.015 8876.985
5156.669 -11727.331
No Collision
-219282.045 -155218.045
No Collision
85406.841 71352.841
No Collision
No Collision
No Collision
No Collision
No Collision
33389.951 60647.951
No Collision
2867319.333 2911111.333
No Collision
No Collision
No Collision
-21682.283 -30241.283
No Collision
36613.807 6569.807
-113203.069 -14414.069
No Collision
No Collision
No Collision
-21677.598 81166.402
11232.132 25415.132
No Collision
16219314.227 16125035.227
No Collision
No Collision
36785.004 14310.004
303244.802 253472.802
No Collision
18268.679 -5762.321
77806.359 67159.359
No Collision
No Collision
-39857.547 -27558.547
-94195.001 -35537.001
-13211.706 39200.294
No Collision
No Collision
No Collision
No Collision
93852.219 8995.219
21006.885 -32993.115
-53870.285 -50176.285
No Collision
No Collision
No Collision
No Collision
-86059.663 57658.337
-2036.344 13434.656
-115069.181 -136765.181
No Collision
No Collision
154701.631 25759.631
No Collision
49142.251 72121.251
-89639.859 -76574.859
No Collision
No Collision
-484762.329 -376560.329
No Collision
-13166.387 49374.613
61.589 28967.589
64992.964 35380.964
-41708.851 -28795.851
No Collision
No Collision
No Collision
No Collision
263572.581 335765.581
No Collision
-51009.183 88944.817
No Collision
No Collision
No Collision
89691.324 72587.324
49044.701 28320.701
No Collision
No Collision
No Collision
No Collision
6806.231 112258.231
806366.885 859566.885
1173002.769 1094947.769
15210.568 90605.568
No Collision
No Collision
95134.442 -61824.558
No Collision
-1924382.413 -1900190.413
63090.032 15049.032
No Collision
-20027.642 -126102.642
398957.161 325440.161
No Collision
No Collision
No Collision
13215.225 -40782.775
-13520.152 -34679.152
No Collision
-71086.477 -111699.477
No Collision
-1070711.955 -1009273.955
59705.437 -25628.563
-70595.288 -122318.288
1656.440 25618.440
No Collision
56711.527 54231.527
No Collision
No Collision
No Collision
-165807.368 -120292.368
-112154.548 -232231.548
-185092.332 -89307.332
No Collision
No Collision
-11218473.217 -11121840.217
No Collision
No Collision
No Collision
No Collision
No Collision
No Collision
No Collision
No Collision
-5295.275 -45942.275
165031.091 38131.091
87170.882 81029.882
No Collision
No Collision
No Collision
No Collision
766546.473 878172.473
28512.776 55481.776
-28431.161 60583.839
No Collision
No Collision
No Collision
No Collision
38688.212 14504.212
No Collision
No Collision
-505372.928 -310880.928
No Collision
No Collision
-290149.673 -157692.673
No Collision
39851.504 71166.504
No Collision
112574.532 104037.532
-56630.224 -130077.224
No Collision
No Collision
35171.295 54965.295
-37883.755 45763.245
-81674.508 16865.492
No Collision
No Collision
No Collision
No Collision
No Collision
49724.688 -57836.312
No Collision
No Collision
31795.936 87693.936
159049.679 61229.679
No Collision
121517.256 2911.256
-643283.209 -543937.209
No Collision
-61489.699 -30687.699
No Collision
No Collision
65669.696 -50411.304
No Collision
No Collision
No Collision
-103652.897 -477.897
1782.156 -26067.844
No Collision
183823.921 197701.921
-85956.737 -72728.737
No Collision
-45806.185 -39043.185
No Collision
-50812.383 -4761.383
No Collision
-485082.993 -415790.993
No Collision
No Collision
No Collision
No Collision
No Collision
No Collision
10009.098 -60367.902
65441.834 14759.834
No Collision
-46752.103 52531.897
No Collision
No Collision
No Collision
-37881.322 -8128.322
No Collision
-83855.525 -91335.525
-114456.323 13389.677
-155535.869 -42391.869
36064.147 -47326.853
No Collision
No Collision
No Collision
-1816435.877 -1875545.877
9427.946 -1983.054
90652.954 67493.954
No Collision
-52268.539 4850.461
-1192579.825 -1098675.825
55780.560 -64634.440
2430.612 74672.612
116026.911 154095.911
-110654.612 -85884.612
No Collision
No Collision
-455.312 -18647.312
103331.720 167938.720
-464264.121 -385969.121
281957.309 119596.309
No Collision
No Collision
No Collision
182126.387 152737.387
-51367.699 -12858.699
6102.549 -82927.451
-29061.028 -36156.028
No Collision
136360.453 47616.453
6846.030 22527.030
90484.591 62403.591
-6593.445 -59868.445
No Collision
-21247.807 5448.193
No Collision
No Collision
-238014.526 -115128.526
No Collision
-31976.788 -19712.788
No Collision
-45446.113 -104952.113
29462.712 -63361.288
159703.722 194234.722
No Collision
-25819.997 -29918.997
No Collision
No Collision
No Collision
64072.646 76581.646
-65288.489 -33362.489
No Collision
123629.172 32683.172
-104419.616 -88188.616
No Collision
No Collision
No Collision
-229297.362 -205473.362
45426932.512 45322368.512
No Collision
35132.534 73477.534
27575.225 28310.225
-31895.089 -48742.089
109872.417 47683.417
-164912.847 -195583.847
-4668645.223 -4630320.223
1926207.509 1791163.509
No Collision
60573.457 59576.457
845843.824 1024705.824
No Collision
No Collision
No Collision
No Collision
133210.502 -8653.498
No Collision
-20112.854 -44368.854
No Collision
No Collision
No Collision
No Collision
2663.662 -11001.338
No Collision
No Collision
No Collision
No Collision
No Collision
No Collision
No Collision
-16514.953 -37350.953
No Collision
-130816.532 11197.468
-690466.862 -592721.862
-24496.438 -34031.438
346451.436 303963.436
234845.120 104820.120
No Collision
42620.863 -16145.137
209026.634 230758.634
No Collision
No Collision
No Collision
52386.516 -2269.484
49838.133 20160.133
-45567.639 -183332.639
-30225.320 -70102.320
No Collision
No Collision
-76506.392 -117884.392
49736.641 64039.641
-70162.032 -131134.032
48128.853 148601.853
No Collision
No Collision
-764634.496 -901049.496
82763.434 78049.434
31781.665 -55884.335
No Collision
126290.162 202533.162
-33589.619 -19991.619
-381941.672 -407591.672
-33914.270 -12431.270
No Collision
No Collision
No Collision
No Collision
No Collision
135537.454 239685.454
-113764.769 -16235.769
No Collision
15363.556 -66431.444
No Collision
No Collision
24557.603 80080.603
130649.193 143053.193
-23884.212 67969.788
78836.585 136828.585
No Collision
No Collision
No Collision
No Collision
No Collision
-48520.922 84366.078
No Collision
No Collision
No Collision
83018.341 -4346.659
648587.040 511496.040
No Collision
No Collision
-93230.724 -80081.724
-62984.601 -8581.601
No Collision
No Collision
-158691.509 31249.491
3055113.172 3233920.172
-57283.293 -94687.293
No Collision
86297.801 -48267.199
No Collision
No Collision
7258.057 53551.057
-2435315.186 -2321725.186
-61252.387 -24565.387
-119541.383 62561.617
No Collision
No Collision
No Collision
252960.073 304924.073
-63983.531 -55162.531
32407.159 -38771.841
No Collision
71772.600 7480.600
No Collision
No Collision
-105929.171 -11515.171
10171.584 -28789.416
-66562.171 -53482.171
No Collision
No Collision
126121.227 -4631.773
No Collision
16102.537 74731.537
No Collision
-32736.395 -19598.395
-18665.616 948.384
-596108.264 -775252.264
No Collision
No Collision
2366641.590 2512561.590
-82253.336 4321.664
No Collision
-77123.622 19786.378
No Collision
No Collision
-78060.639 80207.361
No Collision
No Collision
No Collision
62827.796 -44136.204
-1045564.338 -1085740.338
No Collision
No Collision
-20517.913 99061.087
-205767.869 -178562.869
No Collision
No Collision
No Collision
34346.280 -6700.720
1982.819 49817.819
-167047.780 -126424.780
-49379.702 47609.298
No Collision
No Collision
No Collision
-24269.494 41295.506
86281.254 88920.254
No Collision
249607.208 219676.208
No Collision
No Collision
No Collision
-60816.766 -73346.766
No Collision
-809203.961 -773054.961
No Collision
No Collision
-2248813.844 -2161278.844
79465.546 -32691.454
45570.276 48310.276
75546.235 25371.235
No Collision
No Collision
-49129.273 103274.727
71218.680 116293.680
325703.888 244264.888
No Collision
No Collision
-2029.773 56879.227
No Collision
1979506.583 2063263.583
No Collision
-4244.329 82668.671
No Collision
-56066.422 -57143.422
-51709.455 -138415.455
No Collision
No Collision
No Collision
No Collision
No Collision
No Collision
-125543.709 -224993.709
158409.465 83367.465
-3067.106 -29190.106
No Collision
No Collision
28958.339 49169.339
-42873.792 -75484.792
No Collision
15317.978 -29870.022
68816.523 97301.523
No Collision
-16147.752 30225.248
No Collision
No Collision
36294.507 -112540.493
20075.878 -56546.122
-616601.262 -503101.262
No Collision
No Collision
-62266.267 -154766.267
20401.462 29943.462
No Collision
-752722.874 -876061.874
No Collision
-136481.191 -211970.191
No Collision
-171369.446 -122352.446
No Collision
No Collision
-57141.339 -57732.339
-25688.348 73120.652
120298.580 92302.580
No Collision
No Collision
-52306.930 115739.070
-552354.303 -587592.303
57676.191 -75346.809
-33282.883 -11315.883
No Collision
-107002.768 -22007.768
No Collision
No Collision
-152683084.349 -152820709.349
No Collision
-22431.344 62620.656
No Collision
No Collision
No Collision
-1607278.611 -1561866.611
No Collision
-49437.295 -10141.295
71882.938 107789.938
191338.238 154952.238
No Collision
-2081.558 90287.442
87277.744 29067.744
-23791.787 -75742.787
No Collision
1373084.398 1207254.398
-1720619.761 -1798940.761
16291.317 28538.317
-221591.210 -403624.210
No Collision
No Collision
-81282.146 -140237.146
-42453.576 -46277.576
-290527.031 -369171.031
No Collision
-331520.844 -455498.844
13096.522 10230.522
183530.585 281643.585
No Collision
No Collision
-225314.386 -132209.386
No Collision
No Collision
No Collision
-668469.347 -612801.347
No Collision
No Collision
-109985.329 2339.671
No Collision
173470.744 284649.744
69502.013 -33322.987
No Collision
-107897.016 8731.984
No Collision
No Collision
30654.754 68550.754
-38450.715 14387.285
No Collision
No Collision
37500.752 39690.752
No Collision
1607570.240 1529506.240
-25140.509 8986.491
-487479.494 -528035.494
No Collision
51376.956 21918.956
No Collision
138894.747 167167.747
No Collision
No Collision
19657.421 -2604.579
-79794.339 -184367.339
No Collision
85242.528 61435.528
No Collision
-379.192 -85641.192
No Collision
23022.113 -65110.887
21045.995 48636.995
No Collision
No Collision
-77006.473 -53536.473
11277.323 26872.323
112601.374 22966.374
No Collision
-23235.214 -92409.214
No Collision
No Collision
No Collision
No Collision
No Collision
485772.437 409074.437
No Collision
No Collision
No Collision
No Collision
No Collision
-24350.440 8524.560
29701.279 119519.279
470093.968 587024.968
No Collision
-207340.115 -285982.115
No Collision
143268.919 102258.919
No Collision
No Collision
No Collision
614970.768 445345.768
No Collision
1031307.772 996270.772
-51933.193 -31528.193
No Collision
-35083.191 54679.809
No Collision
No Collision
50428.007 -41317.993
55486.353 44251.353
No Collision
No Collision
27272.097 108810.097
No Collision
-542384.883 -415272.883
57788.235 39218.235
No Collision
-656313.502 -563403.502
208559.996 270701.996
No Collision
No Collision
-91884.856 -68731.856
No Collision
71286.203 75081.203
-55169.978 -88906.978
11517.487 53149.487
3241138.490 3198348.490
4289.217 43882.217
39201.648 196203.648
No Collision
-42360.300 36172.700
No Collision
No Collision
No Collision
-17491.428 -68148.428
55634.708 715.708
No Collision
No Collision
No Collision
No Collision
No Collision
No Collision
106343.154 30618.154
No Collision
19221.412 8383.412
No Collision
No Collision
No Collision
14402.416 -85087.584
No Collision
-526364.410 -639305.410
26104.968 26470.968
-4935.302 -110131.302
42999.337 -13874.663
15858.887 112173.887
5325.596 -27158.404
-44418.304 -173579.304
357127.298 258262.298
66183.270 114395.270
No Collision
78719.723 100718.723
No Collision
No Collision
1073781.033 1161385.033
-58807.390 -70210.390
-439795.632 -601553.632
No Collision
No Collision
No Collision
90423.254 106786.254
153113.181 97045.181
No Collision
No Collision
-410947.430 -322850.430
No Collision
42567.427 -71661.573
No Collision
108677.670 143621.670
44365.977 28049.977
No Collision
-41187.067 -85866.067
No Collision
No Collision
No Collision
No Collision
No Collision
68582.457 85750.457
No Collision
87647.494 -3672.506
-109623.848 -33757.848
60226.613 46571.613
No Collision
13094.118 -9301.882
No Collision
No Collision
No Collision
13620.893 31539.893
No Collision
No Collision
98337.047 38721.047
No Collision
15560.784 55680.784
-20488.190 -124510.190
-4747275.326 -4677992.326
-35551.758 -86134.758
-78687.311 -45477.311
No Collision
No Collision
No Collision
No Collision
174235.651 139006.651
-7821953.013 -7666736.013
No Collision
18080.583 -7100.417
No Collision
115391.532 35811.532
No Collision
257119.009 208153.009
-105841.423 -129365.423
No Collision
No Collision
-15530.043 -28481.043
-31923.463 11726.537
No Collision
-416995.246 -272143.246
No Collision
-58693.028 -55624.028
-96382.199 -36308.199
-32404663.332 -32495853.332
No Collision
-475834.348 -659545.348
No Collision
No Collision
No Collision
94966.305 90192.305
No Collision
5470.873 -102466.127
No Collision
-48480.960 -51645.960
9261.708 96215.708
2725394.753 2631050.753
-8178180.023 -8246747.023
No Collision
-517720.352 -425513.352
-187046.557 -197374.557
No Collision
-47036.093 -31773.093
-128078.106 -17465.106
73788.114 55378.114
11828.693 38586.693
No Collision
-25566.572 100556.428
No Collision
No Collision
No Collision
No Collision
41318.455 138705.455
-289786.754 -172339.754
No Collision
-11330.728 55771.272
No Collision
59718.066 44379.066
No Collision
No Collision
301606.019 254679.019
No Collision
No Collision
No Collision
-261611.106 -110714.106
No Collision
No Collision
90220.621 -20840.379
No Collision
No Collision
1991952.673 2015020.673
244882.627 152150.627
56469.876 32896.876
48083.772 72066.772
243445.929 109344.929
No Collision
No Collision
No Collision
No Collision
-55041.966 -15680.966
No Collision
No Collision
No Collision
-69618.037 -83912.037
No Collision
No Collision
No Collision
-1455842.484 -1552791.484
25685.939 111730.939
No Collision
-111229.576 -190274.576
No Collision
13186.124 -29525.876
No Collision
211181.498 98291.498
No Collision
-71760.267 -132316.267
No Collision
154289.070 -19916.930
126869.962 -40629.038
-20177.611 74959.389
12039.193 27549.193
No Collision
-49842.160 -17124.160
No Collision
No Collision
No Collision
-36988.677 -22919.677
No Collision
No Collision
25018.979 61663.979
No Collision
No Collision
No Collision
No Collision
4263.420 65600.420
-236034.957 -185406.957
No Collision
29571.401 102837.401
No Collision
No Collision
No Collision
508001.808 424801.808
No Collision
-10709.382 -36644.382
-73852.011 63968.989
No Collision
No Collision
-277129.646 -215205.646
-4636199.087 -4520586.087
27375.887 56362.887
-36107.737 -50874.737
-225018.685 -305082.685
973612.185 1009346.185
No Collision
No Collision
No Collision
No Collision
-66627.922 -49923.922
No Collision
No Collision
-119229.696 -59384.696
No Collision
-179128.827 -94772.827
-92822.832 -218603.832
No Collision
No Collision
No Collision
No Collision
143736.676 228024.676
No Collision
60701.234 103098.234
21070.343 7246.343
No Collision
No Collision
41327.730 198856.730
No Collision
134085.529 -191.471
No Collision
No Collision
-1323250.987 -1502945.987
No Collision
24506.301 39994.301
-22687.097 36664.903
-35635.494 -36674.494
No Collision
No Collision
-306571.711 -251903.711
-36958481.433 -36895340.433
53960.474 59271.474
167221.013 105160.013
No Collision
-108352.620 -155977.620
No Collision
No Collision
-210366.374 -319138.374
300338.725 359893.725
No Collision
No Collision
128859.876 84131.876
248935.246 90129.246
115569.396 64209.396
No Collision
1365814.613 1510371.613
-116530.901 43959.099
51259.947 8139.947
2875284.149 2901809.149
No Collision
-2012571.695 -1953658.695
36399.688 19280.688
No Collision
-417063.285 -501883.285
No Collision
No Collision
10107.950 43192.950
No Collision
14291.278 27356.278
375329.959 464199.959
No Collision
No Collision
-177068.609 -104008.609
No Collision
No Collision
No Collision
No Collision
-103407.647 -47426.647
No Collision
18577.680 91138.680
No Collision
25230.067 23520.067
-113977.801 -22358.801
205986.958 124706.958
75130.595 180521.595
No Collision
No Collision
-1146823.180 -1199231.180
No Collision
100289.722 208494.722
109709.904 606.904
No Collision
-5818.901 -2389.901
32770.513 -4191.487
111137.182 -31305.818
No Collision
-162311.655 -131179.655
85977.736 156296.736
No Collision
No Collision
No Collision
No Collision
-61824.909 -22236.909
No Collision
33039.323 -55416.677
No Collision
No Collision
-30584706.417 -30478024.417
727.700 17081.700
63160.034 60682.034
No Collision
No Collision
No Collision
No Collision
-17204.664 -197105.664
No Collision
No Collision
No Collision
-41185.364 13833.636
No Collision
No Collision
No Collision
No Collision
No Collision
32154.287 48863.287
No Collision
No Collision
2060.281 -44832.719
No Collision
No Collision
-36566.542 -55827.542
No Collision
195630.373 249498.373
109197.025 53709.025
